@Tussenvoegsel=(
de,
da,
le,
la,
de la,
das,
dos,
dall,
degli,
dei,
del,
dell,
della,
di,
lo,
af,
av,
aan,
bij,
het,
onder,
op,
uit,
uijt,
van,
ver,
von,
voor,
ul,
ur,
aan de,
aan den,
aan der,
aan het,
bij de,
bij den,
bij het,
in de,
in den,
in der,
in het,
onder de,
onder den,
onder het,
op de,
op den,
op der,
op het
op ten,
uit de,
uit den,
uit het,
uijt de,
uijt den,
uijt het,
uijt ten,
van de,
van den,
van der,
van het,
van ter,
vande,
vanden,
vander,
vanhet,
vanter,
voor de,
voor den,
de\ la,
auf\ der,
aus\ der,
von\ und\ zu,
zum\ et\ zur,
aan\ de,
aan\ den,
aan\ der,
aan\ het,
bij\ de,
bij\ den,
bij\ het,
in\ de,
in\ den,
in\ der,
in\ het,
onder\ de,
onder\ den,
onder\ het,
op\ de,
op\ den,
op\ der,
op\ het
op\ ten,
uit\ de,
uit\ den,
uit\ het,
uijt\ de,
uijt\ den,
uijt\ het,
uijt\ ten,
van\ de,
van\ den,
van\ der,
van\ het,
van\ ter,
voor\ de,
voor\ den,
$magic
)
