@arretsBus=(
CE_N_EST_PAS_UN_ARRET,
Aeroport d'Orly-Terminal Sud,
Camille Groult,
Carnot,
Caroline Aigle,
Centre Bus de Vitry,
Charles Infroit,
Cimetiere Parisien - Place du General de Gaulle,
Cimetiere Paysager,
Cite Jardins,
Coeur d'Orly,
Constant Coquelin,
Docteur Roux,
Fer à Cheval,
Hangar N 6,
Hotel de Ville de Vitry,
Jean Mermoz,
La Briqueterie,
La Civette,
Lamartine,
Les Platrieres,
Les Saules Rer,
Mairie d'Orly,
Malassis,
Marcel Cachin - Voie des Saules,
Musee Mac-Val,
Orly Pont de Rungis,
Parc Melies,
Parmentier,
Porte de Choisy,
Robert Peary,
Rouget de Lisle,
Thiais Pont de Rungis,
Trois Communes,
Verdun - Chateaudun,
Verdun - Hoche,
Waldeck Rousseau
)
