@City=(
Acatepec,
Aleksandrovac,
Almere,
Altamira,
Antara,
Anza,
Arbil,
Ashoknagar,
Ashta
Badi,
Bagram,
Bailundo,
Beja,
Berovo,
Bistrita,
Bogra,
Bunol,
Bou\ Haroun,
Buenaventura,
Ceasarea,
Camelot,
Caribs,
Celopek,
Charleroi,
Chavakachcheri,
Chesterfield,
Colchester,
Constanza,
Dewas,
Doboj,
Dahshur,
Doetinchem,
Dunedin,
Edgbaston,
Fairmont,
Foindu,
Freiburg,
Hub,
Gadoon,
Glenwood,
Golan,
Gorleben,
Gouda,
Haarlem,
Grozny,
Hakkari,
Heerenveen,
Heidrun,
Hove,
Hunter,
Indore,
Ingolstadt,
Inia,
Inverness,
Keirin,
Lattakia,
Lausanne,
Leicester,
Leveilly,
Liechenstein,
Longchamp,
Mandsaur,
Manpourdit,
Mhow,
Mohali,
Morinville,
Muenster,
Muzaffarabad,
Nagyatad,
Nalkhera,
Neemuch,
Newbury,
Newmarket,
Nhamavila,
Northampton,
Omari,
Orvieto,
Osnabrueck,
Pandania,
Pendleton,
Pesalai,
Pierina,
Pontefract,
Rameswaram,
Ransart,
Ratlam,
Ravi,
Riviera,
Saarbruecken,
Sakai,
Salamanca,
Saarbruecken,
Sakai,
Spitzbergen,
Srinagar,
Swerford,
Taibe,
Telfer,
Topolcany,
Trinidad,
Tartous,
Vavuniya,
Venray,
Volendam,
Waterville,
Weston,
Wimbleton,
Worcester,
Yingkou,
Yosu,
Zadar,
Zevenaar,
Zvornik,
ACATEPEC,
ALEKSANDROVAC,
ALMERE,
ALTAMIRA,
ANTARA,
ANZA,
ARBIL,
ASHOKNAGAR,
ASHTA
BADI,
BAGRAM,
BAILUNDO,
BEJA,
BEROVO,
BISTRITA,
BOGRA,
BUNOL,
BOU\ HAROUN,
BUENAVENTURA,
CEASAREA,
CAMELOT,
CARIBS,
CELOPEK,
CHARLEROI,
CHAVAKACHCHERI,
CHESTERFIELD,
COLCHESTER,
CONSTANZA,
DEWAS,
DOBOJ,
DAHSHUR,
DOETINCHEM,
DUNEDIN,
EDGBASTON,
FAIRMONT,
FOINDU,
FREIBURG,
HUB,
GADOON,
GLENWOOD,
GOLAN,
GORLEBEN,
GOUDA,
HAARLEM,
GROZNY,
HAKKARI,
HEERENVEEN,
HEIDRUN,
HOVE,
HUNTER,
INDORE,
INGOLSTADT,
INIA,
INVERNESS,
Aaccra,
Aalborg,
Aarhus,
Ababa,
Abadan,
Abakan,
Aberdeen,
Abha,
Abidjan,
Abilene,
Abu,
Abuja,
Acapulco,
Acarigua,
Acatepec,
Accra,
Adana,
Addis\ Ababa,
Addlestone,
Adelaide,
Aden,
Adler,
Agadir,
Aguascalientes,
Ahmedabad,
Aires,
Aix-En-Provence,
Aix-Les-Bains,
Ajaccio,
Ajijic,
Akiachak,
Akiak,
Akita,
Akron,
Aktau,
Aktyubinsk,
Al-Baha,
Albany,
Albertville,
Albuquerque,
Aleandria,
Aleandroupolis,
Alexandroupolis,
Alencon,
Aleppo,
Ales,
Alexandrie,
Al-Fujairah,
Alger,
Algesiras,
Algiers,
Alicante,
Allahabad,
Allakaket,
Allentown,
Alma-Ata,
Almaty,
AlmatyAmiens,
Alofi,
Altona,
Altoona,
Amarillo,
Amchitka,
Amman,
Amritsar,
Amsterdam,
Anchorage,
Ancona,
Andahuaylas,
Andorra,
Anfa,
Angeles,
Angers,
Angouleme,
Anguilla,
Aniak,
Ankang,
Ankara,
Annaba,
Annapolis,
Annecy,
Antalya,
Antananarivo,
Antannanarivo,
Antigua,
Antigua-Et-Anvers,
Antofagasta,
Antwerp,
Antwerpen,
Anvik,
Aomori,
Apia,
Appleton,
Aqaba,
Arcachon,
Arcata,
Arecibo,
Arequipa,
Argentia,
Arica,
Arkhangelsk,
Arlanda,
Aruba,
Asahikawa,
Ascension,
Asheville,
Ashgabat,
Ashkhabad,
Asmara,
Astrakhan,
Astrurias,
Asuncion,
Asunción,
Aswan,
Athenes,
Athens,
Atlanta,
Atmautluak,
Atyrau,
Aubervillers,
Auckland,
Augusta,
Aurora,
Austin,
Auteuil,
Autrans,
Auvillar,
Avarua,
Avignon,
Aviv,
Avoriaz,
Ayacucho,
Baghdad,
Bahrain,
Bahrein,
Bakersfield,
Baku,
Balboa,
Balmaceda,
Baltimore,
Bamako,
Bandar,
Baneasa,
Bangalore,
Bangkok,
Bangor,
Bangui,
Banjul,
Banzart,
Baotou,
Barbados,
Barcelona,
Barcelone,
Bardufoss,
Barentsburg,
Bari,
Barinas,
Barletta,
Barnes,
Barquisimeto,
Barranquilla,
Barrow,
Barrow-In-Furness,
Basle,
Basra,
Basseterre,
Basse-Terre,
Bastia,
Bayonne,
Bayonnne,
Beaumont,
Beauvais,
Beaver,
Begawan,
Beijing,
Beira,
Beirut,
Bel-Air,
Belem,
Belfast,
Belfort,
Belgrade,
Belize,
Bellingham,
Belmopan,
Benghazi,
Bergen,
Bergerac,
Berkeley,
Berlin,
Bermuda,
Bern,
Berne,
Besancon,
Bethel,
Bethlehem,
Bettels,
Bettles,
Beyrouth,
Biak,
Biarritz,
Bilbao,
Billings,
Billund,
Biloxi,
Binghamton,
Bintulu,
Birmingham,
Bishkek,
Bismarck,
Bissau,
Bitche,
Blagnac,
Blanding,
Blantyre,
Blantyre-Limbe,
Bloemfontein,
BloisBogota,
Bloomington,
Blyth,
Bodo,
Bogota,
Boise,
Bologna,
Bologne,
Bombay,
Bonaire,
Bonn,
Bordeaux,
Borispol,
Boston,
Boulder,
Boulogne,
Bournemouth,
Bozeman,
Bradenton,
Bradford,
Brainerd,
Brake,
Brasilia,
Bratislava,
Bratsk,
Brazzaville,
Bremen,
Bremerhaven,
Bremerton,
Brest,
Bridgeport,
Bridgetown,
Brindisi,
Brisbane,
Bristol,
Bromma,
Brooklyn,
Brownsville,
Brugge,
Brunswick,
Brussels,
Bruxelles,
Bruz,
Buarest,
Bucaramanga,
Bucarest,
Bucharest,
Bucknall,
Budapest,
Buenos,
Buenos\ Aires,
Buffalo,
Bujumbura,
Bulawayo,
Burbank,
Burkina-Caen,
Burlington,
Burnsall,
Busan,
Bushehr,
Butte,
Cadiz,
Caire,
Cairns,
Cairo,
Cajamarca,
Calais,
Calama,
Calcutta,
Calgary,
Cali,
Calicut,
Calikyitsik,
Calumet,
Calvi,
Cambridge,
Camden,
Camembert,
Campana,
Canaima,
Canaport,
Canberra,
Cancun,
Canet,
Cannes,
Canton,
Cap-,
Caracas,
Cardif,
Cardiff,
Carlisle,
Carlsbad,
Carnac,
Cartagena,
Cartagene,
Carthage,
Carupano,
Casablanca,
Casper,
Castries,
Catania,
Cayenne,
Cebu,
Cergy,
Ceuta,
Chachapoyas,
Chalons-Sur-Saone,
Chambery,
Chamonix,
Champaign,
Champigny,
Chandigarh,
Changchun,
Changsha,
Chantilly,
Charleston,
Charlestown,
Charleville-Mezieres,
Charlotte,
Chartres,
Chateau-Thierry,
Chattanooga,
Chavanod,
Chavenay,
Chefornak,
Cheju,
Chengdu,
Chennai,
Cherbourg,
Chester,
Chetumal,
Chevak,
Cheyenne,
Chi,
Chiang,
Chicago,
Chiclayo,
Chico,
Chignik,
Chihuahua,
Chisinau,
Chiswick,
Chita,
Chitose,
Chittagong,
Chongqing,
Christchurch,
Chuathbaluk,
Cienfuegos,
Cincinnati,
Civitavecchia,
Cladisvostok,
Clampino,
Clermont-Ferrand,
Cleveland,
Clichy,
Cobh,
Cochabamba,
Cochin,
Colima,
Colmar,
Cologne,
Colombo,
Columbia,
Columbus,
Columbuss,
Conakry,
Concepcion,
Concord,
Congonhas,
Constantine,
Copenhage,
Copenhagen,
Copenhague,
Copiapo,
Cordova,
Corinth,
Cork,
Coro,
Cotonou,
Courchevel,
Coyhaique,
Cozumel,
Cracovie,
Creston,
Cristobal,
Cuenca,
Cuiaba,
Culebra,
Culiacan,
Cumana,
Curacao,
Curitiba,
Cusco,
Cuxhaven,
Dakar,
Dalaman,
Dalian,
Dallas,
DALLAS,
Damas,
Damascus,
Damietta,
Danbury,
Danville,
Dar,
Dar-Es-Salaam,
Darnetal,
Darwin,
Davao,
Dawson,
Dayton,
DAYTON,
Deadhorse,
Deauville,
Decatur,
Deering,
Delhi,
Delta,
Denpasar,
Denver,
DENVER,
Destin,
Detroit,
DETROIT,
Détroit,
Dhabi,
Dhahran,
Dhaka,
Dieppe,
Dijon,
Dili,
Dillingham,
Djakarta,
Djerba,
Djibouti,
Doha,
Dohuk,
Domingo,
Domingue,
Domodedovo,
Dordrecht,
Dothan,
Douala,
Dover,
Dresden,
Dubai,
Dublin,
Dubrovnik,
Dudinka,
Duluth,
Dundee,
Dunkerque,
Durango,
Durban,
Durham,
Durres,
Dushanbe,
Dusseldorf,
Düsseldorf,
Ealing,
Edinburgh,
Edison,
Edmonton,
Egegik,
Eindhoven,
Ekaterinburg,
Elat,
Elbeuf,
Elko,
Elmira,
Ely,
Embarkadero,
Emden,
Emirats,
Enschede,
Ensenada,
Ercan,
Erfurt,
Erie,
Eros,
Esbjerg,
Esenboga,
Essendon,
Eugene,
Eureka,
Europoort,
Evansville,
Evenes,
Evian,
Evreux,
Evry,
Exeter,
Fagall'l,
Fairbanks,
Falkirk,
Falmouth,
Fargo,
Faro,
Fawley,
Fayetteville,
Fecamp,
Felletin,
Ferte-Bernard,
Fez,
Fillmore,
Findlay,
Fiumicino,
Flagstaff,
Flint,
Florence,
Flores,
Fontainebleau,
Fornebu,
Fortaleza,
Fort-de-France,
Framingham,
Francfort,
Frankfort,
Frankfurt,
Fransisco,
Fredericton,
Freeport,
Freetown,
Fremantle,
Fresno,
Friedrichshasen,
Frunze,
Fukuoka,
Fukuyama,
Funafuti,
Funchal,
Fuzhou,
Gaborone,
Gainsville,
Galena,
Galveston,
Gamagori,
Gardermoen,
Garoua,
Gary,
Gassim,
Gauhati,
Gayaquil,
Gdansk,
Gdynia,
Geelong,
Geisum,
Gemena,
Geneva,
Geneve,
Genoa,
Genova,
Georgetown,
Ghardaia,
Glasgow,
Glendale,
Goa,
Godthab,
Golovim,
Goma,
Goodnews,
Goroka,
Goslar,
Goteborg,
Göteborg,
Gothenburg,
Grande-,
Grasse,
Grayling,
Graz,
Greenock,
Greensboro,
Greenville,
Grenada,
Grenoble,
Grimsby,
Groningen,
Groton,
Groznyy,
Guadalajara,
Guam,
Guangzhou,
Guatemala,
Guayaquil,
Guernsey,
Guilin,
Guiyang,
Gulfport,
Gulkana,
Gunnison,
Hagen,
Hague,
Haikou,
Hail,
Haines,
Hakata,
Hakodate,
Halifax,
Halsingborg,
Hambourg,
Hamburg,
Hamilton,
Haneda,
Hangzhou,
Hanko,
Hanley,
Hanoi,
Hanover,
Harare,
Harbin,
Harburg,
Harlingen,
Harlow,
Harrisburg,
Harrogate,
Hartford,
Hastings,
Haugesund,
Havana,
Havane,
Havre,
Haye,
Hayward,
Headingley,
Hebron,
Hefei,
Heidelberg,
Helena,
Helsingborg,
Helsinki,
Heraklion,
Hermosillo,
Hewanorra,
Hibbing,
Hilo,
Hiroshima,
Ho,
Hobart,
Hoboken,
Hohhot,
Hollywood,
Homer,
HongHongkong,
Honiara,
Honolulu,
Hoolehua,
Hoorn,
Hoskins,
Houston,
Huangpu,
Huatulco,
Hull,
Humberside,
Hunterston,
Huntington,
Huntsville,
Huslia,
Hvalfjordur,
Hyannis,
Hyderabad,
Hyeres,
Igarka,
Ile,
Iliamna,
Immingham,
Inchon,
Indianapolis,
Innsbruck,
Intercontinental,
Inuvik,
Ipoh,
Iqaluit,
Iquique,
Iraklion,
Irvine,
Irving,
Isfahan,
Isiro,
Islamabad,
Issy-Les-Moulineaux,
Istanbul,
Itami,
Ithaca,
Iwakuni,
Ixtapa,
Izhevsk,
Izmir,
Jackson,
Jacksonville,
Jaipur,
Jakarta,
Janeiro,
Janesville,
Jarnac,
Jeddah,
Jersey,
Jerusalem,
Jinan,
Johannesburg,
Jonkoping,
Jose,
Jouy-En-Josas,
Juan,
Juanjui,
Juba,
Jubail,
Juliaca,
Juneau,
Kabul,
Kaduna,
Kagoshima,
Kahului,
Kakogawa,
Kaktovik,
Kalamazoo,
Kaliningrad,
Kalispell,
Kalskag,
Kaltag,
Kampala,
Kanab,
Kanakanak,
Kananga,
Kandahar,
Kano,
Kaohsiung,
Karachi,
Karaganda,
Karsto,
Karup,
Kasigluk,
Kasko,
Kathmandou,
Kathmandu,
Katunan,
Kawasaki,
Kelang,
Kenai,
Kerman,
Ketchikan,
Khabarovsk,
Khartoum,
Khorramshahr,
Kiel,
Kiev,
Kigali,
Kikwit,
Kilburn,
Kilimanjaro,
Killeen,
Kimberley,
Kindu,
Kingston,
Kingstown,
Kinshasa,
Kipnuk,
Kiruna,
Kisangani,
Kisarazu,
Kishinev,
Kivalina,
Kkuujjuaq,
Klagentfurt,
Klaipeda,
Knoxville,
Kobe,
Kobenhavn,
Kochi,
Kodiak,
Kokruagarok,
Kolonia,
Komatsu,
Kona,
Kongiganak,
Koror,
Kosrae,
Kotka,
Kotzebue,
Koweit,
Koyukuk,
Krakow,
Krasnojarsk,
Kristiansand,
Kristinestad,
Kuala,
Kuching,
Kumamoto,
Kunming,
Kuopio,
Kure,
Kushikino,
Kushiro,
Kuujjuarapik,
Kuwait,
Kwajalien,
Kwangju,
Kwethluk,
Kwigillingok,
Kyzyl,
Kzyl-Orda,
Labuan,
Lafayette,
Lagos,
Lahore,
LahoreLancon,
Lancaster,
Langkawi,
Lannion,
Lansing,
Lanzhou,
Laredo,
Larnaca,
Latouche,
Launceston,
Laval,
Lawrence,
Lawton,
Lebanon,
Leeds,
Leinster,
Leipzig,
Leith,
Leningrad,
Lerwick,
Lethbridge,
Lexington,
Lhasa,
Libourne,
Libreville,
Lido,
Liepaja,
Lihue,
Lille,
LilleLima,
Lilongwe,
Lima,
Limerick,
Limoges,
Linate,
Lincoln,
Linz,
Lisboa,
Lisbon,
Lisbonne,
Liverpool,
Livingstone,
Livorno,
Ljubljana,
Lloydminster,
Lome,
London,
Londres,
Longview,
Longyearbyen,
Loreto,
Lorient,
Los\ Angeles,
Louis,
Louisville,
Lourdes,
Louviers,
Luanda,
Lubbock,
Lubeck,
Lubumbashi,
Lucknow,
Luda,
Lueneburg,
Lugano,
Lulea,
Lumpur,
Luneville,
Lusaka,
Luxembourg,
Luxor,
Lyon,
Maastricht,
Macclesfield,
Macon,
Madinah,
Madison,
Madras,
Madrid,
Magadan,
Magenta,
Mahe,
Maiduguri,
Maisons-Laffitte,
Maizuru,
Majuro,
Malabo,
Malaga,
Male,
Malindi,
Malmo,
Malpensa,
Malta,
Manado,
Managua,
Manama,
Manaus,
Manchester,
Manhattan,
Manila,
Manille,
Mans,
Manzanillo,
Maputo,
Maracaibo,
Margarita,
Maribor,
Marignane,
Marion,
Marmorilik,
Marquette,
Marrakech,
Marseille,
Marshall,
Mascate,
Maseru,
Mashad,
Matadi,
Matamoros,
Matsuyama,
Maturin,
Mauritius,
Mayaguez,
Mazatlan,
Mbabane,
Mbandaka,
Mbuji-Mayi,
McAllen,
McGrath,
Mecca,
Medan,
Medellin,
Medford,
Meekatharra,
Mekoryuk,
Melbourne,
Melun,
Memphis,
Mendoza,
Merida,
Meriden,
Meridian,
Meshik,
Messina,
Metz,
Mexicali,
Mexico,
Meylan,
Miami,
Miami\ Beach,
Milan,
Milford,
Milwaukee,
Minatitlan,
Minh,
Minneapolis,
Minot,
Minsk,
Miquelon,
Miri,
Missoula,
Miyazaki,
Mizushima,
Mogadishu,
Moji,
Moline,
Molokai,
Mombasa,
Monaco,
Moncton,
Mongstad,
Monroe,
Monrovia,
Mont-De-Marsan,
Montego,
Monterrey,
Montervideo,
Montevideo,
Montgomery,
Monticello,
Montignac,
Montigny,
Montmorillon,
Montpelier,
Montpellier,
Montreal,
Mont-St-Michel,
Morelia,
Moresby,
Moroni,
Moscou,
Moscow,
Moskva,
Moutiers,
Mulhouse,
Mumbai,
Munich,
Munster,
Murmansk,
Muroran,
Muscat,
Muskegon,
Nadi,
Nagasaki,
Nagayeva,
Nagoya,
Nairobi,
Nanchang,
Nancy,
Nanisivik,
Nanjing,
Nanning,
Nantes,
Nantucket,
Nanyuan,
Napakiak,
Napaskiak,
Naples,
Napoli,
Narita,
Nashville,
Nassau,
Natal,
N'djamena,
N'Djamena,
Nemours,
Nemrut,
Nenana,
Newark,
Newburgh,
Newcastle,
Newhalen,
Newport,
Newtok,
New\ Delhi,
New\ Orleans,
New\ York,
Niamey,
NiameyNice,
Nice,
Nicosia,
NicosieNimes,
Nightmute,
Niigata,
Nijmegen,
Nimes,
Ningbo,
Niort,
Nis,
Nizhnevartovsk,
Nogales,
Nogent,
Nome,
Norfolk,
Norilsk,
Norrkoping,
Norwich,
Nottingham,
Nouakchott,
Noumea,
Novosibirsk,
Nuevitas,
Nuku'Alofa,
Nukus,
Nulato,
Nunapitchuk,
Nuremberg,
Nuuk,
Oakland,
Oaxaca,
Ockelbo,
Odessa,
Oita,
Okadama,
Okayama,
Okinawa,
Oldham,
Oliktok,
Olympia,
Omaha,
Omsk,
Ontario,
Oostende,
Oran,
Oranjestad,
Orlando,
Orleans,
Osaka,
Oshkosh,
Osijek,
Oslo,
Osorno,
Ostend,
Otaru,
Otopeni,
Ottawa,
Ouagadougou,
Ovda,
Oxford,
Oxnard,
Paitilla,
Palaiseau,
Palembang,
Palermo,
Palikir,
Palma,
Palmer,
Panama,
Panguitch,
Papeete,
Paphos,
Paramaribo,
Parempuyre,
Paris,
Parkersburg,
Parme,
Parthenay,
Pasajes,
Pascagoula,
Pasco,
Pau,
Paulo,
Paz,
Pecos,
Pekin,
Penang,
Penh,
Pensacola,
Peoria,
Pereira,
Perm,
Perpignan,
Perryville,
Perth,
Pescara,
Peshawar,
Petersburg,
Petropavlovsk,
Petropavlovsk-Kamchatsky,
Philadelphia,
Phnom,
Phoenix,
Phuket,
Pierre,
Pinang,
Piraievs,
Pisa,
Pittsburgh,
Piura,
Plata,
Platinum,
Plymouth,
Pocatello,
Pohnpei,
Pointe-à-Pitre,
Poitiers,
Polamar,
Ponce,
Pontiac,
Pontoise,
Pori,
Pornic,
Port-au-Prince,
Port-Au-Prince,
Port-Grimaud,
Portland,
Porto,
Port-of-Spain,
Porto-Novo,
Portsmouth,
Port-Vila,
Port-Villa,
Prague,
Praia,
Prestwick,
Pretoria,
Providence,
Providenciales,
Pucallpa,
Puebla,
Puerto,
Pusan,
Pyongyang,
Pyramiden,
Qingdao,
Quebec,
Quetta,
Quimper,
Quinhagak,
Quito,
Rabat,
Rabaul,
Raleigh,
Ramallah,
Ramstein,
Rangoon,
Ranton,
Rarotonga,
Rauma,
Recife,
Redding,
Redstone,
Regina,
Reims,
Rennes,
Reno,
Resolute,
Reunion,
Reykjavik,
Reze,
Richland,
Richmond,
Riga,
Rimini,
Rio,
Rioja,
Rio\ de\ Janeiro,
Riverhead,
Riyad,
Riyadh,
Roanne,
Roanoke,
Roatan,
Rochefort,
Rochelle,
Rochester,
Rockford,
Rodez,
Roma,
Rome,
Roosevelt,
Rosario,
Roseau,
Roskilde,
Rota,
Rotterdam,
Rouen,
Roussillon,
Ruby,
Saarbrucken,
Sacramento,
Safi,
Saganoseki,
Saginaw,
Saigon,
Saint-Etienne,
Saint-Jean,
Saint-Nazaire,
Saint-Omer,
Saint-Petersbourg,
Saint-Quentin,
Saint-Sauveur,
Saint-Sulpice,
Saint-Tropez,
Saipan,
Sal,
Salem,
Salon-De-Provence,
Saltillo,
Salvador,
Salzburg,
Samara,
Sanaa,
Sana'A,
Sandakan,
Santander,
Santiago,
Santo,
Santos,
Sanya,
Sanzibar,
San\ Francisco,
San\ Sebastian,
Sao,
Sapporo,
Sarajevo,
Sarasota,
Sasebo,
Saskatoon,
Sauveterre-De-Bearn,
Savannah,
Savona,
Scatsta,
Seattle,
Sedona,
Segrate,
Seldovia,
Seletar,
Sendai,
Seoul,
Seri,
Sevilla,
Seville,
Seward,
Shageluk,
Shanghai,
Shannon,
Shantou,
Sharjah,
Sheffield,
Shenyang,
Shenzhen,
Sheremetyevo,
Shibushi,
Shijiazhuang,
Shimizu,
Shimonoseki,
Shiraz,
Shishmaref,
Shreveport,
Sibenik,
Sibu,
Simferopol,
Singapore,
Singapour,
Siracusa,
Sitka,
Skagway,
Skopje,
Skulte,
Sleetmute,
Sochi,
Sofia,
Sokoto,
Soldotna,
Sonderborg,
Southampton,
Split,
Springfield,
Stanford,
Starkville,
Stavanger,
Stavenger,
Stockholm,
Stockport,
Stockton,
Stoke-on-Trent,
Storlien,
St-Petersburg,
St-Pierre,
Strasbourg,
Studstrup,
Stuttgart,
Sudbury,
Sukhumi,
Sumuburgh,
Sunderland,
Sundsvall,
Superior,
Surabaya,
Suva,
Swansea,
Swatow,
Sydney,
Syracuse,
Szczecin,
Tabriz,
Tabuk,
Tachibana,
Tacna,
Tacoma,
Taegu,
Tagonoura,
Tahkoluoto,
Taif,
Taipeh,
Tai-pei,
Taipei,
Taiyuan,
Takamatsu,
Takoradi,
Talara,
Talkeetna,
Tallahassee,
Tallinn,
Tamanrasset,
Tamiami,
Tampa,
Tampere,
Tampico,
Tanana,
Tananarive,
Tanger,
Tangier,
Tanjungpriok,
Tapis,
Tarabulus,
Taranto,
Tarapoto,
Tarawa,
Tarbes,
Tashkent,
Tawau,
Tazerka,
Tbilisi,
Teesport,
Teesside,
Tegel,
Tegucigalpa,
Teheran,
Tehran,
Teller,
Tempelhof,
Temuco,
Tenerife,
Tepic,
Terceira,
Terneuzen,
Terrace,
Texarkana,
Thann,
Thessaloniki,
Thessalonoki,
Thimphu,
Thonon,
Tianjin,
Tijuana,
Timisoara,
Tinee,
Tingwall,
Tinson,
Tirana,
Tirane,
Tobago,
Togiak,
Tokushimax,
Tokyo,
Toledo,
Tongatapu,
Tonnerre,
Topeka,
Toronto,
Torreon,
Tortola,
Tottori,
Toucy,
Toulon,
Toulouse,
Tours,
Toyama,
Trafford,
Trenton,
Tresco,
Treviso,
Trieste,
Trinite,
Tripoli,
Trivandrum,
Trombetas,
Tromso,
Trondheim,
Troyes,
Trujillo,
Truk,
Tucson,
Tulsa,
Tuluksak,
Tumbes,
Tunis,
Tunstall,
Tuntutuliak,
Tununak,
Turin,
Turku,
Tuscaloosa,
Tuzla,
Tyler,
Ube,
Ukiah,
Ulaanbaatar,
Ulan-Ude,
Umea,
Umiat,
Umkumiut,
Unalakleet,
Ungalik,
Uppsala,
Uralsk,
Urumqi,
Ussel,
Utopia,
Vaasa,
Vaduz,
Valdez,
Valdosta,
Valencia,
Valera,
Valladolid,
Vallarta,
Valletta,
Valparaiso,
Vancouver,
Vannes,
Varadero,
Varengeville,
Varsovie,
Vasteras,
Vatican,
Vaxjo,
Vegas,
Vejle,
Venetie,
Venice,
Venise,
Veracruz,
Vernal,
Verona,
Versailles,
Vichy,
Victoria,
Vienna,
Vienne,
Vientiane,
Vieques,
Vigo,
Villahermosa,
Villanueva,
Villefranche-Sur-Saone,
Villepreux,
Villeurbanne,
Vilnius,
Viracopos,
Viroflay,
Vishakhapatnam,
Vitrolles,
Vladivostok,
Vlissingen,
Vnukovo,
Voiron,
Voreppe,
Vyborg,
Wabush,
Waco,
Wainwright,
Wakamatsu,
Warsaw,
Washington,
Wausau,
Weisbaden,
Wellington,
Wells,
Wembley,
Wenatchee,
Wendover,
Westminster,
Wevok,
Whitehorse,
Whittier,
Wichita,
Wiesbaden,
Wilkes-Barre,
Willemstad,
Williamsburg,
Willow,
Wilmington,
Wilson,
Windhoek,
Windsor,
Winnipeg,
Winston-Salem,
Woolwich,
Wrangell,
Wuhan,
Xiamen,
Xian,
Yakima,
Yakutat,
Yakutsk,
Yamagata,
Yanan,
Yangon,
Yantai,
Yaounde,
Yaren,
Yellowknife,
Yerevan,
Yinchuang,
Yokkaichi,
Yokohama,
Yokosuka,
York,
Yuma,
Yurimaguas,
Yuzhno-Sakhalinsk,
Zacatecas,
Zagreb,
Zahedan,
Zaragoza,
Zeebrugge,
Zhanjiang,
Zhengzhou,
Zihuatanejo,
Zurich,
AACCRA,
AALBORG,
AARHUS,
ABABA,
ABADAN,
ABAKAN,
ABERDEEN,
ABHA,
ABIDJAN,
ABILENE,
ABU,
ABUJA,
ACAPULCO,
ACARIGUA,
ACCRA,
ADANA,
ADDIS\ ABABA,
ADDLESTONE,
ADELAIDE,
ADEN,
ADLER,
AGADIR,
AGUASCALIENTES,
AHMEDABAD,
AIRES,
AIX-EN-PROVENCE,
AIX-LES-BAINS,
AJACCIO,
AJIJIC,
AKIACHAK,
AKIAK,
AKITA,
AKRON,
AKTAU,
AKTYUBINSK,
AL-BAHA,
ALBANY,
ALBERTVILLE,
ALBUQUERQUE,
ALEANDRIA,
ALEANDROUPOLIS,
ALENCON,
ALEPPO,
ALES,
ALEXANDRIE,
ALEXANDROUPOLIS,
AL-FUJAIRAH,
ALGER,
ALGESIRAS,
ALGIERS,
ALICANTE,
ALLAHABAD,
ALLAKAKET,
ALLENTOWN,
ALMA-ATA,
ALMATY,
ALMATYAMIENS,
ALOFI,
ALTONA,
ALTOONA,
AMARILLO,
AMCHITKA,
AMMAN,
AMRITSAR,
AMSTERDAM,
ANCHORAGE,
ANCONA,
ANDAHUAYLAS,
ANDORRA,
ANFA,
ANGELES,
ANGERS,
ANGOULEME,
ANGUILLA,
ANIAK,
ANKANG,
ANKARA,
ANNABA,
ANNAPOLIS,
ANNECY,
ANTALYA,
ANTANANARIVO,
ANTANNANARIVO,
ANTIGUA,
ANTIGUA-ET-ANVERS,
ANTOFAGASTA,
ANTWERP,
ANTWERPEN,
ANVIK,
AOMORI,
APIA,
APPLETON,
AQABA,
ARCACHON,
ARCATA,
ARECIBO,
AREQUIPA,
ARGENTIA,
ARICA,
ARKHANGELSK,
ARLANDA,
ARUBA,
ASAHIKAWA,
ASCENSION,
ASHEVILLE,
ASHGABAT,
ASHKHABAD,
ASMARA,
ASTRAKHAN,
ASTRURIAS,
ASUNCION,
ASUNCIÓN,
ASWAN,
ATHENES,
ATHENS,
ATLANTA,
ATMAUTLUAK,
ATYRAU,
AUBERVILLERS,
AUCKLAND,
AUGUSTA,
AURORA,
AUSTIN,
AUTEUIL,
AUTRANS,
AUVILLAR,
AVARUA,
AVIGNON,
AVIV,
AVORIAZ,
AYACUCHO,
BAGHDAD,
BAHRAIN,
BAHREIN,
BAKERSFIELD,
BAKU,
BALBOA,
BALMACEDA,
BALTIMORE,
BAMAKO,
BANDAR,
BANEASA,
BANGALORE,
BANGKOK,
BANGOR,
BANGUI,
BANJUL,
BANZART,
BAOTOU,
BARBADOS,
BARCELONA,
BARCELONE,
BARDUFOSS,
BARENTSBURG,
BARI,
BARINAS,
BARLETTA,
BARNES,
BARQUISIMETO,
BARRANQUILLA,
BARROW,
BARROW-IN-FURNESS,
BASLE,
BASRA,
BASSETERRE,
BASSE-TERRE,
BASTIA,
BAYONNE,
BAYONNNE,
BEAUMONT,
BEAUVAIS,
BEAVER,
BEGAWAN,
BEIJING,
BEIRA,
BEIRUT,
BEL-AIR,
BELEM,
BELFAST,
BELFORT,
BELGRADE,
BELIZE,
BELLINGHAM,
BELMOPAN,
BENGHAZI,
BERGEN,
BERGERAC,
BERKELEY,
BERLIN,
BERMUDA,
BERN,
BERNE,
BESANCON,
BETHEL,
BETHLEHEM,
BETTELS,
BETTLES,
BEYROUTH,
BIAK,
BIARRITZ,
BILBAO,
BILLINGS,
BILLUND,
BILOXI,
BINGHAMTON,
BINTULU,
BIRMINGHAM,
BISHKEK,
BISMARCK,
BISSAU,
BITCHE,
BLAGNAC,
BLANDING,
BLANTYRE,
BLANTYRE-LIMBE,
BLOEMFONTEIN,
BLOISBOGOTA,
BLOOMINGTON,
BLYTH,
BODO,
BOGOTA,
BOISE,
BOLOGNA,
BOLOGNE,
BOMBAY,
BONAIRE,
BONN,
BORDEAUX,
BORISPOL,
BOSTON,
BOULDER,
BOULOGNE,
BOURNEMOUTH,
BOZEMAN,
BRADENTON,
BRADFORD,
BRAINERD,
BRAKE,
BRASILIA,
BRATISLAVA,
BRATSK,
BRAZZAVILLE,
BREMEN,
BREMERHAVEN,
BREMERTON,
BREST,
BRIDGEPORT,
BRIDGETOWN,
BRINDISI,
BRISBANE,
BRISTOL,
BROMMA,
BROOKLYN,
BROWNSVILLE,
BRUGGE,
BRUNSWICK,
BRUSSELS,
BRUXELLES,
BRUZ,
BUAREST,
BUCARAMANGA,
BUCAREST,
BUCHAREST,
BUCKNALL,
BUDAPEST,
BUENOS,
BUENOS\ AIRES,
BUFFALO,
BUJUMBURA,
BULAWAYO,
BURBANK,
BURKINA-CAEN,
BURLINGTON,
BURNSALL,
BUSAN,
BUSHEHR,
BUTTE,
CADIZ,
CAIRE,
CAIRNS,
CAIRO,
CAJAMARCA,
CALAIS,
CALAMA,
CALCUTTA,
CALGARY,
CALI,
CALICUT,
CALIKYITSIK,
CALUMET,
CALVI,
CAMBRIDGE,
CAMDEN,
CAMEMBERT,
CAMPANA,
CANAIMA,
CANAPORT,
CANBERRA,
CANCUN,
CANET,
CANNES,
CANTON,
CAP-,
CARACAS,
CARDIF,
CARDIFF,
CARLISLE,
CARLSBAD,
CARNAC,
CARTAGENA,
CARTAGENE,
CARTHAGE,
CARUPANO,
CASABLANCA,
CASPER,
CASTRIES,
CATANIA,
CAYENNE,
CEBU,
CERGY,
CEUTA,
CHACHAPOYAS,
CHALONS-SUR-SAONE,
CHAMBERY,
CHAMONIX,
CHAMPAIGN,
CHAMPIGNY,
CHANDIGARH,
CHANGCHUN,
CHANGSHA,
CHANTILLY,
CHARLESTON,
CHARLESTOWN,
CHARLEVILLE-MEZIERES,
CHARLOTTE,
CHARTRES,
CHATEAU-THIERRY,
CHATTANOOGA,
CHAVANOD,
CHAVENAY,
CHEFORNAK,
CHEJU,
CHENGDU,
CHENNAI,
CHERBOURG,
CHESTER,
CHETUMAL,
CHEVAK,
CHEYENNE,
CHI,
CHIANG,
CHICAGO,
CHICLAYO,
CHICO,
CHIGNIK,
CHIHUAHUA,
CHISINAU,
CHISWICK,
CHITA,
CHITOSE,
CHITTAGONG,
CHONGQING,
CHRISTCHURCH,
CHUATHBALUK,
CIENFUEGOS,
CINCINNATI,
CIVITAVECCHIA,
CLADISVOSTOK,
CLAMPINO,
CLERMONT-FERRAND,
CLEVELAND,
CLICHY,
COBH,
COCHABAMBA,
COCHIN,
COLIMA,
COLMAR,
COLOGNE,
COLOMBO,
COLUMBIA,
COLUMBUS,
COLUMBUSS,
CONAKRY,
CONCEPCION,
CONCORD,
CONGONHAS,
CONSTANTINE,
COPENHAGE,
COPENHAGEN,
COPENHAGUE,
COPIAPO,
CORDOVA,
CORINTH,
CORK,
CORO,
COTONOU,
COURCHEVEL,
COYHAIQUE,
COZUMEL,
CRACOVIE,
CRESTON,
CRISTOBAL,
CUENCA,
CUIABA,
CULEBRA,
CULIACAN,
CUMANA,
CURACAO,
CURITIBA,
CUSCO,
CUXHAVEN,
DAKAR,
DALAMAN,
DALIAN,
DALLAS,
DALLAS,
DAMAS,
DAMASCUS,
DAMIETTA,
DANBURY,
DANVILLE,
DAR,
DAR-ES-SALAAM,
DARNETAL,
DARWIN,
DAVAO,
DAWSON,
DAYTON,
DAYTON,
DEADHORSE,
DEAUVILLE,
DECATUR,
DEERING,
DELHI,
DELTA,
DENPASAR,
DENVER,
DENVER,
DESTIN,
DETROIT,
DETROIT,
DÉTROIT,
DHABI,
DHAHRAN,
DHAKA,
DIEPPE,
DIJON,
DILI,
DILLINGHAM,
DJAKARTA,
DJERBA,
DJIBOUTI,
DOHA,
DOMINGO,
DOMINGUE,
DOMODEDOVO,
DORDRECHT,
DOTHAN,
DOUALA,
DOVER,
DRESDEN,
DUBAI,
DUBLIN,
DUBROVNIK,
DUDINKA,
DULUTH,
DUNDEE,
DUNKERQUE,
DURANGO,
DURBAN,
DURHAM,
DURRES,
DUSHANBE,
DUSSELDORF,
DÜSSELDORF,
EALING,
EDINBURGH,
EDISON,
EDMONTON,
EGEGIK,
EINDHOVEN,
EKATERINBURG,
ELAT,
ELBEUF,
ELKO,
ELMIRA,
ELY,
EMBARKADERO,
EMDEN,
EMIRATS,
ENSCHEDE,
ENSENADA,
ERCAN,
ERFURT,
ERIE,
EROS,
ESBJERG,
ESENBOGA,
ESSENDON,
EUGENE,
EUREKA,
EUROPOORT,
EVANSVILLE,
EVENES,
EVIAN,
EVREUX,
EVRY,
EXETER,
FAGALL'L,
FAIRBANKS,
FALKIRK,
FALMOUTH,
FARGO,
FARO,
FAWLEY,
FAYETTEVILLE,
FECAMP,
FELLETIN,
FERTE-BERNARD,
FEZ,
FILLMORE,
FINDLAY,
FIUMICINO,
FLAGSTAFF,
FLINT,
FLORENCE,
FLORES,
FONTAINEBLEAU,
FORNEBU,
FORTALEZA,
FORT-DE-FRANCE,
FRAMINGHAM,
FRANCFORT,
FRANKFORT,
FRANKFURT,
FRANSISCO,
FREDERICTON,
FREEPORT,
FREETOWN,
FREMANTLE,
FRESNO,
FRIEDRICHSHASEN,
FRUNZE,
FUKUOKA,
FUKUYAMA,
FUNAFUTI,
FUNCHAL,
FUZHOU,
GABORONE,
GAINSVILLE,
GALENA,
GALVESTON,
GAMAGORI,
GARDERMOEN,
GAROUA,
GARY,
GASSIM,
GAUHATI,
GAYAQUIL,
GDANSK,
GDYNIA,
GEELONG,
GEISUM,
GEMENA,
GENEVA,
GENEVE,
GENOA,
GENOVA,
GEORGETOWN,
GHARDAIA,
GLASGOW,
GLENDALE,
GOA,
GODTHAB,
GOLOVIM,
GOMA,
GOODNEWS,
GOROKA,
GOSLAR,
GOTEBORG,
GÖTEBORG,
GOTHENBURG,
GRANDE-,
GRASSE,
GRAYLING,
GRAZ,
GREENOCK,
GREENSBORO,
GREENVILLE,
GRENADA,
GRENOBLE,
GRIMSBY,
GRONINGEN,
GROTON,
GROZNYY,
GUADALAJARA,
GUAM,
GUANGZHOU,
GUATEMALA,
GUAYAQUIL,
GUERNSEY,
GUILIN,
GUIYANG,
GULFPORT,
GULKANA,
GUNNISON,
HAGEN,
HAGUE,
HAIKOU,
HAIL,
HAINES,
HAKATA,
HAKODATE,
HALIFAX,
HALSINGBORG,
HAMBOURG,
HAMBURG,
HAMILTON,
HANEDA,
HANGZHOU,
HANKO,
HANLEY,
HANOI,
HANOVER,
HARARE,
HARBIN,
HARBURG,
HARLINGEN,
HARLOW,
HARRISBURG,
HARROGATE,
HARTFORD,
HASTINGS,
HAUGESUND,
HAVANA,
HAVANE,
HAVRE,
HAYE,
HAYWARD,
HEADINGLEY,
HEBRON,
HEFEI,
HEIDELBERG,
HELENA,
HELSINGBORG,
HELSINKI,
HERAKLION,
HERMOSILLO,
HEWANORRA,
HIBBING,
HILO,
HIROSHIMA,
HO,
HOBART,
HOBOKEN,
HOHHOT,
HOLLYWOOD,
HOMER,
HONGHONGKONG,
HONIARA,
HONOLULU,
HOOLEHUA,
HOORN,
HOSKINS,
HOUSTON,
HUANGPU,
HUATULCO,
HULL,
HUMBERSIDE,
HUNTERSTON,
HUNTINGTON,
HUNTSVILLE,
HUSLIA,
HVALFJORDUR,
HYANNIS,
HYDERABAD,
HYERES,
IGARKA,
ILE,
ILIAMNA,
IMMINGHAM,
INCHON,
INDIANAPOLIS,
INNSBRUCK,
INTERCONTINENTAL,
INUVIK,
IPOH,
IQALUIT,
IQUIQUE,
IRAKLION,
IRVINE,
IRVING,
ISFAHAN,
ISIRO,
ISLAMABAD,
ISSY-LES-MOULINEAUX,
ISTANBUL,
ITAMI,
ITHACA,
IWAKUNI,
IXTAPA,
IZHEVSK,
IZMIR,
JACKSON,
JACKSONVILLE,
JAIPUR,
JAKARTA,
JANEIRO,
JANESVILLE,
JARNAC,
JEDDAH,
JERSEY,
JERUSALEM,
JINAN,
JOHANNESBURG,
JONKOPING,
JOSE,
JOUY-EN-JOSAS,
JUAN,
JUANJUI,
JUBA,
JUBAIL,
JULIACA,
JUNEAU,
KABUL,
KADUNA,
KAGOSHIMA,
KAHULUI,
KAKOGAWA,
KAKTOVIK,
KALAMAZOO,
KALININGRAD,
KALISPELL,
KALSKAG,
KALTAG,
KAMPALA,
KANAB,
KANAKANAK,
KANANGA,
KANDAHAR,
KANO,
KAOHSIUNG,
KARACHI,
KARAGANDA,
KARSTO,
KARUP,
KASIGLUK,
KASKO,
KATHMANDOU,
KATHMANDU,
KATUNAN,
KAWASAKI,
KELANG,
KENAI,
KERMAN,
KETCHIKAN,
KHABAROVSK,
KHARTOUM,
KHORRAMSHAHR,
KIEL,
KIEV,
KIGALI,
KIKWIT,
KILBURN,
KILIMANJARO,
KILLEEN,
KIMBERLEY,
KINDU,
KINGSTON,
KINGSTOWN,
KINSHASA,
KIPNUK,
KIRUNA,
KISANGANI,
KISARAZU,
KISHINEV,
KIVALINA,
KKUUJJUAQ,
KLAGENTFURT,
KLAIPEDA,
KNOXVILLE,
KOBE,
KOBENHAVN,
KOCHI,
KODIAK,
KOKRUAGAROK,
KOLONIA,
KOMATSU,
KONA,
KONGIGANAK,
KOROR,
KOSRAE,
KOTKA,
KOTZEBUE,
KOWEIT,
KOYUKUK,
KRAKOW,
KRASNOJARSK,
KRISTIANSAND,
KRISTINESTAD,
KUALA,
KUCHING,
KUMAMOTO,
KUNMING,
KUOPIO,
KURE,
KUSHIKINO,
KUSHIRO,
KUUJJUARAPIK,
KUWAIT,
KWAJALIEN,
KWANGJU,
KWETHLUK,
KWIGILLINGOK,
KYZYL,
KZYL-ORDA,
LABUAN,
LAFAYETTE,
LAGOS,
LAHORE,
LAHORELANCON,
LANCASTER,
LANGKAWI,
LANNION,
LANSING,
LANZHOU,
LAREDO,
LARNACA,
LATOUCHE,
LAUNCESTON,
LAVAL,
LAWRENCE,
LAWTON,
LEBANON,
LEEDS,
LEINSTER,
LEIPZIG,
LEITH,
LENINGRAD,
LERWICK,
LETHBRIDGE,
LEXINGTON,
LHASA,
LIBOURNE,
LIBREVILLE,
LIDO,
LIEPAJA,
LIHUE,
LILLE,
LILLELIMA,
LILONGWE,
LIMA,
LIMERICK,
LIMOGES,
LINATE,
LINCOLN,
LINZ,
LISBOA,
LISBON,
LISBONNE,
LIVERPOOL,
LIVINGSTONE,
LIVORNO,
LJUBLJANA,
LLOYDMINSTER,
LOME,
LONDON,
LONDRES,
LONGVIEW,
LONGYEARBYEN,
LORETO,
LORIENT,
LOS\ ANGELES,
LOUIS,
LOUISVILLE,
LOURDES,
LOUVIERS,
LUANDA,
LUBBOCK,
LUBECK,
LUBUMBASHI,
LUCKNOW,
LUDA,
LUENEBURG,
LUGANO,
LULEA,
LUMPUR,
LUNEVILLE,
LUSAKA,
LUXEMBOURG,
LUXOR,
LYON,
MAASTRICHT,
MACCLESFIELD,
MACON,
MADINAH,
MADISON,
MADRAS,
MADRID,
MAGADAN,
MAGENTA,
MAHE,
MAIDUGURI,
MAISONS-LAFFITTE,
MAIZURU,
MAJURO,
MALABO,
MALAGA,
MALE,
MALINDI,
MALMO,
MALPENSA,
MALTA,
MANADO,
MANAGUA,
MANAMA,
MANAUS,
MANCHESTER,
MANHATTAN,
MANILA,
MANILLE,
MANS,
MANZANILLO,
MAPUTO,
MARACAIBO,
MARGARITA,
MARIBOR,
MARIGNANE,
MARION,
MARMORILIK,
MARQUETTE,
MARRAKECH,
MARSEILLE,
MARSHALL,
MASCATE,
MASERU,
MASHAD,
MATADI,
MATAMOROS,
MATSUYAMA,
MATURIN,
MAURITIUS,
MAYAGUEZ,
MAZATLAN,
MBABANE,
MBANDAKA,
MBUJI-MAYI,
MCALLEN,
MCGRATH,
MECCA,
MEDAN,
MEDELLIN,
MEDFORD,
MEEKATHARRA,
MEKORYUK,
MELBOURNE,
MELUN,
MEMPHIS,
MENDOZA,
MERIDA,
MERIDEN,
MERIDIAN,
MESHIK,
MESSINA,
METZ,
MEXICALI,
MEXICO,
MEYLAN,
MIAMI,
MIAMI\ BEACH,
MILAN,
MILFORD,
MILWAUKEE,
MINATITLAN,
MINH,
MINNEAPOLIS,
MINOT,
MINSK,
MIQUELON,
MIRI,
MISSOULA,
MIYAZAKI,
MIZUSHIMA,
MOGADISHU,
MOJI,
MOLINE,
MOLOKAI,
MOMBASA,
MONACO,
MONCTON,
MONGSTAD,
MONROE,
MONROVIA,
MONT-DE-MARSAN,
MONTEGO,
MONTERREY,
MONTERVIDEO,
MONTEVIDEO,
MONTGOMERY,
MONTICELLO,
MONTIGNAC,
MONTIGNY,
MONTMORILLON,
MONTPELIER,
MONTPELLIER,
MONTREAL,
MONT-ST-MICHEL,
MORELIA,
MORESBY,
MORONI,
MOSCOU,
MOSCOW,
MOSKVA,
MOUTIERS,
MULHOUSE,
MUMBAI,
MUNICH,
MUNSTER,
MURMANSK,
MURORAN,
MUSCAT,
MUSKEGON,
NADI,
NAGASAKI,
NAGAYEVA,
NAGOYA,
NAIROBI,
NANCHANG,
NANCY,
NANISIVIK,
NANJING,
NANNING,
NANTES,
NANTUCKET,
NANYUAN,
NAPAKIAK,
NAPASKIAK,
NAPLES,
NAPOLI,
NARITA,
NASHVILLE,
NASSAU,
NATAL,
N'DJAMENA,
N'DJAMENA,
NEMOURS,
NEMRUT,
NENANA,
NEWARK,
NEWBURGH,
NEWCASTLE,
NEWHALEN,
NEWPORT,
NEWTOK,
NEW\ DELHI,
NEW\ ORLEANS,
NEW\ YORK,
NIAMEY,
NIAMEYNICE,
NICE,
NICOSIA,
NICOSIENIMES,
NIGHTMUTE,
NIIGATA,
NIJMEGEN,
NIMES,
NINGBO,
NIORT,
NIS,
NIZHNEVARTOVSK,
NOGALES,
NOGENT,
NOME,
NORFOLK,
NORILSK,
NORRKOPING,
NORWICH,
NOTTINGHAM,
NOUAKCHOTT,
NOUMEA,
NOVOSIBIRSK,
NUEVITAS,
NUKU'ALOFA,
NUKUS,
NULATO,
NUNAPITCHUK,
NUREMBERG,
NUUK,
OAKLAND,
OAXACA,
OCKELBO,
ODESSA,
OITA,
OKADAMA,
OKAYAMA,
OKINAWA,
OLDHAM,
OLIKTOK,
OLYMPIA,
OMAHA,
OMSK,
ONTARIO,
OOSTENDE,
ORAN,
ORANJESTAD,
ORLANDO,
ORLEANS,
OSAKA,
OSHKOSH,
OSIJEK,
OSLO,
OSORNO,
OSTEND,
OTARU,
OTOPENI,
OTTAWA,
OUAGADOUGOU,
OVDA,
OXFORD,
OXNARD,
PAITILLA,
PALAISEAU,
PALEMBANG,
PALERMO,
PALIKIR,
PALMA,
PALMER,
PANAMA,
PANGUITCH,
PAPEETE,
PAPHOS,
PARAMARIBO,
PAREMPUYRE,
PARIS,
PARKERSBURG,
PARME,
PARTHENAY,
PASAJES,
PASCAGOULA,
PASCO,
PAU,
PAULO,
PAZ,
PECOS,
PEKIN,
PENANG,
PENH,
PENSACOLA,
PEORIA,
PEREIRA,
PERM,
PERPIGNAN,
PERRYVILLE,
PERTH,
PESCARA,
PESHAWAR,
PETERSBURG,
PETROPAVLOVSK,
PETROPAVLOVSK-KAMCHATSKY,
PHILADELPHIA,
PHNOM,
PHOENIX,
PHUKET,
PIERRE,
PINANG,
PIRAIEVS,
PISA,
PITTSBURGH,
PIURA,
PLATA,
PLATINUM,
PLYMOUTH,
POCATELLO,
POHNPEI,
POINTE-À-PITRE,
POITIERS,
POLAMAR,
PONCE,
PONTIAC,
PONTOISE,
PORI,
PORNIC,
PORT-AU-PRINCE,
PORT-AU-PRINCE,
PORT-GRIMAUD,
PORTLAND,
PORTO,
PORT-OF-SPAIN,
PORTO-NOVO,
PORTSMOUTH,
PORT-VILA,
PORT-VILLA,
PRAGUE,
PRAIA,
PRESTWICK,
PRETORIA,
PROVIDENCE,
PROVIDENCIALES,
PUCALLPA,
PUEBLA,
PUERTO,
PUSAN,
PYONGYANG,
PYRAMIDEN,
QINGDAO,
QUEBEC,
QUETTA,
QUIMPER,
QUINHAGAK,
QUITO,
RABAT,
RABAUL,
RALEIGH,
RAMALLAH,
RAMSTEIN,
RANGOON,
RANTON,
RAROTONGA,
RAUMA,
RECIFE,
REDDING,
REDSTONE,
REGINA,
REIMS,
RENNES,
RENO,
RESOLUTE,
REUNION,
REYKJAVIK,
REZE,
RICHLAND,
RICHMOND,
RIGA,
RIMINI,
RIO,
RIOJA,
RIO\ DE\ JANEIRO,
RIVERHEAD,
RIYAD,
RIYADH,
ROANNE,
ROANOKE,
ROATAN,
ROCHEFORT,
ROCHELLE,
ROCHESTER,
ROCKFORD,
RODEZ,
ROMA,
ROME,
ROOSEVELT,
ROSARIO,
ROSEAU,
ROSKILDE,
ROTA,
ROTTERDAM,
ROUEN,
ROUSSILLON,
RUBY,
SAARBRUCKEN,
SACRAMENTO,
SAFI,
SAGANOSEKI,
SAGINAW,
SAIGON,
SAINT-ETIENNE,
SAINT-JEAN,
SAINT-NAZAIRE,
SAINT-OMER,
SAINT-PETERSBOURG,
SAINT-QUENTIN,
SAINT-SAUVEUR,
SAINT-SULPICE,
SAINT-TROPEZ,
SAIPAN,
SAL,
SALEM,
SALON-DE-PROVENCE,
SALTILLO,
SALVADOR,
SALZBURG,
SAMARA,
SANAA,
SANA'A,
SANDAKAN,
SANTANDER,
SANTIAGO,
SANTO,
SANTOS,
SANYA,
SANZIBAR,
SAN\ FRANCISCO,
SAN\ SEBASTIAN,
SAO,
SAPPORO,
SARAJEVO,
SARASOTA,
SASEBO,
SASKATOON,
SAUVETERRE-DE-BEARN,
SAVANNAH,
SAVONA,
SCATSTA,
SEATTLE,
SEDONA,
SEGRATE,
SELDOVIA,
SELETAR,
SENDAI,
SEOUL,
SERI,
SEVILLA,
SEVILLE,
SEWARD,
SHAGELUK,
SHANGHAI,
SHANNON,
SHANTOU,
SHARJAH,
SHEFFIELD,
SHENYANG,
SHENZHEN,
SHEREMETYEVO,
SHIBUSHI,
SHIJIAZHUANG,
SHIMIZU,
SHIMONOSEKI,
SHIRAZ,
SHISHMAREF,
SHREVEPORT,
SIBENIK,
SIBU,
SIMFEROPOL,
SINGAPORE,
SINGAPOUR,
SIRACUSA,
SITKA,
SKAGWAY,
SKOPJE,
SKULTE,
SLEETMUTE,
SOCHI,
SOFIA,
SOKOTO,
SOLDOTNA,
SONDERBORG,
SOUTHAMPTON,
SPLIT,
SPRINGFIELD,
STANFORD,
STARKVILLE,
STAVANGER,
STAVENGER,
STOCKHOLM,
STOCKPORT,
STOCKTON,
STOKE-ON-TRENT,
STORLIEN,
ST-PETERSBURG,
ST-PIERRE,
STRASBOURG,
STUDSTRUP,
STUTTGART,
SUDBURY,
SUKHUMI,
SUMUBURGH,
SUNDERLAND,
SUNDSVALL,
SUPERIOR,
SURABAYA,
SUVA,
SWANSEA,
SWATOW,
SYDNEY,
SYRACUSE,
SZCZECIN,
TABRIZ,
TABUK,
TACHIBANA,
TACNA,
TACOMA,
TAEGU,
TAGONOURA,
TAHKOLUOTO,
TAIF,
TAIPEH,
TAI-PEI,
TAIPEI,
TAIYUAN,
TAKAMATSU,
TAKORADI,
TALARA,
TALKEETNA,
TALLAHASSEE,
TALLINN,
TAMANRASSET,
TAMIAMI,
TAMPA,
TAMPERE,
TAMPICO,
TANANA,
TANANARIVE,
TANGER,
TANGIER,
TANJUNGPRIOK,
TAPIS,
TARABULUS,
TARANTO,
TARAPOTO,
TARAWA,
TARBES,
TASHKENT,
TAWAU,
TAZERKA,
TBILISI,
TEESPORT,
TEESSIDE,
TEGEL,
TEGUCIGALPA,
TEHERAN,
TEHRAN,
TELLER,
TEMPELHOF,
TEMUCO,
TENERIFE,
TEPIC,
TERCEIRA,
TERNEUZEN,
TERRACE,
TEXARKANA,
THANN,
THESSALONIKI,
THESSALONOKI,
THIMPHU,
THONON,
TIANJIN,
TIJUANA,
TIMISOARA,
TINEE,
TINGWALL,
TINSON,
TIRANA,
TIRANE,
TOBAGO,
TOGIAK,
TOKUSHIMAX,
TOKYO,
TOLEDO,
TONGATAPU,
TONNERRE,
TOPEKA,
TORONTO,
TORREON,
TORTOLA,
TOTTORI,
TOUCY,
TOULON,
TOULOUSE,
TOURS,
TOYAMA,
TRENTON,
TRESCO,
TREVISO,
TRIESTE,
TRINITE,
TRIPOLI,
TRIVANDRUM,
TROMBETAS,
TROMSO,
TRONDHEIM,
TROYES,
TRUJILLO,
TRUK,
TUCSON,
TULSA,
TULUKSAK,
TUMBES,
TUNIS,
TUNSTALL,
TUNTUTULIAK,
TUNUNAK,
TURIN,
TURKU,
TUSCALOOSA,
TUZLA,
TYLER,
UBE,
UKIAH,
ULAANBAATAR,
ULAN-UDE,
UMEA,
UMIAT,
UMKUMIUT,
UNALAKLEET,
UNGALIK,
UPPSALA,
URALSK,
URUMQI,
USSEL,
UTOPIA,
VAASA,
VADUZ,
VALDEZ,
VALDOSTA,
VALENCIA,
VALERA,
VALLADOLID,
VALLARTA,
VALLETTA,
VALPARAISO,
VANCOUVER,
VANNES,
VARADERO,
VARENGEVILLE,
VARSOVIE,
VASTERAS,
VATICAN,
VAXJO,
VEGAS,
VEJLE,
VENETIE,
VENICE,
VENISE,
VERACRUZ,
VERNAL,
VERONA,
VERSAILLES,
VICHY,
VICTORIA,
VIENNA,
VIENNE,
VIENTIANE,
VIEQUES,
VIGO,
VILLAHERMOSA,
VILLANUEVA,
VILLEFRANCHE-SUR-SAONE,
VILLEPREUX,
VILLEURBANNE,
VILNIUS,
VIRACOPOS,
VIROFLAY,
VISHAKHAPATNAM,
VITROLLES,
VLADIVOSTOK,
VLISSINGEN,
VNUKOVO,
VOIRON,
VOREPPE,
VYBORG,
WABUSH,
WACO,
WAINWRIGHT,
WAKAMATSU,
WARSAW,
WASHINGTON,
WAUSAU,
WEISBADEN,
WELLINGTON,
WELLS,
WEMBLEY,
WENATCHEE,
WENDOVER,
WESTMINSTER,
WEVOK,
WHITEHORSE,
WHITTIER,
WICHITA,
WIESBADEN,
WILKES-BARRE,
WILLEMSTAD,
WILLIAMSBURG,
WILLOW,
WILMINGTON,
WILSON,
WINDHOEK,
WINDSOR,
WINNIPEG,
WINSTON-SALEM,
WOOLWICH,
WRANGELL,
WUHAN,
XIAMEN,
XIAN,
YAKIMA,
YAKUTAT,
YAKUTSK,
YAMAGATA,
YANAN,
YANGON,
YANTAI,
YAOUNDE,
YAREN,
YELLOWKNIFE,
YEREVAN,
YINCHUANG,
YOKKAICHI,
YOKOHAMA,
YOKOSUKA,
YORK,
YUMA,
YURIMAGUAS,
YUZHNO-SAKHALINSK,
ZACATECAS,
ZAGREB,
ZAHEDAN,
ZARAGOZA,
ZEEBRUGGE,
ZHANJIANG,
ZHENGZHOU,
ZIHUATANEJO,
ZURICH
)
