@locationKey=(
Bay,
Bridge,
SEA,
sea,
Church,
C.C,
checkpoint,
ocean,
village,
Village,
Valley,
Trail,
Town,
Straits,
Strait,
Station,
Stadium,
Square,
Springs,
Sea,
SEA,
Sands,
Sound,
resort,
River,
Region,
Republic,
prison,
Prison,
Province,
Place,
Plains,
Plaza,
Parkway,
Palace,
Pines,
Prairies,
Park,
Ocean,
river,
River,
Robles,
Mountains,
Mountain,
Museum,
Lake,
Lakes,
Islands,
Island,
highway,
Hills,
Hill,
Heights,
Headquarters,
Head\ Quarters,
Harbor,
HQ,
Hemisphere,
HEMISPHERE,
Hospital,
hospital,
House,
General\ Headquarters,
General\ Head\ Quarters,
GHQ,
Gulf,
GULF,
Field,
Fjord,
Forest,
Everglades,
Estates,
District,
Desert,
Delta,
Creek,
coast,
County,
City,
CITY,
Channel,
Canal,
Canyon,
Boulevard,
Blvd.,
Belt,
Beach,
Bay Area,
Basin,
Base,
Barracks,
Airbase,
Meadows,
mine,
mines,
stadium,
Nursing\ Home,
Kingdom,
Kingdome,
Reef,
Shore,
tunnel,
School,
oilfields,
railway
)
