@organization=(
AB,
Army,
ARMY,
AS,
ASA,
ASI,
A.S.I.,
BNP,
CBI,
CEC,
CEE,
Conservatives,
CIA,
C.I.A.,
Co.,
CO,
CSA,
C.S.A.,
DARPA,
DOT,
DTI,
EC,
EEC,
EPSRC,
EU,
Europol,
FAA,
FBI,
FDA,
FDIC,
FAO,
FIFA,
FIDE,
Ford,
GCHQ,
GM,
GOP,
Hamas,
Honda,
HUD,
IKEA,
IEEE,
Inc.,
Interpol,
IRS,
JPL,
Luftwaffe,
MIT,
NAPP,
NASA,
NASDA,
N.A.S.D.A.,
Naval,
Navy,
NAVY,
NBA,
NHL,
NFL,
NCSL,
NRL,
NTSB,
OPEC,
Parliament,
Pentagon,
PENTAGON,
Sandia,
SDP,
SEC,
Senate,
Taliban,
Tories,
U.N.,
UNO,
UNESCO,
Unicef,
WTO,
Greenpeace,
Television,
Daily,
Hizbollah,
Lehman,
SNET
)
