1 | L' | L_DET_ARTICLE_DEF
3 | Union | L_NC_GEN
9 | européenne | L_ADJ_QUALIFICATIF_EPITHETE_POSTN
20 | renforce | L_VERBE_PRINCIPAL_INDICATIF
29 | ses | L_DET_POSSESSIF
33 | moyens | L_NC_GEN
40 | face | L_NC_GEN
45 | au | L_DET_ARTICLE_CONTRACTE
48 | terrorisme | L_NC_GEN
59 | LEMONDE | L_NP_GEN
66 | . | L_PONCTU_FORTE
67 | FR | L_NP_GEN
70 | - | L_PONCTU_FAIBLE
72 | 19.03.04 | L_NC_NUM_CARD
81 | - | L_PONCTU_FAIBLE
83 | 20h09 | L_NP_GEN
90 | Les | L_DET_ARTICLE_DEF
94 | ministres | L_NC_GEN
105 | de | L_PREP_GENERAL
108 | la | L_DET_ARTICLE_DEF
111 | justice | L_NC_GEN
119 | et | L_CONJ_COORD
122 | de | L_PREP_GENERAL
125 | l' | L_DET_ARTICLE_DEF
127 | intérieur | L_NC_GEN
137 | européens | L_ADJ_QUALIFICATIF_EPITHETE_POSTN
148 | se | L_PRON_REFLEXIF
151 | sont | L_VERBE_COPULE_INDICATIF
156 | réunis | L_ADJ_QUALIFICATIF_ATT_DU_S
162 | , | L_PONCTU_FAIBLE
164 | vendredi | L_NC_JOUR
173 | 19 | L_ADJ_NUM_CARD_EPITHETE_PRENN
176 | mars | L_NC_MOIS
181 | à | L_PREP_GENERAL
183 | Bruxelles | L_NP_GEN
192 | , | L_PONCTU_FAIBLE
194 | huit | L_DET_NUMERAL_CARD
199 | jours | L_NC_U_MESURE
205 | après | L_PREP_GENERAL
211 | les | L_DET_ARTICLE_DEF
215 | attentats | L_NC_GEN
225 | de | L_PREP_GENERAL
228 | Madrid | L_NP_GEN
234 | , | L_PONCTU_FAIBLE
236 | qui | L_PRON_REL_S
240 | ont | L_VERBE_AUXILIAIRE_INDICATIF
244 | fait | L_VERBE_PRINCIPAL_PARTICIPE_PASSE
249 | 202 | L_DET_NUMERAL_CARD
253 | morts | L_NC_GEN
258 | , | L_PONCTU_FAIBLE
260 | et | L_CONJ_COORD
263 | une | L_DET_ARTICLE_INDEF
267 | semaine | L_NC_U_MESURE
275 | avant | L_PREP_GENERAL
281 | le | L_DET_ARTICLE_DEF
284 | Conseil | L_NC_GEN
292 | européen | L_ADJ_QUALIFICATIF_EPITHETE_POSTN
301 | des | L_DET_ARTICLE_CONTRACTE
305 | 25 | L_ADJ_NUM_CARD_EPITHETE_PRENN
308 | et | L_CONJ_COORD
311 | 26 | L_ADJ_NUM_CARD_EPITHETE_PRENN
314 | mars | L_NC_MOIS
318 | , | L_PONCTU_FAIBLE
320 | qui | L_PRON_REL_S
324 | sera | L_VERBE_AUXILIAIRE_INDICATIF
329 | dominé | L_VERBE_PRINCIPAL_PARTICIPE_PASSE
336 | par | L_PREP_GENERAL
340 | la | L_DET_ARTICLE_DEF
343 | question | L_NC_GEN
352 | du | L_DET_ARTICLE_CONTRACTE
355 | terrorisme | L_NC_GEN
365 | . | L_PONCTU_FORTE
368 | Le | L_DET_ARTICLE_DEF
371 | mot d'ordre | L_NC_GEN
383 | était | L_VERBE_PRINCIPAL_INDICATIF
389 | clairement | L_ADV_POSTV
400 | la | L_DET_ARTICLE_DEF
403 | concrétisation | L_NC_GEN
418 | des | L_DET_ARTICLE_INDEF
422 | engagements | L_NC_GEN
434 | déjà | L_ADV_MODIF_ADV_OU_ADJ
439 | pris | L_ADJ_QUALIFICATIF_EPITHETE_POSTN
444 | dans la foulée | L_ADV_GENERAL
459 | des | L_DET_ARTICLE_INDEF
463 | attentats | L_NC_GEN
473 | du | L_DET_ARTICLE_CONTRACTE
476 | 11 | L_ADJ_NUM_CARD_EPITHETE_PRENN
479 | septembre | L_NC_MOIS
489 | 2001 | L_NC_NUM_CARD
494 | plutôt que | L_CONJ_SUBORD
505 | la | L_DET_ARTICLE_DEF
508 | création | L_NC_GEN
517 | de | L_PREP_SUIVIE_DE_SUBS
520 | nouvelles | L_ADJ_QUALIFICATIF_EPITHETE_PRENN
530 | institutions | L_NC_GEN
543 | comme | L_PREP_SUIVIE_DE_SUBS
549 | une | L_NC_GEN
553 | " | L_PONCTU_MISE_EN_EVIDENCE
554 | CIA | L_NP_GEN
558 | européenne | L_ADJ_QUALIFICATIF_EPITHETE_POSTN
568 | " | L_PONCTU_MISE_EN_EVIDENCE
570 | évoquée | L_ADJ_QUALIFICATIF_EPITHETE_POSTN
578 | par | L_PREP_GENERAL
582 | certains | L_DET_INDEFINI
591 | pays | L_NC_GEN
595 | . | L_PONCTU_FORTE
597 | " | L_PONCTU_MISE_EN_EVIDENCE
598 | Ce | L_NC_GEN
601 | que | L_CONJ_SUBORD
605 | nous | L_PRON_PERS_CONJ_S_PREV
610 | voulons | L_VERBE_PRINCIPAL_INDICATIF
618 | éviter | L_VERBE_PRINCIPAL_INFINITIF
625 | à | L_PREP_GENERAL
627 | toute | L_DET_INDEFINI
633 | force | L_NC_GEN
638 | , | L_PONCTU_FAIBLE
640 | c' | L_PRON_DEMONSTRATIF
642 | est | L_VERBE_PRINCIPAL_INDICATIF
646 | un | L_DET_ARTICLE_INDEF
649 | nouveau | L_ADJ_QUALIFICATIF_EPITHETE_PRENN
657 | volapük | L_NC_GEN
664 | , | L_PONCTU_FAIBLE
666 | une | L_DET_ARTICLE_INDEF
670 | administration | L_NC_GEN
685 | avec | L_PREP_GENERAL
690 | un | L_DET_ARTICLE_INDEF
693 | titre | L_NC_GEN
699 | ronflant | L_ADJ_QUALIFICATIF_EPITHETE_POSTN
708 | mais | L_CONJ_COORD
713 | qui | L_PRON_REL_S
717 | ne | L_ADV_PREMIER_ELEM_NEG
720 | produirait | L_VERBE_PRINCIPAL_INDICATIF
731 | pas | L_ADV_DEUXIEME_ELEM_NEG
735 | de | L_PREP_SUIVIE_DE_SUBS
738 | résultat | L_NC_GEN
746 | , | L_PONCTU_FAIBLE
747 | " | L_PONCTU_MISE_EN_EVIDENCE
749 | a | L_VERBE_PRINCIPAL_INDICATIF
751 | déclaré | L_VERBE_PRINCIPAL_PARTICIPE_PASSE
759 | le | L_DET_ARTICLE_DEF
762 | ministre | L_NC_GEN
771 | de | L_PREP_GENERAL
774 | l' | L_DET_ARTICLE_DEF
776 | intérieur | L_NC_GEN
786 | français | L_ADJ_QUALIFICATIF_EPITHETE_POSTN
794 | , | L_PONCTU_FAIBLE
796 | Nicolas | L_NP_PRENOM
804 | Sarkozy | L_NP_GEN
811 | , | L_PONCTU_FAIBLE
813 | lors d' | L_PREP_GENERAL
820 | une | L_DET_ARTICLE_INDEF
824 | conférence | L_NC_GEN
835 | de | L_PREP_SUIVIE_DE_SUBS
838 | presse | L_NC_GEN
844 | . | L_PONCTU_FORTE
846 | " | L_PONCTU_MISE_EN_EVIDENCE
847 | Nous | L_PRON_PERS_CONJ_S_PREV
852 | ne | L_ADV_PREMIER_ELEM_NEG
855 | voulons | L_VERBE_PRINCIPAL_INDICATIF
863 | pas | L_ADV_DEUXIEME_ELEM_NEG
867 | de | L_PREP_SUIVIE_DE_SUBS
870 | nouvelles | L_ADJ_QUALIFICATIF_EPITHETE_PRENN
880 | institutions | L_NC_GEN
892 | . | L_PONCTU_FORTE
894 | Nous | L_PRON_PERS_CONJ_S_PREV
899 | voulons | L_VERBE_PRINCIPAL_INDICATIF
907 | de | L_PREP_GENERAL
910 | l' | L_DET_ARTICLE_DEF
912 | action | L_NC_GEN
919 | et | L_CONJ_COORD
922 | ( | L_PONCTU_PARENTHESE
923 | la | L_DET_ARTICLE_DEF
926 | mise | L_NC_GEN
931 | en | L_PREP_SUIVIE_DE_SUBS
934 | œuvre | L_NC_GEN
939 | ) | L_PONCTU_PARENTHESE
941 | des | L_DET_ARTICLE_INDEF
945 | mesures | L_NC_GEN
953 | qui | L_PRON_REL_S
957 | ont | L_VERBE_PRINCIPAL_INDICATIF
961 | déjà | L_ADV_GENERAL
966 | été | L_NC_GEN
970 | décidées | L_ADJ_QUALIFICATIF_EPITHETE_POSTN
978 | , | L_PONCTU_FAIBLE
979 | " | L_PONCTU_MISE_EN_EVIDENCE
981 | a | L_VERBE_PRINCIPAL_INDICATIF
983 | renchéri | L_VERBE_PRINCIPAL_PARTICIPE_PASSE
992 | son | L_DET_POSSESSIF
996 | homologue | L_NC_GEN
1006 | britannique | L_ADJ_QUALIFICATIF_EPITHETE_POSTN
1017 | , | L_PONCTU_FAIBLE
1019 | David | L_NP_PRENOM
1025 | Blunkett | L_NP_GEN
1033 | . | L_PONCTU_FORTE
1035 | A | L_NC_U_MESURE
1037 | l' | L_DET_ARTICLE_DEF
1039 | arrivée | L_NC_GEN
1046 | , | L_PONCTU_FAIBLE
1048 | les | L_DET_ARTICLE_DEF
1053 | vingt-cinq | L_ADJ_NUM_CARD_EPITHETE_PRENN
1064 | pays | L_NC_GEN
1069 | européens | L_ADJ_QUALIFICATIF_EPITHETE_POSTN
1079 | de | L_PREP_GENERAL
1082 | la | L_DET_ARTICLE_DEF
1085 | future | L_ADJ_QUALIFICATIF_EPITHETE_PRENN
1092 | UE | L_NP_GEN
1095 | élargie | L_ADJ_QUALIFICATIF_EPITHETE_POSTN
1103 | ont | L_VERBE_PRINCIPAL_INDICATIF
1106 | , | L_PONCTU_FAIBLE
1108 | à | L_PREP_GENERAL
1110 | la | L_DET_ARTICLE_DEF
1113 | demande | L_NC_GEN
1121 | de | L_PREP_GENERAL
1124 | Paris | L_NP_GEN
1130 | et | L_CONJ_COORD
1133 | Berlin | L_NP_GEN
1139 | , | L_PONCTU_FAIBLE
1141 | fixé | L_NC_GEN
1146 | un | L_DET_ARTICLE_INDEF
1149 | calendrier | L_NC_GEN
1160 | pour | L_PREP_AVEC_GV_INFINITIF
1165 | parvenir | L_VERBE_PRINCIPAL_INFINITIF
1174 | à | L_PREP_GENERAL
1176 | leurs | L_DET_POSSESSIF
1182 | objectifs | L_NC_GEN
1191 | . | L_PONCTU_FORTE
1193 | Ils | L_PRON_PERS_CONJ_S_PREV
1197 | ont | L_VERBE_PRINCIPAL_INDICATIF
1201 | en outre | L_ADV_GENERAL
1210 | ajouté | L_ADJ_QUALIFICATIF_EPITHETE_DETACHEE
1217 | quelques | L_DET_INDEFINI
1226 | initiatives | L_NC_GEN
1237 | , | L_PONCTU_FAIBLE
1239 | comme | L_PREP_GENERAL
1245 | l' | L_DET_ARTICLE_DEF
1247 | anticipation | L_NC_GEN
1260 | de | L_PREP_GENERAL
1263 | la | L_DET_ARTICLE_DEF
1266 | " | L_PONCTU_MISE_EN_EVIDENCE
1267 | clause | L_NC_GEN
1274 | de | L_PREP_SUIVIE_DE_SUBS
1277 | solidarité | L_NC_GEN
1287 | " | L_PONCTU_MISE_EN_EVIDENCE
1289 | prévue | L_ADJ_QUALIFICATIF_EPITHETE_POSTN
1296 | dans | L_PREP_GENERAL
1301 | le | L_DET_ARTICLE_DEF
1304 | projet | L_NC_GEN
1311 | de | L_PREP_SUIVIE_DE_SUBS
1314 | Constitution | L_NC_GEN
1327 | adopté | L_ADJ_QUALIFICATIF_EPITHETE_POSTN
1334 | par | L_PREP_GENERAL
1338 | la | L_DET_ARTICLE_DEF
1341 | Convention | L_NC_GEN
1352 | européenne | L_ADJ_QUALIFICATIF_EPITHETE_POSTN
1363 | - | L_PONCTU_FAIBLE
1365 | mais | L_CONJ_COORD
1370 | pas | L_NC_GEN
1374 | par | L_PREP_GENERAL
1378 | les | L_DET_ARTICLE_DEF
1382 | gouvernements | L_NC_GEN
1396 | - | L_PONCTU_FAIBLE
1398 | en cas d' | L_PREP_GENERAL
1407 | attaque | L_NC_GEN
1415 | terroriste | L_ADJ_QUALIFICATIF_EPITHETE_POSTN
1425 | . | L_PONCTU_FORTE
1427 | La | L_DET_ARTICLE_DEF
1430 | création | L_NC_GEN
1439 | d' | L_PREP_GENERAL
1441 | un | L_DET_ARTICLE_INDEF
1444 | poste | L_NC_GEN
1450 | de | L_PREP_SUIVIE_DE_SUBS
1453 | coordinateur | L_NC_GEN
1466 | européen | L_ADJ_QUALIFICATIF_EPITHETE_POSTN
1474 | , | L_PONCTU_FAIBLE
1476 | un | L_DET_ARTICLE_INDEF
1479 | " | L_PONCTU_MISE_EN_EVIDENCE
1480 | M. | L_NC_GEN
1483 | ou | L_CONJ_COORD
1486 | Mme | L_NC_ANNONCEUR_NOM
1490 | Terrorisme | L_NC_GEN
1500 | " | L_PONCTU_MISE_EN_EVIDENCE
1502 | selon | L_PREP_GENERAL
1508 | la | L_DET_ARTICLE_DEF
1511 | ministre | L_NC_GEN
1520 | de | L_PREP_GENERAL
1523 | la | L_DET_ARTICLE_DEF
1526 | justice | L_NC_GEN
1534 | belge | L_ADJ_QUALIFICATIF_EPITHETE_POSTN
1539 | , | L_PONCTU_FAIBLE
1541 | Laurette | L_NP_PRENOM
1550 | Onkelinx | L_NP_GEN
1558 | , | L_PONCTU_FAIBLE
1561 | un | L_DET_ARTICLE_INDEF
1564 | haut | L_ADJ_QUALIFICATIF_EPITHETE_PRENN
1569 | fonctionnaire | L_NC_GEN
1583 | placé | L_ADJ_QUALIFICATIF_EPITHETE_POSTN
1589 | sous | L_PREP_GENERAL
1594 | l' | L_DET_ARTICLE_DEF
1596 | autorité | L_NC_GEN
1605 | du | L_DET_ARTICLE_CONTRACTE
1608 | haut | L_ADJ_QUALIFICATIF_EPITHETE_PRENN
1613 | représentant | L_NC_GEN
1626 | pour | L_PREP_GENERAL
1631 | la | L_DET_ARTICLE_DEF
1634 | politique | L_NC_GEN
1644 | étrangère | L_ADJ_QUALIFICATIF_EPITHETE_POSTN
1653 | , | L_PONCTU_FAIBLE
1655 | Javier | L_NP_PRENOM
1662 | Solana | L_NP_GEN
1668 | , | L_PONCTU_FAIBLE
1670 | et | L_CONJ_COORD
1673 | donc | L_ADV_GENERAL
1678 | des | L_DET_ARTICLE_INDEF
1682 | capitales | L_NC_GEN
1692 | européennes | L_ADJ_QUALIFICATIF_EPITHETE_POSTN
1703 | , | L_PONCTU_FAIBLE
1705 | a | L_VERBE_PRINCIPAL_INDICATIF
1707 | fait l'objet | L_VERBE_PRINCIPAL_INDICATIF
1720 | d' | L_PREP_GENERAL
1722 | un | L_DET_ARTICLE_INDEF
1725 | consensus | L_NC_GEN
1735 | parmi | L_PREP_GENERAL
1741 | les | L_DET_ARTICLE_DEF
1746 | vingt-cinq | L_ADJ_NUM_CARD_EPITHETE_PRENN
1757 | pays | L_NC_GEN
1762 | membres | L_NC_GEN
1770 | ou | L_CONJ_COORD
1773 | candidats | L_NC_GEN
1783 | à | L_PREP_GENERAL
1785 | l' | L_DET_ARTICLE_DEF
1787 | entrée | L_NC_GEN
1794 | dans | L_PREP_GENERAL
1799 | l' | L_DET_ARTICLE_DEF
1801 | UE | L_NP_GEN
1803 | . | L_PONCTU_FORTE
1805 | Les | L_DET_ARTICLE_DEF
1809 | ambassadeurs | L_NC_GEN
1822 | des | L_DET_ARTICLE_CONTRACTE
1826 | Etats | L_NC_GEN
1832 | membres | L_NC_GEN
1840 | de | L_PREP_GENERAL
1843 | l' | L_DET_ARTICLE_DEF
1845 | UE | L_NP_GEN
1848 | avaient | L_VERBE_PRINCIPAL_INDICATIF
1856 | déjà | L_ADV_GENERAL
1861 | apporté | L_ADJ_QUALIFICATIF_EPITHETE_DETACHEE
1868 | , | L_PONCTU_FAIBLE
1870 | jeudi | L_NC_JOUR
1875 | , | L_PONCTU_FAIBLE
1877 | un | L_DET_ARTICLE_INDEF
1880 | soutien | L_NC_GEN
1888 | unanime | L_ADJ_QUALIFICATIF_EPITHETE_POSTN
1896 | à | L_PREP_GENERAL
1898 | la | L_DET_ARTICLE_DEF
1901 | proposition | L_NC_GEN
1913 | de | L_PREP_AVEC_GV_INFINITIF
1916 | nommer | L_VERBE_PRINCIPAL_INFINITIF
1923 | un | L_DET_ARTICLE_INDEF
1926 | " | L_PONCTU_MISE_EN_EVIDENCE
1927 | coordinateur | L_NC_GEN
1939 | " | L_PONCTU_MISE_EN_EVIDENCE
1941 | pour | L_PREP_GENERAL
1946 | la | L_DET_ARTICLE_DEF
1949 | coopération | L_NC_GEN
1961 | communautaire | L_ADJ_QUALIFICATIF_EPITHETE_POSTN
1975 | en | L_PREP_SUIVIE_DE_SUBS
1978 | matière | L_NC_GEN
1986 | de | L_PREP_SUIVIE_DE_SUBS
1989 | lutte | L_NC_GEN
1995 | antiterroriste | L_ADJ_QUALIFICATIF_EPITHETE_POSTN
2009 | . | L_PONCTU_FORTE
2011 | Cette | L_DET_DEMONSTRATIF
2017 | idée | L_NC_GEN
2022 | avait | L_VERBE_AUXILIAIRE_INDICATIF
2028 | été | L_VERBE_COPULE_PARTICIPE_PASSE
2032 | avancée | L_ADJ_QUALIFICATIF_ATT_DU_S
2040 | avant | L_PREP_GENERAL
2046 | les | L_DET_ARTICLE_DEF
2050 | attentats | L_NC_GEN
2060 | de | L_PREP_GENERAL
2063 | Madrid | L_NP_GEN
2070 | par | L_PREP_SUIVIE_DE_SUBS
2074 | M. | L_NC_GEN
2077 | Solana | L_NP_GEN
2083 | . | L_PONCTU_FORTE
2085 | Le | L_DET_ARTICLE_DEF
2088 | premier | L_ADJ_NUM_ORD_EPITHETE_PRENN
2096 | ministre | L_NC_GEN
2105 | irlandais | L_ADJ_QUALIFICATIF_EPITHETE_POSTN
2114 | , | L_PONCTU_FAIBLE
2116 | Bertie | L_NP_PRENOM
2123 | Ahern | L_NP_GEN
2128 | , | L_PONCTU_FAIBLE
2130 | président | L_NC_GEN
2140 | en | L_PREP_SUIVIE_DE_SUBS
2143 | exercice | L_NC_GEN
2152 | du | L_DET_ARTICLE_CONTRACTE
2155 | Conseil | L_NC_GEN
2163 | européen | L_ADJ_QUALIFICATIF_EPITHETE_POSTN
2171 | , | L_PONCTU_FAIBLE
2173 | l' | L_PRON_PERS_CONJ_COD_PREV
2175 | a | L_VERBE_AUXILIAIRE_INDICATIF
2177 | reprise | L_VERBE_PRINCIPAL_PARTICIPE_PASSE
2185 | à | L_PREP_GENERAL
2187 | son | L_DET_POSSESSIF
2191 | compte | L_NC_GEN
2198 | depuis | L_ADV_GENERAL
2204 | , | L_PONCTU_FAIBLE
2207 | parmi | L_PREP_GENERAL
2213 | la | L_DET_ARTICLE_DEF
2217 | dizaine | L_NC_GEN
2225 | de | L_PREP_SUIVIE_DE_SUBS
2228 | mesures | L_NC_GEN
2236 | qu' | L_PRON_REL_COD
2239 | il | L_PRON_PERS_CONJ_S_PREV
2242 | souhaite | L_VERBE_PRINCIPAL_INDICATIF
2251 | faire | L_VERBE_PRINCIPAL_INFINITIF
2257 | adopter | L_VERBE_PRINCIPAL_INFINITIF
2265 | par | L_PREP_GENERAL
2269 | ses | L_DET_POSSESSIF
2273 | pairs | L_NC_GEN
2279 | lors | L_ADV_GENERAL
2284 | du | L_DET_ARTICLE_CONTRACTE
2287 | sommet | L_NC_GEN
2294 | des | L_DET_ARTICLE_CONTRACTE
2298 | 25 | L_ADJ_NUM_CARD_EPITHETE_PRENN
2301 | et | L_CONJ_COORD
2304 | 26 | L_ADJ_NUM_CARD_EPITHETE_PRENN
2307 | mars | L_NC_MOIS
2312 | à | L_PREP_GENERAL
2314 | Bruxelles | L_NP_GEN
2323 | . | L_PONCTU_FORTE
2325 | Le | L_DET_ARTICLE_DEF
2328 | travail | L_NC_GEN
2336 | du | L_DET_ARTICLE_CONTRACTE
2339 | coordinateur | L_NC_GEN
2352 | consistera | L_VERBE_PRINCIPAL_INDICATIF
2363 | à | L_PREP_AVEC_GV_INFINITIF
2365 | insister | L_VERBE_PRINCIPAL_INFINITIF
2374 | auprès des | L_PREP_GENERAL
2385 | Etats | L_NC_GEN
2391 | membres | L_NC_GEN
2399 | pour | L_PREP_GENERAL
2404 | qu' | L_CONJ_SUBORD
2407 | ils | L_PRON_PERS_CONJ_S_PREV
2411 | tiennent | L_VERBE_PRINCIPAL_INDICATIF
2420 | leurs | L_DET_POSSESSIF
2426 | engagements | L_NC_GEN
2438 | sur | L_ADJ_QUALIFICATIF_EPITHETE_POSTN
2442 | plusieurs | L_DET_INDEFINI
2452 | plans | L_NC_GEN
2457 | . | L_PONCTU_FORTE
2459 | Il | L_PRON_PERS_CONJ_S_PREV
2462 | s'assurera | L_VERBE_PRINCIPAL_INDICATIF
2473 | par exemple | L_ADV_GENERAL
2485 | que | L_CONJ_SUBORD
2489 | les | L_DET_ARTICLE_DEF
2493 | pays | L_NC_GEN
2498 | transposent | L_VERBE_PRINCIPAL_SUBJONCTIF
2510 | dans | L_PREP_GENERAL
2515 | leurs | L_DET_POSSESSIF
2521 | législations | L_NC_GEN
2534 | nationales | L_ADJ_QUALIFICATIF_EPITHETE_POSTN
2545 | les | L_DET_ARTICLE_DEF
2549 | accords | L_NC_GEN
2557 | pris | L_ADJ_QUALIFICATIF_EPITHETE_POSTN
2562 | au | L_DET_ARTICLE_CONTRACTE
2565 | niveau | L_NC_GEN
2572 | communautaire | L_ADJ_QUALIFICATIF_EPITHETE_POSTN
2585 | , | L_PONCTU_FAIBLE
2587 | comme | L_PREP_GENERAL
2593 | le | L_DET_ARTICLE_DEF
2596 | mandat d'arrêt | L_NC_GEN
2611 | européen | L_ADJ_QUALIFICATIF_EPITHETE_POSTN
2620 | ou | L_CONJ_COORD
2623 | une | L_DET_ARTICLE_INDEF
2627 | définition | L_NC_GEN
2638 | commune | L_ADJ_QUALIFICATIF_EPITHETE_POSTN
2646 | du | L_DET_ARTICLE_CONTRACTE
2649 | terrorisme | L_NC_GEN
2660 | qui | L_PRON_REL_S
2664 | permettra | L_VERBE_PRINCIPAL_INDICATIF
2674 | de | L_PREP_AVEC_GV_INFINITIF
2677 | poursuivre | L_VERBE_PRINCIPAL_INFINITIF
2688 | les | L_DET_ARTICLE_DEF
2692 | infractions | L_NC_GEN
2704 | de | L_PREP_GENERAL
2707 | la | L_DET_ARTICLE_DEF
2710 | même | L_ADJ_INDEFINI_EPITHETE_PRENN
2715 | manière | L_NC_GEN
2723 | dans | L_PREP_GENERAL
2728 | toute | L_DET_INDEFINI
2734 | l' | L_DET_ARTICLE_DEF
2736 | UE | L_NP_GEN
2739 | avant | L_NC_GEN
2745 | juin | L_NC_MOIS
2750 | 2004 | L_NC_NUM_CARD
2754 | . | L_PONCTU_FORTE
2756 | L' | L_DET_ARTICLE_DEF
2758 | Union | L_NC_GEN
2764 | européenne | L_ADJ_QUALIFICATIF_EPITHETE_POSTN
2775 | entend | L_VERBE_PRINCIPAL_INDICATIF
2782 | également | L_ADV_POSTV
2792 | " | L_PONCTU_MISE_EN_EVIDENCE
2793 | réactiver | L_VERBE_PRINCIPAL_INFINITIF
2802 | " | L_PONCTU_MISE_EN_EVIDENCE
2804 | la | L_DET_ARTICLE_DEF
2807 | cellule | L_NC_GEN
2815 | antiterroriste | L_ADJ_QUALIFICATIF_EPITHETE_POSTN
2830 | d' | L_PREP_GENERAL
2832 | Europol | L_NP_GEN
2839 | , | L_PONCTU_FAIBLE
2841 | l' | L_DET_ARTICLE_DEF
2843 | organisme | L_NC_GEN
2853 | qui | L_PRON_REL_S
2857 | met | L_VERBE_PRINCIPAL_INDICATIF
2861 | en | L_PREP_SUIVIE_DE_SUBS
2864 | commun | L_NC_GEN
2871 | les | L_DET_ARTICLE_DEF
2875 | renseignements | L_NC_GEN
2890 | policiers | L_ADJ_QUALIFICATIF_EPITHETE_POSTN
2900 | au | L_DET_ARTICLE_CONTRACTE
2903 | niveau | L_NC_GEN
2910 | européen | L_ADJ_QUALIFICATIF_EPITHETE_POSTN
2918 | . | L_PONCTU_FORTE
2920 | MÉFIANCE | L_NC_GEN
2929 | ENVERS | L_PREP_GENERAL
2936 | UN | L_DET_ARTICLE_INDEF
2939 | TROP | L_ADV_MODIF_ADV_OU_ADJ
2944 | LARGE | L_ADJ_QUALIFICATIF_EPITHETE_PRENN
2950 | ÉCHANGE | L_NC_GEN
2958 | D' | L_PREP_SUIVIE_DE_SUBS
2960 | INFORMATIONS | L_NC_GEN
2974 | Les | L_DET_ARTICLE_DEF
2978 | gouvernements | L_NC_GEN
2992 | s'engagent | L_VERBE_PRINCIPAL_INDICATIF
3003 | aussi | L_ADV_GENERAL
3009 | sur | L_PREP_GENERAL
3013 | Eurojust | L_NP_GEN
3021 | , | L_PONCTU_FAIBLE
3023 | réseau | L_NC_GEN
3030 | de | L_PREP_SUIVIE_DE_SUBS
3033 | coordination | L_NC_GEN
3046 | des | L_DET_ARTICLE_INDEF
3050 | magistrats | L_NC_GEN
3061 | chargés | L_ADJ_QUALIFICATIF_EPITHETE_POSTN
3069 | des | L_DET_ARTICLE_INDEF
3073 | enquêtes | L_NC_GEN
3081 | , | L_PONCTU_FAIBLE
3083 | qui | L_PRON_REL_S
3087 | n' | L_ADV_PREMIER_ELEM_NEG
3089 | est | L_VERBE_PRINCIPAL_INDICATIF
3093 | pratiquement | L_ADV_GENERAL
3106 | pas | L_NC_GEN
3110 | utilisé | L_ADJ_QUALIFICATIF_EPITHETE_POSTN
3118 | par | L_PREP_GENERAL
3122 | certains | L_PRON_INDEFINI
3130 | , | L_PONCTU_FAIBLE
3132 | et | L_CONJ_COORD
3135 | les | L_DET_ARTICLE_DEF
3139 | équipes | L_NC_GEN
3147 | communes | L_ADJ_QUALIFICATIF_EPITHETE_POSTN
3156 | de | L_PREP_SUIVIE_DE_SUBS
3159 | policiers | L_NC_GEN
3168 | , | L_PONCTU_FAIBLE
3170 | qui | L_PRON_REL_S
3174 | ne | L_ADV_PREMIER_ELEM_NEG
3177 | sont | L_VERBE_COPULE_INDICATIF
3182 | pas | L_ADV_DEUXIEME_ELEM_NEG
3186 | encore | L_ADV_MODIF_ADV_OU_ADJ
3193 | entrées | L_ADJ_QUALIFICATIF_EPITHETE_POSTN
3201 | en | L_PREP_SUIVIE_DE_SUBS
3204 | action | L_NC_GEN
3210 | . | L_PONCTU_FORTE
3212 | Le | L_DET_ARTICLE_DEF
3215 | statut | L_NC_GEN
3222 | des | L_DET_ARTICLE_CONTRACTE
3226 | victimes | L_NC_GEN
3235 | devrait | L_VERBE_PRINCIPAL_INDICATIF
3243 | également | L_ADV_POSTV
3253 | trouver | L_VERBE_PRINCIPAL_INFINITIF
3261 | une | L_DET_ARTICLE_INDEF
3265 | réponse | L_NC_GEN
3273 | commune | L_ADJ_QUALIFICATIF_EPITHETE_POSTN
3282 | afin | L_NC_INCONNU
3287 | que | L_CONJ_SUBORD
3291 | les | L_DET_ARTICLE_DEF
3295 | indemnisations | L_NC_GEN
3310 | soient | L_VERBE_COPULE_SUBJONCTIF
3317 | équivalentes | L_ADJ_QUALIFICATIF_ATT_DU_S
3329 | , | L_PONCTU_FAIBLE
3331 | quelle | L_DET_INTERROGATIF | L_DET_EXCLAMATIF | L_DET_RELATIF
3338 | que | L_ADV_COMPAR
3342 | soit | L_ADV_GENERAL
3347 | leur | L_DET_POSSESSIF
3352 | nationalité | L_NC_GEN
3363 | , | L_PONCTU_FAIBLE
3365 | et | L_CONJ_COORD
3368 | plusieurs | L_DET_INDEFINI
3378 | pays | L_NC_GEN
3382 | , | L_PONCTU_FAIBLE
3384 | dont | L_PRON_REL_CN
3389 | la | L_DET_ARTICLE_DEF
3392 | France | L_NP_GEN
3398 | , | L_PONCTU_FAIBLE
3400 | ont | L_VERBE_AUXILIAIRE_INDICATIF
3404 | insisté | L_VERBE_PRINCIPAL_PARTICIPE_PASSE
3412 | pour | L_PREP_GENERAL
3417 | que | L_CONJ_SUBORD
3421 | les | L_DET_ARTICLE_DEF
3425 | visas | L_NC_GEN
3431 | et | L_CONJ_COORD
3434 | les | L_DET_ARTICLE_DEF
3438 | passeports | L_NC_GEN
3449 | soient | L_VERBE_COPULE_SUBJONCTIF
3456 | " | L_PONCTU_MISE_EN_EVIDENCE
3457 | sécurisés | L_ADJ_QUALIFICATIF_EPITHETE_POSTN
3466 | " | L_PONCTU_MISE_EN_EVIDENCE
3468 | dès | L_PREP_GENERAL
3472 | 2005 | L_NC_NUM_CARD
3476 | , | L_PONCTU_FAIBLE
3478 | notamment | L_ADV_GENERAL
3488 | par | L_PREP_GENERAL
3492 | le | L_DET_ARTICLE_DEF
3495 | biais | L_NC_GEN
3501 | d' | L_PREP_GENERAL
3503 | une | L_DET_ARTICLE_INDEF
3507 | photo | L_NC_GEN
3513 | numérique | L_ADJ_QUALIFICATIF_EPITHETE_POSTN
3523 | et | L_CONJ_COORD
3526 | l' | L_DET_ARTICLE_DEF
3528 | intégration | L_NC_GEN
3540 | de | L_PREP_SUIVIE_DE_SUBS
3543 | données | L_NC_GEN
3551 | biométriques | L_ADJ_QUALIFICATIF_EPITHETE_POSTN
3564 | ( | L_PONCTU_PARENTHESE
3565 | empreintes | L_NC_GEN
3576 | digitales | L_ADJ_QUALIFICATIF_EPITHETE_POSTN
3585 | , | L_PONCTU_FAIBLE
3587 | iris | L_NC_GEN
3592 | de | L_PREP_GENERAL
3595 | l' | L_DET_ARTICLE_DEF
3597 | œil | L_NC_GEN
3600 | ) | L_PONCTU_PARENTHESE
3601 | . | L_PONCTU_FORTE
3603 | L' | L_DET_ARTICLE_DEF
3605 | échange | L_NC_GEN
3613 | d' | L_DET_ARTICLE_INDEF
3615 | informations | L_NC_GEN
3628 | sensibles | L_ADJ_QUALIFICATIF_EPITHETE_PRENN
3638 | reste | L_NC_GEN
3644 | le | L_DET_ARTICLE_DEF
3647 | point | L_NC_GEN
3653 | faible | L_ADJ_QUALIFICATIF_EPITHETE_POSTN
3660 | du | L_DET_ARTICLE_CONTRACTE
3663 | dispositif | L_NC_GEN
3673 | , | L_PONCTU_FAIBLE
3675 | comme | L_CONJ_SUBORD
3681 | le | L_PRON_PERS_CONJ_COD_PREV
3684 | démontre | L_VERBE_PRINCIPAL_INDICATIF
3693 | le | L_DET_ARTICLE_DEF
3696 | peu d' | L_DET_NUMERAL_CARD
3702 | intérêt | L_NC_GEN
3710 | accordé | L_ADJ_QUALIFICATIF_EPITHETE_POSTN
3718 | par | L_PREP_GENERAL
3722 | les | L_DET_ARTICLE_DEF
3726 | Etats | L_NC_GEN
3732 | membres | L_NC_GEN
3740 | au | L_DET_ARTICLE_CONTRACTE
3743 | groupe | L_NC_ANNONCEUR_SOCIETE
3750 | antiterroriste | L_ADJ_QUALIFICATIF_EPITHETE_POSTN
3765 | créé | L_ADJ_QUALIFICATIF_EPITHETE_POSTN
3770 | en | L_PREP_SUIVIE_DE_SUBS
3773 | novembre | L_NC_MOIS
3782 | 2001 | L_NC_NUM_CARD
3787 | et | L_CONJ_COORD
3790 | qui | L_PRON_REL_S
3794 | ne | L_ADV_PREMIER_ELEM_NEG
3797 | s' | L_PRON_REFLEXIF
3799 | est | L_VERBE_PRINCIPAL_INDICATIF
3803 | pratiquement | L_ADV_GENERAL
3816 | jamais | L_ADV_VAL_NEG
3823 | réuni | L_ADJ_QUALIFICATIF_EPITHETE_POSTN
3829 | depuis | L_PREP_GENERAL
3835 | . | L_PONCTU_FORTE
3837 | Le | L_DET_ARTICLE_DEF
3840 | seul | L_ADJ_QUALIFICATIF_EPITHETE_PRENN
3845 | consensus | L_NC_GEN
3855 | sur | L_ADJ_QUALIFICATIF_EPITHETE_POSTN
3859 | ce | L_DET_DEMONSTRATIF
3862 | point | L_NC_GEN
3868 | a | L_VERBE_AUXILIAIRE_INDICATIF
3870 | été | L_VERBE_PRINCIPAL_PARTICIPE_PASSE
3874 | un | L_DET_ARTICLE_INDEF
3877 | accord | L_NC_GEN
3884 | de | L_PREP_SUIVIE_DE_SUBS
3887 | principe | L_NC_GEN
3896 | sur | L_PREP_GENERAL
3900 | la | L_DET_ARTICLE_DEF
3903 | création | L_NC_GEN
3912 | d' | L_PREP_GENERAL
3914 | une | L_DET_ARTICLE_INDEF
3918 | cellule | L_NC_GEN
3926 | d' | L_PREP_SUIVIE_DE_SUBS
3928 | échange | L_NC_GEN
3936 | et | L_CONJ_COORD
3939 | de | L_PREP_SUIVIE_DE_SUBS
3942 | transmission | L_NC_GEN
3955 | d' | L_PREP_SUIVIE_DE_SUBS
3957 | informations | L_NC_GEN
3970 | entre | L_PREP_GENERAL
3976 | les | L_DET_ARTICLE_DEF
3980 | services | L_NC_GEN
3989 | spécialisés | L_ADJ_QUALIFICATIF_EPITHETE_POSTN
4001 | des | L_DET_ARTICLE_INDEF
4005 | Etats | L_NC_GEN
4011 | membres | L_NC_GEN
4019 | où | L_PRON_REL_CA
4022 | les | L_DET_ARTICLE_DEF
4026 | différents | L_ADJ_QUALIFICATIF_EPITHETE_DETACHEE
4037 | services | L_NC_GEN
4046 | - | L_PONCTU_FAIBLE
4048 | police | L_NC_GEN
4054 | , | L_PONCTU_FAIBLE
4056 | justice | L_NC_GEN
4063 | , | L_PONCTU_FAIBLE
4065 | renseignement | L_NC_GEN
4079 | - | L_PONCTU_FAIBLE
4081 | pourront | L_VERBE_PRINCIPAL_INDICATIF
4090 | comparer | L_VERBE_PRINCIPAL_INFINITIF
4099 | leurs | L_DET_POSSESSIF
4105 | informations | L_NC_GEN
4118 | afin | L_NC_INCONNU
4123 | de | L_PREP_AVEC_GV_INFINITIF
4126 | dresser | L_VERBE_PRINCIPAL_INFINITIF
4134 | un | L_DET_ARTICLE_INDEF
4137 | tableau | L_NC_GEN
4145 | de | L_PREP_GENERAL
4148 | la | L_DET_ARTICLE_DEF
4151 | menace | L_NC_GEN
4158 | en | L_PREP_GENERAL
4161 | Europe | L_NP_GEN
4167 | . | L_PONCTU_FORTE
4169 | " | L_PONCTU_MISE_EN_EVIDENCE
4170 | Le | L_DET_ARTICLE_DEF
4173 | principe | L_NC_GEN
4182 | d' | L_PREP_GENERAL
4184 | une | L_DET_ARTICLE_INDEF
4188 | instance | L_NC_GEN
4197 | opérationnelle | L_ADJ_QUALIFICATIF_EPITHETE_POSTN
4212 | d' | L_DET_ARTICLE_INDEF
4214 | échanges | L_NC_GEN
4223 | de | L_PREP_SUIVIE_DE_SUBS
4226 | renseignement | L_NC_GEN
4240 | a | L_VERBE_AUXILIAIRE_INDICATIF
4242 | été | L_VERBE_COPULE_PARTICIPE_PASSE
4246 | acté | L_ADJ_QUALIFICATIF_ATT_DU_S
4251 | par | L_PREP_GENERAL
4255 | le | L_DET_ARTICLE_DEF
4258 | Conseil | L_NC_GEN
4265 | " | L_PONCTU_MISE_EN_EVIDENCE
4266 | , | L_PONCTU_FAIBLE
4268 | a | L_VERBE_AUXILIAIRE_INDICATIF
4270 | déclaré | L_VERBE_PRINCIPAL_PARTICIPE_PASSE
4278 | M. | L_NC_ANNONCEUR_NOM
4281 | Sarkozy | L_NP_GEN
4289 | lors d' | L_PREP_GENERAL
4296 | une | L_DET_ARTICLE_INDEF
4300 | conférence | L_NC_GEN
4311 | de | L_PREP_SUIVIE_DE_SUBS
4314 | presse | L_NC_GEN
4321 | à l'issue de | L_PREP_GENERAL
4334 | la | L_DET_ARTICLE_DEF
4337 | réunion | L_NC_GEN
4345 | de | L_PREP_GENERAL
4348 | Bruxelles | L_NP_GEN
4357 | . | L_PONCTU_FORTE
4359 | " | L_PONCTU_MISE_EN_EVIDENCE
4360 | L' | L_DET_ARTICLE_DEF
4362 | idée | L_NC_GEN
4367 | est | L_VERBE_PRINCIPAL_INDICATIF
4371 | de | L_PREP_GENERAL
4374 | mettre sur pied | L_VERBE_PRINCIPAL_INDICATIF
4390 | une | L_DET_ARTICLE_INDEF
4394 | structure | L_NC_GEN
4404 | d' | L_PREP_SUIVIE_DE_SUBS
4406 | échange | L_NC_GEN
4414 | et | L_CONJ_COORD
4417 | de | L_PREP_SUIVIE_DE_SUBS
4420 | transmission | L_NC_GEN
4433 | de | L_PREP_SUIVIE_DE_SUBS
4436 | renseignements | L_NC_GEN
4451 | la | L_DET_ARTICLE_DEF
4454 | plus | L_NC_GEN
4459 | complète | L_ADJ_QUALIFICATIF_EPITHETE_POSTN
4468 | et | L_CONJ_COORD
4471 | la | L_DET_ARTICLE_DEF
4474 | plus | L_NC_GEN
4479 | discrète | L_ADJ_QUALIFICATIF_EPITHETE_POSTN
4487 | " | L_PONCTU_MISE_EN_EVIDENCE
4489 | possible | L_ADJ_QUALIFICATIF_EPITHETE_POSTN
4497 | , | L_PONCTU_FAIBLE
4499 | a | L_VERBE_PRINCIPAL_INDICATIF
4501 | t | L_NC_U_MESURE
4503 | il | L_PRON_PERS_CONJ_S_POSTV
4506 | ajouté | L_VERBE_PRINCIPAL_PARTICIPE_PASSE
4512 | . | L_PONCTU_FORTE
4514 | " | L_PONCTU_MISE_EN_EVIDENCE
4515 | Le | L_DET_ARTICLE_DEF
4518 | lieu | L_NC_GEN
4523 | reste | L_VERBE_PRINCIPAL_INDICATIF
4529 | à | L_PREP_AVEC_GV_INFINITIF
4531 | définir | L_VERBE_PRINCIPAL_INFINITIF
4538 | " | L_PONCTU_MISE_EN_EVIDENCE
4539 | , | L_PONCTU_FAIBLE
4541 | de même | L_ADV_GENERAL
4549 | que | L_CONJ_SUBORD
4553 | " | L_PONCTU_MISE_EN_EVIDENCE
4554 | le | L_DET_ARTICLE_DEF
4557 | niveau | L_NC_GEN
4564 | de | L_PREP_SUIVIE_DE_SUBS
4567 | compétence | L_NC_GEN
4577 | " | L_PONCTU_MISE_EN_EVIDENCE
4579 | des | L_DET_ARTICLE_CONTRACTE
4583 | participants | L_NC_GEN
4595 | , | L_PONCTU_FAIBLE
4597 | a | L_VERBE_AUXILIAIRE_INDICATIF
4599 | déclaré | L_VERBE_PRINCIPAL_PARTICIPE_PASSE
4607 | le | L_DET_ARTICLE_DEF
4610 | ministre | L_NC_GEN
4619 | de | L_PREP_GENERAL
4622 | l' | L_DET_ARTICLE_DEF
4624 | intérieur | L_NC_GEN
4634 | français | L_ADJ_QUALIFICATIF_EPITHETE_POSTN
4642 | , | L_PONCTU_FAIBLE
4644 | " | L_PONCTU_MISE_EN_EVIDENCE
4645 | sans | L_ADV_GENERAL
4650 | que | L_CONJ_SUBORD
4654 | ce | L_PRON_DEMONSTRATIF
4657 | soit | L_VERBE_PRINCIPAL_SUBJONCTIF
4662 | une | L_DET_ARTICLE_INDEF
4666 | simple | L_NC_GEN
4673 | instance | L_NC_GEN
4682 | de | L_PREP_SUIVIE_DE_SUBS
4685 | plus | L_NC_GEN
4689 | " | L_PONCTU_MISE_EN_EVIDENCE
4690 | . | L_PONCTU_FORTE
4692 | " | L_PONCTU_MISE_EN_EVIDENCE
4693 | Les | L_DET_ARTICLE_DEF
4697 | uns | L_NC_INCONNU
4701 | voulaient | L_VERBE_PRINCIPAL_INDICATIF
4711 | la | L_DET_ARTICLE_DEF
4714 | création | L_NC_GEN
4723 | d' | L_PREP_GENERAL
4725 | une | L_DET_ARTICLE_INDEF
4729 | agence | L_NC_GEN
4736 | européenne | L_ADJ_QUALIFICATIF_EPITHETE_POSTN
4746 | , | L_PONCTU_FAIBLE
4748 | les | L_DET_ARTICLE_DEF
4752 | autres | L_PRON_INDEFINI
4759 | ne | L_ADV_PREMIER_ELEM_NEG
4762 | voulaient | L_VERBE_PRINCIPAL_INDICATIF
4772 | pas | L_ADV_DEUXIEME_ELEM_NEG
4776 | de | L_PREP_SUIVIE_DE_SUBS
4779 | création | L_NC_GEN
4788 | du | L_DET_ARTICLE_CONTRACTE
4791 | tout | L_NC_GEN
4795 | , | L_PONCTU_FAIBLE
4797 | certains | L_ADJ_QUALIFICATIF_EPITHETE_POSTN
4806 | voulaient | L_VERBE_PRINCIPAL_INDICATIF
4816 | que | L_CONJ_SUBORD
4820 | ce | L_PRON_DEMONSTRATIF
4823 | soit | L_VERBE_PRINCIPAL_SUBJONCTIF | L_VERBE_COPULE_SUBJONCTIF
4828 | ( | L_PONCTU_PARENTHESE
4829 | dans | L_PREP_GENERAL
4833 | ) | L_PONCTU_PARENTHESE
4835 | Europol | L_NP_GEN
4842 | , | L_PONCTU_FAIBLE
4844 | d' | L_PREP_GENERAL
4846 | autres | L_PRON_INDEFINI
4853 | au | L_DET_ARTICLE_CONTRACTE
4856 | Club | L_NC_GEN
4861 | de | L_PREP_GENERAL
4864 | Berne | L_NP_GEN
4869 | " | L_PONCTU_MISE_EN_EVIDENCE
4870 | , | L_PONCTU_FAIBLE
4872 | a | L_VERBE_AUXILIAIRE_INDICATIF
4874 | rappelé | L_VERBE_PRINCIPAL_PARTICIPE_PASSE
4882 | M. | L_NC_ANNONCEUR_NOM
4885 | Sarkozy | L_NP_GEN
4892 | . | L_PONCTU_FORTE
4894 | La | L_DET_ARTICLE_DEF
4897 | position | L_NC_GEN
4906 | française | L_ADJ_QUALIFICATIF_EPITHETE_POSTN
4915 | , | L_PONCTU_FAIBLE
4917 | a | L_VERBE_AUXILIAIRE_INDICATIF
4919 | indiqué | L_VERBE_PRINCIPAL_PARTICIPE_PASSE
4927 | le | L_DET_ARTICLE_DEF
4930 | ministre | L_NC_GEN
4938 | , | L_PONCTU_FAIBLE
4940 | est | L_VERBE_PRINCIPAL_INDICATIF
4944 | qu | L_CONJ_SUBORD
4946 | ' | L_PONCTU_MISE_EN_EVIDENCE
4947 | " | L_PONCTU_MISE_EN_EVIDENCE
4948 | il | L_PRON_PERS_CONJ_S_PREV
4951 | ne | L_ADV_PREMIER_ELEM_NEG
4954 | sert | L_VERBE_PRINCIPAL_INDICATIF
4959 | à | L_PREP_SUIVIE_DE_SUBS
4961 | rien | L_NC_GEN
4966 | de | L_PREP_AVEC_GV_INFINITIF
4969 | multiplier | L_VERBE_PRINCIPAL_INFINITIF
4980 | les | L_DET_ARTICLE_DEF
4984 | lieux | L_NC_GEN
4990 | et | L_CONJ_COORD
4993 | les | L_DET_ARTICLE_DEF
4997 | institutions | L_NC_GEN
5009 | " | L_PONCTU_MISE_EN_EVIDENCE
5010 | . | L_PONCTU_FORTE
5012 | Le | L_DET_ARTICLE_DEF
5015 | fonctionnement | L_NC_GEN
5030 | exact | L_ADJ_QUALIFICATIF_EPITHETE_POSTN
5036 | de | L_PREP_GENERAL
5039 | la | L_DET_ARTICLE_DEF
5042 | cellule | L_NC_GEN
5050 | d' | L_PREP_SUIVIE_DE_SUBS
5052 | échange | L_NC_GEN
5060 | et | L_CONJ_COORD
5063 | de | L_PREP_SUIVIE_DE_SUBS
5066 | transmission | L_NC_GEN
5079 | de | L_PREP_SUIVIE_DE_SUBS
5082 | renseignements | L_NC_GEN
5097 | devra | L_VERBE_PRINCIPAL_INDICATIF
5103 | toutefois | L_ADV_GENERAL
5113 | faire l'objet | L_VERBE_PRINCIPAL_INDICATIF
5127 | de | L_PREP_SUIVIE_DE_SUBS
5130 | propositions | L_NC_GEN
5143 | de | L_PREP_SUIVIE_DE_SUBS
5146 | M. | L_NC_GEN
5149 | Solana | L_NP_GEN
5156 | avant | L_ADJ_QUALIFICATIF_EPITHETE_POSTN
5162 | fin | L_NC_GEN
5166 | juin | L_NC_MOIS
5170 | . | L_PONCTU_FORTE
5172 | L' | L_DET_ARTICLE_DEF
5174 | échange | L_NC_GEN
5182 | d' | L_DET_ARTICLE_INDEF
5184 | informations | L_NC_GEN
5197 | généralisé | L_ADJ_QUALIFICATIF_EPITHETE_POSTN
5208 | parmi | L_PREP_GENERAL
5214 | tous | L_DET_INDEFINI
5219 | les | L_DET_ARTICLE_DEF
5223 | Etats | L_NC_GEN
5229 | membres | L_NC_GEN
5237 | de | L_PREP_GENERAL
5240 | l' | L_DET_ARTICLE_DEF
5242 | Union | L_NC_GEN
5248 | européenne | L_ADJ_QUALIFICATIF_EPITHETE_POSTN
5259 | n' | L_ADV_PREMIER_ELEM_NEG
5261 | est | L_VERBE_PRINCIPAL_INDICATIF
5265 | cependant | L_ADV_GENERAL
5275 | pas | L_NC_GEN
5279 | pour | L_PREP_GENERAL
5284 | bientôt | L_ADV_GENERAL
5291 | . | L_PONCTU_FORTE
5293 | De | L_PREP_SUIVIE_DE_SUBS
5296 | manière | L_NC_GEN
5304 | très | L_ADV_MODIF_ADV_OU_ADJ
5309 | symbolique | L_ADJ_QUALIFICATIF_EPITHETE_POSTN
5319 | , | L_PONCTU_FAIBLE
5321 | le | L_DET_ARTICLE_DEF
5324 | " | L_PONCTU_MISE_EN_EVIDENCE
5325 | G | L_NC_U_MESURE
5326 | - | L_PONCTU_FAIBLE
5327 | 5 | L_DET_NUMERAL_CARD
5328 | " | L_NC_U_MESURE
5329 | , | L_PONCTU_FAIBLE
5331 | qui | L_PRON_REL_S
5335 | comprend | L_VERBE_PRINCIPAL_INDICATIF
5344 | les | L_DET_ARTICLE_DEF
5348 | ministres | L_NC_GEN
5358 | de | L_PREP_GENERAL
5361 | l' | L_DET_ARTICLE_DEF
5363 | intérieur | L_NC_GEN
5373 | français | L_ADJ_QUALIFICATIF_EPITHETE_POSTN
5381 | , | L_PONCTU_FAIBLE
5383 | allemand | L_NC_GEN
5391 | , | L_PONCTU_FAIBLE
5393 | espagnol | L_NC_GEN
5401 | , | L_PONCTU_FAIBLE
5403 | italien | L_ADJ_QUALIFICATIF_EPITHETE_POSTN
5411 | et | L_CONJ_COORD
5414 | britannique | L_ADJ_QUALIFICATIF_EPITHETE_POSTN
5425 | , | L_PONCTU_FAIBLE
5427 | s' | L_PRON_REFLEXIF
5429 | est | L_VERBE_COPULE_INDICATIF
5433 | réuni | L_ADJ_QUALIFICATIF_ATT_DU_S
5439 | à | L_PREP_GENERAL
5441 | Bruxelles | L_NP_GEN
5451 | avant | L_PREP_GENERAL
5457 | la | L_DET_ARTICLE_DEF
5460 | rencontre | L_NC_GEN
5470 | avec | L_PREP_GENERAL
5475 | leurs | L_DET_POSSESSIF
5481 | homologues | L_NC_GEN
5492 | de | L_PREP_GENERAL
5495 | l' | L_DET_ARTICLE_DEF
5497 | UE | L_NP_GEN
5499 | , | L_PONCTU_FAIBLE
5501 | comme | L_ADV_GENERAL
5507 | pour | L_PREP_AVEC_GV_INFINITIF
5512 | démontrer | L_VERBE_PRINCIPAL_INFINITIF
5522 | une | L_NC_GEN
5526 | certaine | L_DET_INDEFINI
5535 | réticence | L_NC_GEN
5545 | à | L_PREP_AVEC_GV_INFINITIF
5547 | partager | L_VERBE_PRINCIPAL_INFINITIF
5556 | des | L_DET_ARTICLE_INDEF
5560 | renseignements | L_NC_GEN
5575 | de | L_PREP_SUIVIE_DE_SUBS
5578 | manière | L_NC_GEN
5586 | très | L_ADV_MODIF_ADV_OU_ADJ
5591 | large | L_ADJ_QUALIFICATIF_EPITHETE_POSTN
5596 | . | L_PONCTU_FORTE
5598 | " | L_PONCTU_MISE_EN_EVIDENCE
5599 | Le | L_DET_ARTICLE_DEF
5602 | renseignement | L_NC_GEN
5616 | est | L_VERBE_PRINCIPAL_INDICATIF
5620 | la | L_DET_ARTICLE_DEF
5623 | chose | L_NC_GEN
5629 | la | L_DET_ARTICLE_DEF
5632 | plus | L_NC_GEN
5637 | difficile | L_ADJ_QUALIFICATIF_EPITHETE_POSTN
5647 | et | L_CONJ_COORD
5650 | la | L_DET_ARTICLE_DEF
5653 | plus | L_NC_GEN
5658 | complexe | L_ADJ_QUALIFICATIF_EPITHETE_POSTN
5667 | à | L_PREP_AVEC_GV_INFINITIF
5669 | mettre | L_VERBE_PRINCIPAL_INFINITIF
5676 | en | L_PREP_SUIVIE_DE_SUBS
5679 | commun | L_NC_GEN
5685 | , | L_PONCTU_FAIBLE
5687 | a | L_VERBE_AUXILIAIRE_INDICATIF
5689 | expliqué | L_VERBE_PRINCIPAL_PARTICIPE_PASSE
5698 | M. | L_NC_ANNONCEUR_NOM
5701 | Sarkozy | L_NP_GEN
5708 | , | L_PONCTU_FAIBLE
5710 | parce que | L_CONJ_SUBORD
5720 | pour | L_PREP_AVEC_GV_INFINITIF
5725 | obtenir | L_VERBE_PRINCIPAL_INFINITIF
5733 | des | L_DET_ARTICLE_INDEF
5737 | renseignements | L_NC_GEN
5751 | , | L_PONCTU_FAIBLE
5753 | il | L_PRON_PERS_CONJ_S_PREV
5756 | faut | L_VERBE_MODALITE_INDICATIF
5761 | protéger | L_VERBE_PRINCIPAL_INFINITIF
5770 | les | L_DET_ARTICLE_DEF
5774 | sources | L_NC_GEN
5781 | " | L_PONCTU_MISE_EN_EVIDENCE
5782 | , | L_PONCTU_FAIBLE
5784 | et | L_CONJ_COORD
5787 | que | L_CONJ_SUBORD
5791 | c' | L_PRON_DEMONSTRATIF
5793 | est | L_VERBE_COPULE_INDICATIF
5797 | " | L_PONCTU_MISE_EN_EVIDENCE
5798 | déjà | L_ADV_MODIF_ADV_OU_ADJ
5803 | difficile | L_ADJ_QUALIFICATIF_ATT_DU_S
5813 | à l'intérieur d' | L_PREP_GENERAL
5829 | un | L_DET_ARTICLE_INDEF
5832 | même | L_ADJ_INDEFINI_EPITHETE_PRENN
5837 | pays | L_NC_GEN
5841 | " | L_PONCTU_MISE_EN_EVIDENCE
5842 | . | L_PONCTU_FORTE
5844 | Les | L_DET_ARTICLE_DEF
5848 | cinq | L_NC_GEN
5853 | " | L_PONCTU_MISE_EN_EVIDENCE
5854 | grands | L_NC_GEN
5860 | " | L_PONCTU_MISE_EN_EVIDENCE
5862 | pays | L_NC_GEN
5866 | , | L_PONCTU_FAIBLE
5868 | qui | L_PRON_REL_S
5872 | ont | L_VERBE_PRINCIPAL_INDICATIF
5876 | " | L_PONCTU_MISE_EN_EVIDENCE
5877 | les | L_DET_ARTICLE_DEF
5881 | services | L_NC_GEN
5890 | de | L_PREP_SUIVIE_DE_SUBS
5893 | renseignement | L_NC_GEN
5907 | les | L_DET_ARTICLE_DEF
5911 | plus | L_NC_GEN
5916 | importants | L_ADJ_QUALIFICATIF_EPITHETE_POSTN
5927 | et | L_CONJ_COORD
5930 | qui | L_PRON_REL_S
5934 | ont | L_VERBE_PRINCIPAL_INDICATIF
5938 | l' | L_DET_ARTICLE_DEF
5940 | habitude | L_NC_GEN
5949 | de | L_PREP_AVEC_GV_INFINITIF
5952 | travailler | L_VERBE_PRINCIPAL_INFINITIF
5963 | ensemble | L_NC_GEN
5971 | " | L_PONCTU_MISE_EN_EVIDENCE
5973 | se méfient | L_VERBE_PRINCIPAL_INDICATIF
5984 | visiblement | L_ADV_POSTV
5996 | des | L_DET_ARTICLE_CONTRACTE
6000 | rencontres | L_NC_GEN
6011 | qui | L_PRON_REL_S
6015 | réunissent | L_VERBE_PRINCIPAL_INDICATIF
6027 | vingt-cinq | L_DET_NUMERAL_CARD
6038 | pays | L_NC_GEN
6043 | et | L_CONJ_COORD
6046 | où | L_PRON_REL_CA
6049 | le | L_DET_ARTICLE_DEF
6052 | risque | L_NC_GEN
6059 | de | L_PREP_SUIVIE_DE_SUBS
6062 | fuite | L_NC_GEN
6068 | est | L_VERBE_COPULE_INDICATIF
6072 | important | L_ADJ_QUALIFICATIF_ATT_DU_S
6081 | . | L_PONCTU_FORTE
6083 | Le | L_DET_ARTICLE_DEF
6086 | ministre | L_NC_GEN
6095 | français | L_ADJ_QUALIFICATIF_EPITHETE_POSTN
6104 | a | L_VERBE_AUXILIAIRE_INDICATIF
6106 | estimé | L_VERBE_PRINCIPAL_PARTICIPE_PASSE
6113 | que | L_CONJ_SUBORD
6117 | les | L_DET_ARTICLE_DEF
6121 | traditions | L_NC_GEN
6132 | politiques | L_ADJ_QUALIFICATIF_EPITHETE_POSTN
6142 | , | L_PONCTU_FAIBLE
6144 | les | L_DET_ARTICLE_DEF
6148 | statuts | L_NC_GEN
6155 | , | L_PONCTU_FAIBLE
6157 | la | L_DET_ARTICLE_DEF
6160 | qualité | L_NC_GEN
6168 | des | L_DET_ARTICLE_CONTRACTE
6172 | renseignements | L_NC_GEN
6187 | et | L_CONJ_COORD
6190 | les | L_DET_ARTICLE_DEF
6194 | moyens | L_NC_GEN
6201 | sont | L_VERBE_COPULE_INDICATIF
6206 | trop | L_ADV_POSTV
6211 | différents | L_ADJ_QUALIFICATIF_EPITHETE_POSTN
6222 | d' | L_PREP_GENERAL
6224 | un | L_DET_ARTICLE_INDEF
6227 | pays | L_NC_GEN
6232 | à | L_PREP_GENERAL
6234 | l' | L_DET_ARTICLE_DEF
6236 | autre | L_ADJ_QUALIFICATIF_EPITHETE_DETACHEE
6242 | pour | L_PREP_AVEC_GV_INFINITIF
6247 | créer | L_VERBE_PRINCIPAL_INFINITIF
6253 | une | L_DET_ARTICLE_INDEF
6257 | agence | L_NC_GEN
6264 | européenne | L_ADJ_QUALIFICATIF_EPITHETE_POSTN
6275 | de | L_PREP_SUIVIE_DE_SUBS
6278 | renseignement | L_NC_GEN
6291 | , | L_PONCTU_FAIBLE
6293 | " | L_PONCTU_MISE_EN_EVIDENCE
6294 | une | L_DET_ARTICLE_INDEF
6298 | fausse | L_ADJ_QUALIFICATIF_EPITHETE_PRENN
6305 | bonne | L_ADJ_QUALIFICATIF_EPITHETE_PRENN
6311 | idée | L_NC_GEN
6315 | " | L_PONCTU_MISE_EN_EVIDENCE
6316 | , | L_PONCTU_FAIBLE
6318 | selon | L_PREP_GENERAL
6324 | lui | L_PRON_PERS_DISJ_S_PREV
6327 | . | L_PONCTU_FORTE
6329 | C' | L_PRON_DEMONSTRATIF
6331 | est | L_VERBE_PRINCIPAL_INDICATIF
6335 | la | L_DET_ARTICLE_DEF
6338 | raison | L_NC_GEN
6345 | pour | L_PREP_GENERAL
6350 | laquelle | L_PRON_REL_CA
6360 | les | L_DET_ARTICLE_DEF
6364 | chefs | L_NC_GEN
6370 | des | L_DET_ARTICLE_INDEF
6374 | services | L_NC_GEN
6383 | de | L_PREP_SUIVIE_DE_SUBS
6386 | renseignement | L_NC_GEN
6400 | du | L_DET_ARTICLE_CONTRACTE
6403 | G | L_NC_U_MESURE
6404 | - | L_PONCTU_FAIBLE
6405 | 5 | L_NC_NUM_CARD
6407 | se retrouveront | L_VERBE_PRINCIPAL_INDICATIF
6423 | lundi | L_NC_JOUR
6429 | à | L_PREP_GENERAL
6431 | Madrid | L_NP_GEN
6438 | pour | L_PREP_AVEC_GV_INFINITIF
6443 | tirer | L_VERBE_PRINCIPAL_INFINITIF
6449 | les | L_DET_ARTICLE_DEF
6453 | conséquences | L_NC_GEN
6466 | des | L_DET_ARTICLE_CONTRACTE
6470 | attentats | L_NC_GEN
6480 | et | L_CONJ_COORD
6482 | , | L_PONCTU_FAIBLE
6484 | selon | L_PREP_GENERAL
6490 | Nicolas | L_NP_PRENOM
6498 | Sarkozy | L_NP_GEN
6505 | , | L_PONCTU_FAIBLE
6507 | " | L_PONCTU_MISE_EN_EVIDENCE
6508 | défricher | L_VERBE_PRINCIPAL_INFINITIF
6518 | le | L_DET_ARTICLE_DEF
6521 | terrain | L_NC_GEN
6528 | " | L_PONCTU_MISE_EN_EVIDENCE
6530 | pour | L_PREP_GENERAL
6535 | toute | L_DET_INDEFINI
6541 | l' | L_DET_ARTICLE_DEF
6543 | Union | L_NC_GEN
6549 | européenne | L_ADJ_QUALIFICATIF_EPITHETE_POSTN
6559 | . | L_PONCTU_FORTE
6561 | Avec | L_PREP_SUIVIE_DE_SUBS
6566 | AFP | L_NC_GEN
6570 | et | L_CONJ_COORD
6573 | Reuters | L_NP_GEN
6582 | - | L_PONCTU_FAIBLE
6583 | - | L_PONCTU_FAIBLE
6584 | - | L_PONCTU_FAIBLE
6585 | - | L_PONCTU_FAIBLE
6586 | - | L_PONCTU_FAIBLE
6587 | - | L_PONCTU_FAIBLE
6588 | - | L_PONCTU_FAIBLE
6589 | - | L_PONCTU_FAIBLE
6590 | - | L_PONCTU_FAIBLE
6591 | - | L_PONCTU_FAIBLE
6592 | - | L_PONCTU_FAIBLE
6593 | - | L_PONCTU_FAIBLE
6594 | - | L_PONCTU_FAIBLE
6595 | - | L_PONCTU_FAIBLE
6596 | - | L_PONCTU_FAIBLE
6597 | - | L_PONCTU_FAIBLE
6599 | Les | L_DET_ARTICLE_DEF
6603 | principales | L_NC_GEN
6615 | mesures | L_VERBE_PRINCIPAL_INDICATIF
6623 | européennes | L_ADJ_QUALIFICATIF_EPITHETE_DETACHEE
6635 | contre | L_PREP_GENERAL
6642 | le | L_DET_ARTICLE_DEF
6645 | terrorisme | L_NC_GEN
6657 | Voici | L_NP_GEN
6663 | les | L_DET_ARTICLE_DEF
6667 | principales | L_NC_GEN
6679 | mesures | L_VERBE_PRINCIPAL_INDICATIF
6687 | adoptées | L_ADJ_QUALIFICATIF_EPITHETE_DETACHEE
6696 | vendredi | L_NC_JOUR
6705 | à | L_PREP_GENERAL
6707 | Bruxelles | L_NP_GEN
6717 | par | L_PREP_GENERAL
6721 | les | L_DET_ARTICLE_DEF
6725 | ministres | L_NC_GEN
6736 | de | L_PREP_GENERAL
6739 | l' | L_DET_ARTICLE_DEF
6741 | intérieur | L_NC_GEN
6751 | et | L_CONJ_COORD
6754 | de | L_PREP_GENERAL
6757 | la | L_DET_ARTICLE_DEF
6760 | justice | L_NC_GEN
6768 | européens | L_ADJ_QUALIFICATIF_EPITHETE_POSTN
6778 | au cours de | L_PREP_GENERAL
6790 | leur | L_DET_POSSESSIF
6795 | réunion | L_NC_GEN
6803 | extraordinaire | L_ADJ_QUALIFICATIF_EPITHETE_POSTN
6817 | , | L_PONCTU_FAIBLE
6819 | élargie | L_ADJ_QUALIFICATIF_EPITHETE_DETACHEE
6827 | à | L_PREP_GENERAL
6829 | vingt-cinq | L_ADJ_NUM_CARD_ATT_DU_S
6839 | , | L_PONCTU_FAIBLE
6841 | consacrée | L_ADJ_QUALIFICATIF_EPITHETE_DETACHEE
6851 | à | L_PREP_GENERAL
6853 | la | L_DET_ARTICLE_DEF
6856 | lutte | L_NC_GEN
6862 | antiterroriste | L_ADJ_QUALIFICATIF_EPITHETE_POSTN
6876 | , | L_PONCTU_FAIBLE
6878 | après | L_PREP_GENERAL
6884 | les | L_DET_ARTICLE_DEF
6888 | attentats | L_NC_GEN
6898 | du | L_DET_ARTICLE_CONTRACTE
6901 | 11 | L_ADJ_NUM_CARD_EPITHETE_PRENN
6904 | mars | L_NC_MOIS
6909 | à | L_PREP_GENERAL
6911 | Madrid | L_NP_GEN
6917 | . | L_PONCTU_FORTE
6919 | - | L_PONCTU_FAIBLE
6921 | Nomination | L_NC_GEN
6932 | d' | L_PREP_GENERAL
6934 | un | L_DET_ARTICLE_INDEF
6937 | " | L_PONCTU_MISE_EN_EVIDENCE
6938 | M. | L_NC_GEN
6941 | Terrorisme | L_NC_GEN
6951 | " | L_PONCTU_MISE_EN_EVIDENCE
6953 | pour | L_PREP_AVEC_GV_INFINITIF
6958 | coordonner | L_VERBE_PRINCIPAL_INFINITIF
6969 | les | L_DET_ARTICLE_DEF
6973 | actions | L_NC_GEN
6981 | au | L_DET_ARTICLE_CONTRACTE
6984 | niveau | L_NC_GEN
6991 | communautaire | L_ADJ_QUALIFICATIF_EPITHETE_POSTN
7005 | dans | L_PREP_GENERAL
7010 | ce | L_DET_DEMONSTRATIF
7013 | domaine | L_NC_GEN
7020 | . | L_PONCTU_FORTE
7022 | - | L_PONCTU_FAIBLE
7024 | Création | L_NC_GEN
7033 | d' | L_PREP_GENERAL
7035 | une | L_DET_ARTICLE_INDEF
7039 | cellule | L_NC_GEN
7047 | d' | L_PREP_SUIVIE_DE_SUBS
7049 | échange | L_NC_GEN
7057 | et | L_CONJ_COORD
7060 | de | L_PREP_SUIVIE_DE_SUBS
7063 | transmission | L_NC_GEN
7076 | de | L_PREP_SUIVIE_DE_SUBS
7079 | renseignements | L_NC_GEN
7094 | entre | L_PREP_GENERAL
7100 | les | L_DET_ARTICLE_DEF
7104 | services | L_NC_GEN
7113 | spécialisés | L_ADJ_QUALIFICATIF_EPITHETE_POSTN
7125 | des | L_DET_ARTICLE_INDEF
7129 | Etats | L_NC_GEN
7135 | membres | L_NC_GEN
7142 | , | L_PONCTU_FAIBLE
7144 | pour | L_PREP_GENERAL
7149 | laquelle | L_PRON_REL_CA
7158 | le | L_DET_ARTICLE_DEF
7161 | secrétaire | L_NC_GEN
7172 | général | L_ADJ_QUALIFICATIF_EPITHETE_POSTN
7180 | du | L_DET_ARTICLE_CONTRACTE
7183 | Conseil | L_NC_GEN
7190 | , | L_PONCTU_FAIBLE
7192 | le | L_DET_ARTICLE_DEF
7195 | haut | L_ADJ_QUALIFICATIF_EPITHETE_PRENN
7200 | représentant | L_NC_GEN
7213 | Javier | L_NP_PRENOM
7220 | Solana | L_NP_GEN
7226 | , | L_PONCTU_FAIBLE
7228 | est | L_VERBE_AUXILIAIRE_INDICATIF
7232 | chargé | L_VERBE_PRINCIPAL_PARTICIPE_PASSE
7239 | de | L_PREP_SUIVIE_DE_SUBS
7242 | faire | L_NC_GEN
7248 | une | L_DET_ARTICLE_INDEF
7252 | proposition | L_NC_GEN
7264 | " | L_PONCTU_MISE_EN_EVIDENCE
7265 | dans | L_PREP_GENERAL
7270 | les | L_DET_ARTICLE_DEF
7274 | six | L_ADJ_NUM_CARD_EPITHETE_PRENN
7278 | mois | L_NC_U_MESURE
7282 | " | L_PONCTU_MISE_EN_EVIDENCE
7283 | . | L_PONCTU_FORTE
7286 | - | L_PONCTU_FAIBLE
7288 | Les | L_DET_ARTICLE_DEF
7292 | Etats | L_NC_GEN
7298 | membres | L_NC_GEN
7306 | anticipent | L_VERBE_PRINCIPAL_INDICATIF
7317 | la | L_DET_ARTICLE_DEF
7320 | " | L_PONCTU_MISE_EN_EVIDENCE
7321 | clause | L_NC_GEN
7328 | de | L_PREP_SUIVIE_DE_SUBS
7331 | solidarité | L_NC_GEN
7341 | " | L_PONCTU_MISE_EN_EVIDENCE
7343 | figurant | L_NC_GEN
7352 | dans | L_PREP_GENERAL
7357 | le | L_DET_ARTICLE_DEF
7360 | projet | L_NC_GEN
7367 | de | L_PREP_SUIVIE_DE_SUBS
7370 | Constitution | L_NC_GEN
7383 | européenne | L_ADJ_QUALIFICATIF_EPITHETE_POSTN
7393 | . | L_PONCTU_FORTE
7395 | Celle-ci | L_PRON_DEMONSTRATIF
7404 | prévoit | L_VERBE_PRINCIPAL_INDICATIF
7412 | qu' | L_CONJ_SUBORD
7415 | en cas d' | L_PREP_GENERAL
7424 | attaque | L_NC_GEN
7432 | terroriste | L_ADJ_QUALIFICATIF_EPITHETE_POSTN
7442 | , | L_PONCTU_FAIBLE
7444 | les | L_DET_ARTICLE_DEF
7448 | Etats | L_NC_GEN
7454 | membres | L_NC_GEN
7462 | se portent | L_VERBE_PRINCIPAL_INDICATIF
7473 | mutuellement | L_ADV_GENERAL
7486 | assistance | L_NC_GEN
7496 | , | L_PONCTU_FAIBLE
7498 | y compris | L_CONJ_COORD
7508 | par | L_PREP_GENERAL
7512 | des | L_DET_ARTICLE_INDEF
7516 | moyens | L_NC_GEN
7523 | militaires | L_ADJ_QUALIFICATIF_EPITHETE_POSTN
7533 | . | L_PONCTU_FORTE
7535 | - | L_PONCTU_FAIBLE
7537 | Les | L_DET_ARTICLE_DEF
7541 | Etats | L_NC_GEN
7547 | membres | L_NC_GEN
7555 | doivent | L_VERBE_PRINCIPAL_INDICATIF
7562 | , | L_PONCTU_FAIBLE
7564 | d'ici | L_ADV_GENERAL
7570 | à | L_PREP_SUIVIE_DE_SUBS
7572 | juin | L_NC_MOIS
7577 | 2004 | L_NC_NUM_CARD
7581 | , | L_PONCTU_FAIBLE
7583 | transposer | L_VERBE_PRINCIPAL_INFINITIF
7594 | les | L_DET_ARTICLE_DEF
7598 | décisions | L_NC_GEN
7608 | déjà | L_ADV_MODIF_ADV_OU_ADJ
7613 | adoptées | L_ADJ_QUALIFICATIF_EPITHETE_POSTN
7622 | au | L_DET_ARTICLE_CONTRACTE
7625 | niveau | L_NC_GEN
7632 | européen | L_ADJ_QUALIFICATIF_EPITHETE_POSTN
7640 | , | L_PONCTU_FAIBLE
7642 | comme | L_PREP_GENERAL
7648 | le | L_DET_ARTICLE_DEF
7651 | mandat d'arrêt | L_NC_GEN
7666 | européen | L_ADJ_QUALIFICATIF_EPITHETE_POSTN
7674 | , | L_PONCTU_FAIBLE
7676 | qui | L_PRON_REL_S
7680 | n' | L_ADV_PREMIER_ELEM_NEG
7682 | est | L_VERBE_PRINCIPAL_INDICATIF
7686 | pas | L_ADV_DEUXIEME_ELEM_NEG
7690 | encore | L_ADV_GENERAL
7697 | entré en vigueur | L_VERBE_PRINCIPAL_INDICATIF
7714 | dans | L_PREP_GENERAL
7719 | cinq | L_DET_NUMERAL_CARD
7724 | pays | L_NC_GEN
7728 | . | L_PONCTU_FORTE
7730 | - | L_PONCTU_FAIBLE
7732 | La | L_DET_ARTICLE_DEF
7735 | Commission | L_NC_GEN
7746 | doit | L_VERBE_PRINCIPAL_INDICATIF
7751 | présenter | L_VERBE_PRINCIPAL_INFINITIF
7761 | d'ici | L_ADV_GENERAL
7767 | à | L_PREP_SUIVIE_DE_SUBS
7769 | décembre | L_NC_MOIS
7778 | 2004 | L_NC_NUM_CARD
7783 | une | L_DET_ARTICLE_INDEF
7787 | proposition | L_NC_GEN
7799 | harmonisant | L_VERBE_PRINCIPAL_PARTICIPE_PRESENT
7811 | le | L_DET_ARTICLE_DEF
7814 | délai | L_NC_GEN
7820 | de | L_PREP_SUIVIE_DE_SUBS
7823 | conservation | L_NC_GEN
7836 | des | L_DET_ARTICLE_INDEF
7840 | données | L_NC_GEN
7848 | par | L_PREP_GENERAL
7852 | les | L_DET_ARTICLE_DEF
7856 | opérateurs | L_NC_GEN
7867 | de | L_PREP_SUIVIE_DE_SUBS
7870 | téléphonie | L_NC_GEN
7881 | et | L_CONJ_COORD
7884 | d' | L_DET_ARTICLE_CONTRACTE
7886 | Internet | L_NP_GEN
7894 | . | L_PONCTU_FORTE
7896 | - | L_PONCTU_FAIBLE
7898 | Le | L_DET_ARTICLE_DEF
7901 | principe | L_NC_GEN
7910 | d' | L_PREP_GENERAL
7912 | un | L_DET_ARTICLE_INDEF
7915 | renforcement | L_NC_GEN
7928 | de | L_PREP_GENERAL
7931 | la | L_DET_ARTICLE_DEF
7934 | sécurité | L_NC_GEN
7943 | des | L_DET_ARTICLE_CONTRACTE
7947 | navires | L_NC_GEN
7955 | et | L_CONJ_COORD
7958 | des | L_DET_ARTICLE_CONTRACTE
7962 | ports | L_NC_GEN
7967 | , | L_PONCTU_FAIBLE
7969 | comme | L_CONJ_SUBORD
7975 | cela | L_PRON_DEMONSTRATIF
7980 | a | L_VERBE_PRINCIPAL_INDICATIF
7982 | déjà | L_ADV_GENERAL
7987 | été | L_NC_GEN
7991 | fait | L_ADJ_QUALIFICATIF_EPITHETE_POSTN
7996 | dans | L_PREP_GENERAL
8001 | le | L_DET_ARTICLE_DEF
8004 | transport | L_NC_GEN
8014 | aérien | L_ADJ_QUALIFICATIF_EPITHETE_POSTN
8020 | . | L_PONCTU_FORTE
8022 | - | L_PONCTU_FAIBLE
8024 | La | L_DET_ARTICLE_DEF
8027 | Commission | L_NC_GEN
8038 | doit | L_VERBE_PRINCIPAL_INDICATIF
8043 | faire | L_VERBE_PRINCIPAL_INFINITIF
8049 | d'ici | L_ADV_GENERAL
8055 | à | L_PREP_SUIVIE_DE_SUBS
8057 | juin | L_NC_MOIS
8062 | 2004 | L_NC_NUM_CARD
8067 | une | L_DET_ARTICLE_INDEF
8071 | proposition | L_NC_GEN
8083 | sur | L_PREP_GENERAL
8087 | le | L_DET_ARTICLE_DEF
8090 | partage | L_NC_GEN
8098 | des | L_DET_ARTICLE_INDEF
8102 | données | L_NC_GEN
8110 | personnelles | L_ADJ_QUALIFICATIF_EPITHETE_POSTN
8123 | des | L_DET_ARTICLE_INDEF
8127 | passagers | L_NC_GEN
8137 | aériens | L_ADJ_QUALIFICATIF_EPITHETE_POSTN
8144 | . | L_PONCTU_FORTE
8146 | - | L_PONCTU_FAIBLE
8148 | La | L_DET_ARTICLE_DEF
8151 | Commission | L_NC_GEN
8162 | doit | L_VERBE_PRINCIPAL_INDICATIF
8167 | faire | L_VERBE_PRINCIPAL_INFINITIF
8172 | , | L_PONCTU_FAIBLE
8174 | avant | L_NC_GEN
8180 | décembre | L_NC_MOIS
8189 | 2004 | L_NC_NUM_CARD
8193 | , | L_PONCTU_FAIBLE
8195 | une | L_DET_ARTICLE_INDEF
8199 | proposition | L_NC_GEN
8211 | sur | L_PREP_GENERAL
8215 | l' | L_DET_ARTICLE_DEF
8217 | échange | L_NC_GEN
8225 | d' | L_PREP_SUIVIE_DE_SUBS
8227 | informations | L_NC_GEN
8240 | des | L_DET_ARTICLE_INDEF
8244 | traces | L_NC_GEN
8251 | ADN | L_NC_GEN
8255 | et | L_CONJ_COORD
8258 | des | L_DET_ARTICLE_CONTRACTE
8262 | empreintes | L_NC_GEN
8273 | digitales | L_ADJ_QUALIFICATIF_EPITHETE_POSTN
8283 | des | L_DET_ARTICLE_INDEF
8287 | personnes | L_NC_GEN
8297 | poursuivies | L_ADJ_QUALIFICATIF_EPITHETE_POSTN
8309 | dans | L_PREP_GENERAL
8314 | les | L_DET_ARTICLE_DEF
8318 | affaires | L_NC_GEN
8327 | de | L_PREP_SUIVIE_DE_SUBS
8330 | terrorisme | L_NC_GEN
8340 | , | L_PONCTU_FAIBLE
8342 | ainsi que | L_CONJ_COORD
8352 | sur | L_PREP_GENERAL
8356 | la | L_DET_ARTICLE_DEF
8359 | création | L_NC_GEN
8368 | d' | L_PREP_GENERAL
8370 | un | L_DET_ARTICLE_INDEF
8373 | " | L_PONCTU_MISE_EN_EVIDENCE
8374 | registre | L_NC_GEN
8383 | européen | L_ADJ_QUALIFICATIF_EPITHETE_POSTN
8391 | " | L_PONCTU_MISE_EN_EVIDENCE
8393 | des | L_DET_ARTICLE_CONTRACTE
8397 | personnes | L_NC_GEN
8407 | condamnées | L_ADJ_QUALIFICATIF_EPITHETE_POSTN
8417 | . | L_PONCTU_FORTE
8419 | - | L_PONCTU_FAIBLE
8421 | Le | L_DET_ARTICLE_DEF
8424 | statut | L_NC_GEN
8431 | des | L_DET_ARTICLE_CONTRACTE
8435 | témoins | L_NC_GEN
8443 | et | L_CONJ_COORD
8446 | des | L_DET_ARTICLE_CONTRACTE
8450 | repentis | L_NC_GEN
8459 | devra | L_VERBE_PRINCIPAL_INDICATIF
8465 | faire l'objet | L_VERBE_PRINCIPAL_INDICATIF
8479 | d' | L_DET_ARTICLE_INDEF
8481 | une | L_NC_GEN
8485 | autre | L_ADJ_QUALIFICATIF_EPITHETE_POSTN
8491 | proposition | L_NC_GEN
8503 | de | L_PREP_GENERAL
8506 | la | L_DET_ARTICLE_DEF
8509 | Commission | L_NC_GEN
8519 | . | L_PONCTU_FORTE
8521 | - | L_PONCTU_FAIBLE
8523 | La | L_DET_ARTICLE_DEF
8526 | date | L_NC_GEN
8531 | limite | L_ADJ_QUALIFICATIF_EPITHETE_POSTN
8538 | pour | L_PREP_GENERAL
8543 | l' | L_DET_ARTICLE_DEF
8545 | introduction | L_NC_GEN
8558 | de | L_PREP_GENERAL
8561 | la | L_DET_ARTICLE_DEF
8564 | biométrie | L_NC_GEN
8574 | dans | L_PREP_GENERAL
8579 | les | L_DET_ARTICLE_DEF
8583 | visas | L_NC_GEN
8589 | et | L_CONJ_COORD
8592 | les | L_DET_ARTICLE_DEF
8596 | passeports | L_NC_GEN
8607 | est | L_VERBE_PRINCIPAL_INDICATIF
8611 | avancée | L_ADJ_QUALIFICATIF_EPITHETE_DETACHEE
8619 | d' | L_PREP_GENERAL
8621 | un | L_DET_ARTICLE_INDEF
8624 | an | L_NC_GEN
8626 | , | L_PONCTU_FAIBLE
8628 | à | L_PREP_SUIVIE_DE_SUBS
8630 | fin | L_NC_GEN
8634 | 2005 | L_ADJ_NUM_CARD_EPITHETE_POSTN
8638 | . | L_PONCTU_FORTE
8640 | - | L_PONCTU_FAIBLE
8642 | Adoption | L_NC_GEN
8651 | d'ici | L_ADV_GENERAL
8658 | au | L_DET_ARTICLE_CONTRACTE
8661 | 1er | L_ADJ_NUM_ORD_EPITHETE_PRENN
8665 | mai | L_NC_MOIS
8669 | de | L_PREP_GENERAL
8672 | la | L_DET_ARTICLE_DEF
8675 | directive | L_NC_GEN
8685 | sur | L_PREP_GENERAL
8689 | l' | L_DET_ARTICLE_DEF
8691 | indemnisation | L_NC_GEN
8705 | minimale | L_ADJ_QUALIFICATIF_EPITHETE_POSTN
8714 | des | L_DET_ARTICLE_INDEF
8718 | victimes | L_NC_GEN
8727 | de | L_PREP_GENERAL
8730 | la | L_DET_ARTICLE_DEF
8733 | criminalité | L_NC_GEN
8745 | par | L_PREP_GENERAL
8749 | les | L_DET_ARTICLE_DEF
8753 | Etats | L_NC_GEN
8758 | , | L_PONCTU_FAIBLE
8760 | complétée | L_ADJ_QUALIFICATIF_EPITHETE_DETACHEE
8770 | par | L_PREP_GENERAL
8774 | des | L_DET_ARTICLE_INDEF
8778 | fonds | L_NC_GEN
8784 | européens | L_ADJ_QUALIFICATIF_EPITHETE_POSTN
8794 | d' | L_DET_ARTICLE_INDEF
8796 | urgence | L_NC_GEN
8804 | pour | L_PREP_GENERAL
8809 | celles | L_PRON_DEMONSTRATIF
8816 | du | L_DET_ARTICLE_CONTRACTE
8819 | terrorisme | L_NC_GEN
8829 | . | L_PONCTU_FORTE
