1 | Dans | L_PREP_GENERAL
6 | les | L_DET_ARTICLE_DEF
10 | filets | L_NC_GEN
17 | d' | L_PREP_GENERAL
19 | Ostende | L_NP_PRENOM
27 | R.C | L_NP_GEN
30 | . | L_PONCTU_FORTE
32 | Mis | L_ADJ_QUALIFICATIF_EPITHETE_DETACHEE
36 | en | L_PREP_SUIVIE_DE_SUBS
39 | ligne | L_NC_GEN
45 | le | L_DET_ARTICLE_DEF
48 | 22/03 | L_NC_NUM_CARD
53 | / | L_PONCTU_FAIBLE
54 | 2004 | L_NC_NUM_CARD
59 | - | L_PONCTU_FAIBLE
61 | - | L_PONCTU_FAIBLE
63 | - | L_PONCTU_FAIBLE
65 | - | L_PONCTU_FAIBLE
67 | - | L_PONCTU_FAIBLE
69 | - | L_PONCTU_FAIBLE
71 | - | L_PONCTU_FAIBLE
73 | - | L_PONCTU_FAIBLE
75 | - | L_PONCTU_FAIBLE
77 | - | L_PONCTU_FAIBLE
79 | - | L_PONCTU_FAIBLE
82 | Le | L_DET_ARTICLE_DEF
85 | conseil | L_NC_GEN
93 | des | L_DET_ARTICLE_CONTRACTE
97 | ministres | L_NC_GEN
107 | a | L_VERBE_AUXILIAIRE_INDICATIF
109 | approuvé | L_VERBE_PRINCIPAL_PARTICIPE_PASSE
118 | les | L_DET_ARTICLE_DEF
122 | projets | L_NC_GEN
130 | qui | L_PRON_REL_S
134 | étaient | L_VERBE_PRINCIPAL_INDICATIF
142 | sur | L_PREP_GENERAL
146 | la | L_DET_ARTICLE_DEF
149 | table | L_NC_GEN
154 | . | L_PONCTU_FORTE
156 | Le | L_DET_ARTICLE_DEF
159 | chapitre | L_NC_GEN
168 | « | L_PONCTU_MISE_EN_EVIDENCE
169 | Kyoto | L_NP_GEN
174 | » | L_PONCTU_MISE_EN_EVIDENCE
176 | a | L_VERBE_PRINCIPAL_INDICATIF
178 | été | L_NC_GEN
182 | rapidement | L_ADV_MODIF_ADV_OU_ADJ
193 | expédié | L_ADJ_QUALIFICATIF_EPITHETE_POSTN
201 | dès | L_PREP_GENERAL
205 | le | L_DET_ARTICLE_DEF
208 | premier | L_ADJ_NUM_ORD_EPITHETE_PRENN
216 | jour | L_NC_U_MESURE
220 | . | L_PONCTU_FORTE
222 | Sujet | L_NC_GEN
228 | qui | L_PRON_REL_S
232 | fâche | L_VERBE_PRINCIPAL_INDICATIF
237 | , | L_PONCTU_FAIBLE
239 | le | L_DET_ARTICLE_DEF
242 | dossier | L_NC_GEN
250 | « | L_PONCTU_MISE_EN_EVIDENCE
251 | allocations | L_NC_GEN
262 | » | L_PONCTU_MISE_EN_EVIDENCE
264 | a | L_VERBE_PRINCIPAL_INDICATIF
266 | été | L_NC_GEN
270 | gardé | L_ADJ_QUALIFICATIF_EPITHETE_POSTN
276 | pour | L_PREP_GENERAL
281 | la | L_DET_ARTICLE_DEF
284 | fin | L_ADJ_QUALIFICATIF_EPITHETE_DETACHEE
287 | . | L_PONCTU_FORTE
289 | Condensé | L_ADJ_QUALIFICATIF_EPITHETE_DETACHEE
298 | ci-dessous | L_ADV_GENERAL
308 | . | L_PONCTU_FORTE
310 | On | L_PRON_PERS_CONJ_S_PREV
313 | croyait | L_VERBE_PRINCIPAL_INDICATIF
321 | assister | L_VERBE_PRINCIPAL_INFINITIF
330 | à | L_PREP_GENERAL
332 | une | L_DET_ARTICLE_INDEF
336 | passe | L_NC_GEN
342 | d' | L_PREP_SUIVIE_DE_SUBS
344 | armes | L_NC_GEN
350 | en | L_PREP_SUIVIE_DE_SUBS
353 | règle | L_NC_GEN
358 | , | L_PONCTU_FAIBLE
360 | une | L_DET_ARTICLE_INDEF
364 | bagarre | L_NC_GEN
372 | rangée | L_ADJ_QUALIFICATIF_EPITHETE_POSTN
379 | entre | L_VERBE_PRINCIPAL_INDICATIF
385 | « | L_PONCTU_MISE_EN_EVIDENCE
386 | Rouges | L_ADJ_QUALIFICATIF_ATT_DU_COD
392 | » | L_PONCTU_MISE_EN_EVIDENCE
394 | et | L_CONJ_COORD
397 | « | L_PONCTU_MISE_EN_EVIDENCE
398 | Bleus | L_NC_GEN
403 | » | L_PONCTU_MISE_EN_EVIDENCE
404 | , | L_PONCTU_FAIBLE
406 | sur | L_ADJ_QUALIFICATIF_EPITHETE_POSTN
410 | fond | L_NC_GEN
415 | de | L_PREP_GENERAL
418 | clivage | L_NC_GEN
426 | idéologique | L_ADJ_QUALIFICATIF_EPITHETE_POSTN
437 | . | L_PONCTU_FORTE
439 | Les | L_DET_ARTICLE_DEF
443 | observateurs | L_NC_GEN
456 | en | L_PRON_PERS_CONJ_COI_PREV
459 | auront | L_VERBE_AUXILIAIRE_INDICATIF
466 | été | L_VERBE_PRINCIPAL_PARTICIPE_PASSE
470 | pour | L_PREP_GENERAL
475 | leurs | L_DET_POSSESSIF
481 | frais | L_NC_GEN
486 | . | L_PONCTU_FORTE
488 | Si | L_NP_PRENOM
491 | luttes | L_VERBE_PRINCIPAL_INDICATIF
498 | intestines | L_ADJ_QUALIFICATIF_EPITHETE_DETACHEE
509 | et | L_CONJ_COORD
512 | tractations | L_NC_GEN
524 | clandestines | L_ADJ_QUALIFICATIF_EPITHETE_POSTN
537 | il | L_PRON_PERS_CONJ_S_PREV
540 | y | L_PRON_PERS_CONJ_COI_PREV
542 | a | L_VERBE_AUXILIAIRE_INDICATIF
544 | eu | L_VERBE_PRINCIPAL_PARTICIPE_PASSE
546 | , | L_PONCTU_FAIBLE
548 | l' | L_DET_ARTICLE_DEF
550 | équipe | L_NC_GEN
557 | violette | L_ADJ_QUALIFICATIF_EPITHETE_POSTN
566 | affiche | L_VERBE_PRINCIPAL_INDICATIF
574 | un | L_DET_ARTICLE_INDEF
577 | bilan | L_NC_GEN
583 | quasi | L_ADV_MODIF_ADV_OU_ADJ
589 | consensuel. | L_ADJ_QUALIFICATIF_EPITHETE_DETACHEE
601 | conseil | L_NC_GEN
609 | des | L_DET_ARTICLE_CONTRACTE
613 | ministres | L_NC_GEN
623 | 1 | L_ADJ_NUM_CARD_EPITHETE_POSTN
624 | . | L_PONCTU_FORTE
626 | Kyoto | L_NP_GEN
631 | . | L_PONCTU_FORTE
633 | Pour | L_PREP_GENERAL
638 | la | L_DET_ARTICLE_DEF
641 | constitution | L_NC_GEN
654 | d' | L_PREP_GENERAL
656 | un | L_DET_ARTICLE_INDEF
659 | « | L_PONCTU_MISE_EN_EVIDENCE
660 | Plan | L_NC_GEN
665 | fédéral | L_ADJ_QUALIFICATIF_EPITHETE_POSTN
673 | climat | L_NC_GEN
679 | » | L_PONCTU_MISE_EN_EVIDENCE
681 | - | L_PONCTU_FAIBLE
683 | qui | L_PRON_REL_S
687 | doit | L_VERBE_PRINCIPAL_INDICATIF
692 | permettre | L_VERBE_PRINCIPAL_INFINITIF
702 | à | L_PREP_GENERAL
704 | la | L_DET_ARTICLE_DEF
707 | Belgique | L_NP_GEN
716 | de | L_PREP_AVEC_GV_INFINITIF
719 | respecter | L_VERBE_PRINCIPAL_INFINITIF
729 | ses | L_DET_POSSESSIF
733 | engagements | L_NC_GEN
745 | envers | L_PREP_GENERAL
752 | le | L_DET_ARTICLE_DEF
755 | Protocole | L_NC_GEN
765 | de | L_PREP_GENERAL
768 | Kyoto | L_NP_GEN
774 | - | L_PONCTU_FAIBLE
776 | le | L_DET_ARTICLE_DEF
779 | conseil | L_NC_GEN
787 | des | L_DET_ARTICLE_CONTRACTE
791 | ministres | L_NC_GEN
801 | a | L_VERBE_AUXILIAIRE_INDICATIF
803 | adopté | L_VERBE_PRINCIPAL_PARTICIPE_PASSE
810 | des | L_DET_ARTICLE_INDEF
814 | mesures | L_NC_GEN
822 | qui | L_PRON_REL_S
826 | relèvent | L_VERBE_PRINCIPAL_INDICATIF
835 | à la fois | L_ADV_GENERAL
845 | de | L_PREP_GENERAL
848 | la | L_DET_ARTICLE_DEF
851 | mobilité | L_NC_GEN
859 | , | L_PONCTU_FAIBLE
861 | de | L_PREP_SUIVIE_DE_SUBS
864 | l | L_NC_U_MESURE
865 | ' | L_PONCTU_MISE_EN_EVIDENCE
867 | énergie | L_NC_GEN
875 | et | L_CONJ_COORD
878 | de | L_PREP_GENERAL
881 | la | L_DET_ARTICLE_DEF
884 | fiscalité | L_NC_GEN
893 | . | L_PONCTU_FORTE
895 | Entre | L_PREP_GENERAL
901 | autres | L_PRON_INDEFINI
908 | mesures | L_VERBE_PRINCIPAL_INDICATIF
915 | , | L_PONCTU_FAIBLE
917 | les | L_DET_ARTICLE_DEF
921 | centrales | L_NC_GEN
931 | à | L_PREP_SUIVIE_DE_SUBS
933 | charbon | L_NC_GEN
941 | de | L_PREP_SUIVIE_DE_SUBS
944 | Mol | L_NC_U_MESURE
948 | et | L_CONJ_COORD
951 | Awirs | L_NP_GEN
957 | passeront | L_VERBE_PRINCIPAL_INDICATIF
967 | à | L_PREP_GENERAL
969 | la | L_DET_ARTICLE_DEF
972 | biomasse | L_NC_GEN
981 | en | L_PREP_GENERAL
984 | 2009 | L_NC_NUM_CARD
988 | , | L_PONCTU_FAIBLE
990 | le | L_DET_ARTICLE_DEF
993 | projet | L_NC_GEN
1000 | de | L_PREP_SUIVIE_DE_SUBS
1003 | parc | L_NC_GEN
1008 | à | L_PREP_SUIVIE_DE_SUBS
1010 | éoliennes | L_NC_GEN
1020 | en | L_PREP_SUIVIE_DE_SUBS
1023 | mer | L_NC_GEN
1027 | du | L_DET_ARTICLE_CONTRACTE
1030 | Nord | L_NC_GEN
1035 | - | L_PONCTU_FAIBLE
1037 | Thorntonbank | L_NP_GEN
1050 | - | L_PONCTU_FAIBLE
1052 | doit | L_VERBE_PRINCIPAL_INDICATIF
1057 | être | L_VERBE_COPULE_INFINITIF
1062 | exécuté | L_ADJ_QUALIFICATIF_ATT_DU_S
1070 | dans | L_PREP_GENERAL
1075 | sa | L_DET_POSSESSIF
1078 | totalité | L_NC_GEN
1086 | . | L_PONCTU_FORTE
1088 | Le | L_DET_ARTICLE_DEF
1091 | gouvernement | L_NC_GEN
1104 | va | L_VERBE_PRINCIPAL_INDICATIF
1107 | aussi | L_ADV_POSTV
1113 | favoriser | L_VERBE_PRINCIPAL_INFINITIF
1123 | l' | L_DET_ARTICLE_DEF
1125 | acquisition | L_NC_GEN
1137 | de | L_PREP_SUIVIE_DE_SUBS
1140 | véhicules | L_NC_GEN
1150 | plus | L_ADV_GENERAL
1155 | propres | L_NC_GEN
1162 | . | L_PONCTU_FORTE
1164 | Ainsi | L_ADV_GENERAL
1169 | , | L_PONCTU_FAIBLE
1171 | dès | L_PREP_GENERAL
1175 | 2005 | L_NC_NUM_CARD
1179 | , | L_PONCTU_FAIBLE
1181 | pour | L_PREP_GENERAL
1186 | un | L_DET_ARTICLE_INDEF
1189 | véhicule | L_NC_GEN
1198 | émettant | L_VERBE_PRINCIPAL_PARTICIPE_PRESENT
1207 | moins | L_NC_GEN
1213 | de | L_PREP_GENERAL
1216 | 105 | L_DET_NUMERAL_CARD
1220 | grammes | L_NC_U_MESURE
1228 | de | L_PREP_SUIVIE_DE_SUBS
1231 | CO | L_NC_GEN
1234 | 2 | L_NC_NUM_CARD
1236 | par | L_PREP_SUIVIE_DE_SUBS
1240 | km | L_NC_U_MESURE
1242 | , | L_PONCTU_FAIBLE
1244 | une | L_DET_ARTICLE_INDEF
1248 | réduction | L_NC_GEN
1258 | d' | L_PREP_SUIVIE_DE_SUBS
1260 | impôt | L_NC_GEN
1266 | équivalente | L_ADJ_QUALIFICATIF_EPITHETE_POSTN
1278 | à | L_PREP_GENERAL
1280 | 15 | L_DET_NUMERAL_CARD
1283 | pc | L_NC_U_MESURE
1286 | du | L_DET_ARTICLE_CONTRACTE
1289 | prix | L_NC_GEN
1294 | sera | L_VERBE_AUXILIAIRE_INDICATIF
1299 | accordée | L_VERBE_PRINCIPAL_PARTICIPE_PASSE
1307 | , | L_PONCTU_FAIBLE
1309 | avec | L_ADV_GENERAL
1314 | un | L_DET_ARTICLE_INDEF
1317 | maximum | L_NC_GEN
1325 | de | L_PREP_GENERAL
1328 | 4000 | L_DET_NUMERAL_CARD
1333 | € | L_NC_U_MESURE
1334 | . | L_PONCTU_FORTE
1336 | Il | L_PRON_PERS_CONJ_S_PREV
1339 | s'agit | L_VERBE_PRINCIPAL_INDICATIF
1346 | notamment | L_ADV_GENERAL
1356 | de | L_PREP_GENERAL
1359 | l' | L_DET_ARTICLE_DEF
1361 | Audi | L_NP_GEN
1366 | A | L_NC_U_MESURE
1368 | 2 | L_DET_NUMERAL_CARD
1370 | diesel | L_NC_GEN
1376 | , | L_PONCTU_FAIBLE
1378 | de | L_PREP_GENERAL
1381 | la | L_DET_ARTICLE_DEF
1384 | Smart | L_ADJ_QUALIFICATIF_EPITHETE_DETACHEE
1390 | diesel | L_ADJ_QUALIFICATIF_EPITHETE_DETACHEE
1396 | , | L_PONCTU_FAIBLE
1398 | de | L_PREP_GENERAL
1401 | la | L_DET_ARTICLE_DEF
1404 | Toyota | L_NP_GEN
1411 | Prius | L_NP_GEN
1417 | à | L_PREP_SUIVIE_DE_SUBS
1419 | moteur | L_NC_GEN
1426 | hybride | L_ADJ_QUALIFICATIF_EPITHETE_POSTN
1433 | . | L_PONCTU_FORTE
1435 | Pour | L_PREP_GENERAL
1440 | l' | L_DET_ARTICLE_DEF
1442 | acquisition | L_NC_GEN
1454 | d' | L_PREP_GENERAL
1456 | un | L_DET_ARTICLE_INDEF
1459 | véhicule | L_NC_GEN
1468 | émettant | L_VERBE_PRINCIPAL_PARTICIPE_PRESENT
1477 | entre | L_PREP_GENERAL
1483 | 105 | L_DET_NUMERAL_CARD
1487 | et | L_CONJ_COORD
1490 | 115 | L_DET_NUMERAL_CARD
1494 | grammes | L_NC_U_MESURE
1502 | de | L_PREP_SUIVIE_DE_SUBS
1505 | CO | L_NC_GEN
1508 | 2 | L_NC_NUM_CARD
1510 | par | L_PREP_SUIVIE_DE_SUBS
1514 | km | L_NC_U_MESURE
1516 | , | L_PONCTU_FAIBLE
1518 | la | L_DET_ARTICLE_DEF
1521 | réduction | L_NC_GEN
1531 | d' | L_PREP_SUIVIE_DE_SUBS
1533 | impôt | L_NC_GEN
1539 | équivaut | L_VERBE_PRINCIPAL_INDICATIF
1548 | à | L_PREP_GENERAL
1550 | 3 | L_DET_NUMERAL_CARD
1552 | pc | L_NC_U_MESURE
1555 | du | L_DET_ARTICLE_CONTRACTE
1558 | prix | L_NC_GEN
1563 | avec | L_PREP_GENERAL
1568 | un | L_DET_ARTICLE_INDEF
1571 | maximum | L_NC_GEN
1579 | de | L_PREP_GENERAL
1582 | 750 | L_DET_NUMERAL_CARD
1586 | € | L_NC_U_MESURE
1587 | . | L_PONCTU_FORTE
1589 | Il | L_PRON_PERS_CONJ_S_PREV
1592 | s'agit | L_VERBE_PRINCIPAL_INDICATIF
1599 | notamment | L_ADV_GENERAL
1609 | de | L_PREP_GENERAL
1612 | la | L_DET_ARTICLE_DEF
1615 | Ford | L_NP_GEN
1620 | Fiesta | L_NC_GEN
1627 | diesel | L_ADJ_QUALIFICATIF_EPITHETE_POSTN
1633 | , | L_PONCTU_FAIBLE
1635 | des | L_DET_ARTICLE_CONTRACTE
1639 | Citroën | L_NP_GEN
1647 | C | L_NC_U_MESURE
1649 | 2 | L_DET_NUMERAL_CARD
1651 | et | L_CONJ_COORD
1654 | C | L_NC_U_MESURE
1656 | 3 | L_DET_NUMERAL_CARD
1658 | diesel | L_NC_GEN
1664 | , | L_PONCTU_FAIBLE
1666 | de | L_PREP_GENERAL
1669 | la | L_DET_ARTICLE_DEF
1672 | Renault | L_NP_GEN
1680 | Clio | L_NP_PRENOM
1685 | diesel | L_NC_GEN
1691 | . | L_PONCTU_FORTE
1693 | Pour | L_PREP_GENERAL
1698 | le | L_DET_ARTICLE_DEF
1701 | déplacement | L_NC_GEN
1713 | domicile | L_NC_GEN
1722 | lieu | L_NC_GEN
1727 | de | L_PREP_GENERAL
1730 | travail | L_NC_GEN
1738 | par | L_PREP_GENERAL
1742 | des | L_DET_ARTICLE_INDEF
1746 | moyens | L_NC_GEN
1753 | de | L_PREP_SUIVIE_DE_SUBS
1756 | transport | L_NC_GEN
1766 | écologique | L_ADJ_QUALIFICATIF_EPITHETE_POSTN
1777 | ( | L_PONCTU_PARENTHESE
1778 | à | L_PREP_SUIVIE_DE_SUBS
1780 | pied | L_NC_GEN
1784 | , | L_PONCTU_FAIBLE
1786 | à | L_PREP_SUIVIE_DE_SUBS
1788 | vélo | L_NC_GEN
1792 | , | L_PONCTU_FAIBLE
1794 | en | L_PREP_SUIVIE_DE_SUBS
1797 | covoiturage | L_NC_GEN
1808 | . | L_PONCTU_FORTE
1809 | . | L_PONCTU_FORTE
1810 | . | L_PONCTU_FORTE
1811 | ) | L_PONCTU_PARENTHESE
1812 | , | L_PONCTU_FAIBLE
1814 | la | L_DET_ARTICLE_DEF
1817 | distance | L_NC_GEN
1826 | maximale | L_ADJ_QUALIFICATIF_EPITHETE_POSTN
1835 | prise en compte | L_VERBE_PRINCIPAL_INDICATIF
1851 | pour | L_PREP_GENERAL
1856 | la | L_DET_ARTICLE_DEF
1859 | déductibilité | L_NC_GEN
1873 | fiscale | L_ADJ_QUALIFICATIF_EPITHETE_POSTN
1881 | sera | L_VERBE_AUXILIAIRE_INDICATIF
1886 | portée | L_VERBE_PRINCIPAL_PARTICIPE_PASSE
1893 | à | L_PREP_GENERAL
1895 | 75 | L_DET_NUMERAL_CARD
1898 | km | L_NC_U_MESURE
1901 | par | L_PREP_SUIVIE_DE_SUBS
1905 | trajet | L_NC_GEN
1912 | à | L_PREP_AVEC_GV_INFINITIF
1914 | partir | L_VERBE_PRINCIPAL_INFINITIF
1921 | du | L_DET_ARTICLE_CONTRACTE
1924 | 1er | L_ADJ_NUM_ORD_EPITHETE_PRENN
1928 | janvier | L_NC_MOIS
1936 | 2005 | L_NC_NUM_CARD
1941 | et | L_CONJ_COORD
1944 | à | L_PREP_GENERAL
1946 | 100 | L_DET_NUMERAL_CARD
1950 | km | L_NC_U_MESURE
1953 | par | L_PREP_SUIVIE_DE_SUBS
1957 | trajet | L_NC_GEN
1964 | à | L_PREP_AVEC_GV_INFINITIF
1966 | partir | L_VERBE_PRINCIPAL_INFINITIF
1973 | du | L_DET_ARTICLE_CONTRACTE
1976 | 1er | L_ADJ_NUM_ORD_EPITHETE_PRENN
1980 | janvier | L_NC_MOIS
1988 | 2006 | L_NC_NUM_CARD
1992 | . | L_PONCTU_FORTE
1994 | Le | L_DET_ARTICLE_DEF
1997 | gouvernement | L_NC_GEN
2010 | a | L_VERBE_PRINCIPAL_INDICATIF
2012 | aussi | L_ADV_POSTV
2018 | décidé | L_ADJ_QUALIFICATIF_ATT_DU_S
2025 | de | L_PREP_AVEC_GV_INFINITIF
2028 | réduire | L_VERBE_PRINCIPAL_INFINITIF
2036 | les | L_DET_ARTICLE_DEF
2040 | impôts | L_NC_GEN
2047 | pour | L_PREP_GENERAL
2052 | les | L_DET_ARTICLE_DEF
2056 | investissements | L_NC_GEN
2072 | économiseurs | L_ADJ_QUALIFICATIF_EPITHETE_POSTN
2085 | d' | L_DET_ARTICLE_INDEF
2087 | énergie | L_NC_GEN
2095 | pour | L_PREP_GENERAL
2100 | les | L_DET_ARTICLE_DEF
2104 | entreprises | L_NC_GEN
2116 | et | L_CONJ_COORD
2119 | pour | L_PREP_GENERAL
2124 | les | L_DET_ARTICLE_DEF
2128 | particuliers | L_ADJ_QUALIFICATIF_EPITHETE_DETACHEE
2140 | . | L_PONCTU_FORTE
2142 | Pour | L_PREP_GENERAL
2147 | les | L_DET_ARTICLE_DEF
2151 | aménagements | L_NC_GEN
2164 | dans | L_PREP_GENERAL
2169 | les | L_DET_ARTICLE_DEF
2173 | habitations | L_NC_GEN
2184 | , | L_PONCTU_FAIBLE
2186 | la | L_DET_ARTICLE_DEF
2189 | réduction | L_NC_GEN
2199 | passe | L_VERBE_PRINCIPAL_INDICATIF
2205 | de | L_PREP_GENERAL
2208 | 15 | L_DET_NUMERAL_CARD
2211 | à | L_PREP_GENERAL
2213 | 40 | L_DET_NUMERAL_CARD
2216 | pc | L_NC_U_MESURE
2218 | , | L_PONCTU_FAIBLE
2220 | quel | L_PRON_INTERRO_COD
2225 | que | L_ADV_COMPAR
2229 | soit | L_ADV_GENERAL
2234 | le | L_DET_ARTICLE_DEF
2237 | type | L_NC_GEN
2242 | d' | L_PREP_SUIVIE_DE_SUBS
2244 | investissement | L_NC_GEN
2258 | , | L_PONCTU_FAIBLE
2260 | et | L_CONJ_COORD
2263 | les | L_DET_ARTICLE_DEF
2267 | locataires | L_NC_GEN
2278 | peuvent | L_VERBE_PRINCIPAL_INDICATIF
2286 | également | L_ADV_GENERAL
2296 | en | L_PREP_GENERAL
2299 | bénéficier | L_VERBE_PRINCIPAL_INFINITIF
2310 | alors qu' | L_CONJ_SUBORD
2319 | actuellement | L_ADV_GENERAL
2332 | les | L_DET_ARTICLE_DEF
2336 | mesures | L_NC_GEN
2344 | ne | L_ADV_PREMIER_ELEM_NEG
2347 | sont | L_VERBE_COPULE_INDICATIF
2352 | valables | L_ADJ_QUALIFICATIF_ATT_DU_S
2361 | que | L_CONJ_SUBORD
2365 | pour | L_PREP_GENERAL
2370 | les | L_DET_ARTICLE_DEF
2374 | propriétaires | L_ADJ_QUALIFICATIF_EPITHETE_DETACHEE
2387 | . | L_PONCTU_FORTE
2389 | Le | L_DET_ARTICLE_DEF
2392 | gouvernement | L_NC_GEN
2405 | veut | L_VERBE_PRINCIPAL_INDICATIF
2410 | aussi | L_ADV_POSTV
2416 | promouvoir | L_VERBE_PRINCIPAL_INFINITIF
2427 | le | L_DET_ARTICLE_DEF
2430 | mazout | L_NC_GEN
2437 | « | L_PONCTU_MISE_EN_EVIDENCE
2438 | extra | L_ADJ_QUALIFICATIF_EPITHETE_POSTN
2443 | » | L_PONCTU_MISE_EN_EVIDENCE
2445 | en | L_PREP_AVEC_PART_PRESENT
2448 | diminuant | L_VERBE_PRINCIPAL_PARTICIPE_PRESENT
2458 | encore | L_ADV_POSTV
2465 | la | L_DET_ARTICLE_DEF
2468 | cotisation | L_NC_GEN
2479 | spéciale | L_ADJ_QUALIFICATIF_EPITHETE_POSTN
2488 | énergie | L_NC_GEN
2496 | sur | L_PREP_GENERAL
2500 | ce | L_DET_DEMONSTRATIF
2503 | type | L_NC_GEN
2508 | de | L_PREP_SUIVIE_DE_SUBS
2511 | carburant | L_NC_GEN
2521 | qui | L_PRON_REL_S
2525 | sera | L_VERBE_AUXILIAIRE_INDICATIF
2530 | traité | L_VERBE_PRINCIPAL_PARTICIPE_PASSE
2536 | , | L_PONCTU_FAIBLE
2538 | à | L_PREP_AVEC_GV_INFINITIF
2540 | partir | L_VERBE_PRINCIPAL_INFINITIF
2547 | de | L_PREP_GENERAL
2550 | 2007 | L_NC_NUM_CARD
2554 | , | L_PONCTU_FAIBLE
2556 | sur | L_PREP_GENERAL
2560 | le | L_DET_ARTICLE_DEF
2563 | même | L_ADJ_INDEFINI_EPITHETE_PRENN
2568 | pied | L_NC_GEN
2573 | que | L_CONJ_SUBORD
2577 | le | L_DET_ARTICLE_DEF
2580 | gaz | L_NC_GEN
2584 | naturel | L_ADJ_QUALIFICATIF_EPITHETE_POSTN
2591 | . | L_PONCTU_FORTE
2593 | Parmi | L_PREP_GENERAL
2599 | les | L_DET_ARTICLE_DEF
2603 | autres | L_PRON_INDEFINI
2610 | mesures | L_VERBE_PRINCIPAL_INDICATIF
2617 | , | L_PONCTU_FAIBLE
2619 | on | L_PRON_PERS_CONJ_S_PREV
2622 | relève | L_VERBE_PRINCIPAL_INDICATIF
2629 | encore | L_ADV_POSTV
2636 | la | L_DET_ARTICLE_DEF
2639 | volonté | L_NC_GEN
2647 | de | L_PREP_GENERAL
2650 | l' | L_DET_ARTICLE_DEF
2652 | Etat | L_NC_GEN
2657 | de | L_PREP_AVEC_GV_INFINITIF
2660 | veiller | L_VERBE_PRINCIPAL_INFINITIF
2668 | à | L_PREP_GENERAL
2670 | ce | L_PRON_DEMONSTRATIF
2673 | que | L_CONJ_SUBORD
2677 | son | L_DET_POSSESSIF
2681 | propre | L_ADJ_QUALIFICATIF_EPITHETE_PRENN
2688 | parc | L_NC_GEN
2693 | automobile | L_ADJ_QUALIFICATIF_EPITHETE_POSTN
2704 | soit | L_CONJ_COORD
2709 | le | L_DET_ARTICLE_DEF
2712 | plus | L_NC_GEN
2717 | écologique | L_ADJ_QUALIFICATIF_EPITHETE_POSTN
2728 | possible | L_ADJ_QUALIFICATIF_EPITHETE_POSTN
2736 | . | L_PONCTU_FORTE
2738 | Il | L_PRON_PERS_CONJ_S_PREV
2741 | va | L_VERBE_PRINCIPAL_INDICATIF
2744 | également | L_ADV_POSTV
2754 | favoriser | L_VERBE_PRINCIPAL_INFINITIF
2764 | le | L_DET_ARTICLE_DEF
2767 | transport | L_NC_GEN
2777 | ferroviaire | L_ADJ_QUALIFICATIF_EPITHETE_POSTN
2789 | de | L_PREP_SUIVIE_DE_SUBS
2792 | marchandises | L_NC_GEN
2805 | sur | L_ADJ_QUALIFICATIF_EPITHETE_POSTN
2809 | de | L_PREP_SUIVIE_DE_SUBS
2812 | petites | L_ADJ_QUALIFICATIF_EPITHETE_PRENN
2820 | distances | L_NC_GEN
2829 | , | L_PONCTU_FAIBLE
2831 | l' | L_DET_ARTICLE_DEF
2833 | utilisation | L_NC_GEN
2845 | de | L_PREP_SUIVIE_DE_SUBS
2848 | biocarburant | L_NC_GEN
2861 | et | L_CONJ_COORD
2864 | les | L_DET_ARTICLE_DEF
2868 | investissements | L_NC_GEN
2884 | écologiques | L_ADJ_QUALIFICATIF_EPITHETE_POSTN
2896 | dans | L_PREP_GENERAL
2901 | les | L_DET_ARTICLE_DEF
2905 | pays | L_NC_GEN
2910 | en | L_PREP_SUIVIE_DE_SUBS
2913 | voie | L_NC_GEN
2918 | de | L_PREP_SUIVIE_DE_SUBS
2921 | développement | L_NC_GEN
2934 | . | L_PONCTU_FORTE
2936 | 2 | L_PRON_NUM_CARD
2937 | . | L_PONCTU_FORTE
2939 | Grandes | L_ADJ_QUALIFICATIF_EPITHETE_PRENN
2947 | villes | L_NC_GEN
2954 | et | L_CONJ_COORD
2957 | logement | L_NC_GEN
2965 | . | L_PONCTU_FORTE
2967 | La | L_DET_ARTICLE_DEF
2970 | prime | L_NC_GEN
2976 | d' | L_PREP_SUIVIE_DE_SUBS
2978 | installation | L_NC_GEN
2991 | - | L_PONCTU_FAIBLE
2993 | 793 | L_DET_NUMERAL_CARD
2997 | € | L_NC_U_MESURE
2999 | - | L_PONCTU_FAIBLE
3001 | est | L_VERBE_COPULE_INDICATIF
3005 | élargie | L_ADJ_QUALIFICATIF_ATT_DU_S
3013 | aux | L_DET_ARTICLE_CONTRACTE
3017 | sans-abris | L_NC_GEN
3027 | , | L_PONCTU_FAIBLE
3029 | aux | L_DET_ARTICLE_CONTRACTE
3033 | bénéficiaires | L_NC_GEN
3047 | du | L_DET_ARTICLE_CONTRACTE
3050 | revenu | L_NC_GEN
3057 | d' | L_PREP_SUIVIE_DE_SUBS
3059 | intégration | L_NC_GEN
3071 | sociale | L_ADJ_QUALIFICATIF_EPITHETE_POSTN
3079 | ( | L_PONCTU_PARENTHESE
3080 | RIS | L_NC_GEN
3083 | ) | L_PONCTU_PARENTHESE
3085 | et | L_CONJ_COORD
3088 | au | L_DET_ARTICLE_CONTRACTE
3091 | public | L_NC_GEN
3098 | en | L_PREP_SUIVIE_DE_SUBS
3101 | difficulté | L_NC_GEN
3111 | . | L_PONCTU_FORTE
3113 | Elle | L_PRON_PERS_CONJ_S_PREV
3118 | sera | L_VERBE_PRINCIPAL_INDICATIF
3123 | également | L_ADV_GENERAL
3133 | allouée | L_ADJ_QUALIFICATIF_EPITHETE_DETACHEE
3141 | aux | L_DET_ARTICLE_CONTRACTE
3145 | femmes | L_NC_GEN
3152 | battues | L_ADJ_QUALIFICATIF_EPITHETE_POSTN
3160 | que | L_PRON_REL_COD
3164 | l'on | L_PRON_PERS_CONJ_S_PREV
3169 | estime | L_VERBE_PRINCIPAL_INDICATIF
3176 | à | L_PREP_GENERAL
3178 | près de | L_PREP_GENERAL
3186 | 4.000 | L_NC_NUM_CARD
3191 | . | L_PONCTU_FORTE
3193 | Il | L_PRON_PERS_CONJ_S_PREV
3196 | a | L_VERBE_PRINCIPAL_INDICATIF
3198 | aussi | L_ADV_GENERAL
3204 | été | L_NC_GEN
3208 | décidé | L_ADJ_QUALIFICATIF_EPITHETE_POSTN
3215 | de | L_PREP_SUIVIE_DE_SUBS
3218 | faire | L_NC_GEN
3224 | en | L_PREP_SUIVIE_DE_SUBS
3227 | sorte | L_NC_GEN
3233 | que | L_CONJ_SUBORD
3237 | les | L_DET_ARTICLE_DEF
3241 | CPAS | L_NC_U_MESURE
3246 | pourront | L_VERBE_PRINCIPAL_INDICATIF
3255 | verser | L_VERBE_PRINCIPAL_INFINITIF
3262 | la | L_DET_ARTICLE_DEF
3265 | garantie | L_NC_GEN
3274 | locative | L_ADJ_QUALIFICATIF_EPITHETE_POSTN
3283 | ou | L_CONJ_COORD
3286 | se | L_PRON_REFLEXIF
3289 | porter | L_VERBE_PRINCIPAL_INFINITIF
3296 | garant | L_NC_GEN
3303 | pour | L_PREP_GENERAL
3308 | ceux | L_PRON_DEMONSTRATIF
3313 | qui | L_PRON_REL_S
3317 | ne | L_ADV_PREMIER_ELEM_NEG
3320 | trouvent | L_VERBE_COPULE_INDICATIF
3329 | pas | L_ADV_DEUXIEME_ELEM_NEG
3333 | de | L_PREP_SUIVIE_DE_SUBS
3336 | logement | L_NC_GEN
3345 | parce qu' | L_CONJ_SUBORD
3354 | ils | L_PRON_PERS_CONJ_S_PREV
3358 | ne | L_ADV_PREMIER_ELEM_NEG
3361 | sont | L_VERBE_PRINCIPAL_INDICATIF
3366 | pas | L_ADV_DEUXIEME_ELEM_NEG
3370 | en | L_PREP_SUIVIE_DE_SUBS
3373 | état | L_NC_GEN
3378 | de | L_PREP_AVEC_GV_INFINITIF
3381 | verser | L_VERBE_PRINCIPAL_INFINITIF
3388 | la | L_DET_ARTICLE_DEF
3391 | caution | L_NC_GEN
3399 | de | L_PREP_GENERAL
3402 | trois | L_DET_NUMERAL_CARD
3408 | mois | L_NC_U_MESURE
3413 | demandée | L_ADJ_QUALIFICATIF_EPITHETE_POSTN
3422 | par | L_PREP_GENERAL
3426 | le | L_DET_ARTICLE_DEF
3429 | propriétaire | L_ADJ_QUALIFICATIF_EPITHETE_DETACHEE
3441 | . | L_PONCTU_FORTE
3443 | Le | L_DET_ARTICLE_DEF
3446 | locataire | L_NC_GEN
3456 | bénéficiaire | L_ADJ_QUALIFICATIF_EPITHETE_POSTN
3469 | devra | L_VERBE_PRINCIPAL_INDICATIF
3475 | ensuite | L_ADV_GENERAL
3483 | progressivement | L_ADV_GENERAL
3499 | constituer | L_VERBE_PRINCIPAL_INFINITIF
3510 | lui | L_PRON_PERS_DISJ_S_PREV
3514 | même | L_ADV_GENERAL
3519 | sa | L_DET_POSSESSIF
3522 | garantie | L_NC_GEN
3530 | . | L_PONCTU_FORTE
3532 | Avec | L_PREP_GENERAL
3537 | les | L_DET_ARTICLE_DEF
3541 | moyens | L_NC_GEN
3548 | disponibles | L_ADJ_QUALIFICATIF_EPITHETE_POSTN
3559 | , | L_PONCTU_FAIBLE
3561 | cette | L_DET_DEMONSTRATIF
3567 | mesure | L_NC_GEN
3574 | devrait | L_VERBE_PRINCIPAL_INDICATIF
3582 | permettre | L_VERBE_PRINCIPAL_INFINITIF
3592 | de | L_PREP_AVEC_GV_INFINITIF
3595 | résoudre | L_VERBE_PRINCIPAL_INFINITIF
3604 | 20.000 | L_DET_NUMERAL_CARD
3611 | dossiers | L_NC_GEN
3619 | , | L_PONCTU_FAIBLE
3621 | a | L_VERBE_AUXILIAIRE_INDICATIF
3623 | précisé | L_VERBE_PRINCIPAL_PARTICIPE_PASSE
3631 | la | L_DET_ARTICLE_DEF
3634 | ministre | L_NC_GEN
3643 | des | L_DET_ARTICLE_INDEF
3647 | grandes | L_ADJ_QUALIFICATIF_EPITHETE_PRENN
3655 | villes | L_NC_GEN
3661 | , | L_PONCTU_FAIBLE
3663 | Marie | L_NP_PRENOM
3669 | Arena | L_NP_GEN
3674 | . | L_PONCTU_FORTE
3676 | Enfin | L_ADV_GENERAL
3681 | , | L_PONCTU_FAIBLE
3683 | le | L_DET_ARTICLE_DEF
3686 | Conseil | L_NC_GEN
3694 | a | L_VERBE_AUXILIAIRE_INDICATIF
3696 | décidé | L_VERBE_PRINCIPAL_PARTICIPE_PASSE
3703 | d' | L_PREP_AVEC_GV_INFINITIF
3705 | augmenter | L_VERBE_PRINCIPAL_INFINITIF
3715 | de | L_PREP_GENERAL
3718 | 15 | L_DET_NUMERAL_CARD
3721 | millions | L_NC_NUM_CARD
3730 | d' | L_PREP_SUIVIE_DE_SUBS
3732 | euros | L_NC_U_MESURE
3738 | les | L_DET_ARTICLE_DEF
3742 | fonds | L_NC_GEN
3748 | à | L_PREP_SUIVIE_DE_SUBS
3750 | disposition | L_NC_GEN
3762 | des | L_DET_ARTICLE_INDEF
3766 | grandes | L_ADJ_QUALIFICATIF_EPITHETE_PRENN
3774 | villes | L_NC_GEN
3781 | pour | L_PREP_GENERAL
3786 | la | L_DET_ARTICLE_DEF
3789 | promotion | L_NC_GEN
3799 | du | L_DET_ARTICLE_CONTRACTE
3802 | logement | L_NC_GEN
3811 | et | L_CONJ_COORD
3814 | ce | L_PRON_DEMONSTRATIF
3817 | en | L_PREP_GENERAL
3820 | accord | L_NC_GEN
3827 | avec | L_PREP_GENERAL
3832 | les | L_DET_ARTICLE_DEF
3836 | bourgmestres | L_NC_GEN
3848 | . | L_PONCTU_FORTE
3850 | On | L_PRON_PERS_CONJ_S_PREV
3853 | étendra | L_VERBE_PRINCIPAL_INDICATIF
3861 | également | L_ADV_POSTV
3871 | la | L_DET_ARTICLE_DEF
3874 | liste | L_NC_GEN
3880 | des | L_DET_ARTICLE_CONTRACTE
3884 | quartiers | L_NC_GEN
3894 | où | L_PRON_REL_CA
3897 | la | L_DET_ARTICLE_DEF
3900 | rénovation | L_NC_GEN
3911 | d' | L_PREP_SUIVIE_DE_SUBS
3913 | immeubles | L_NC_GEN
3923 | bénéficie | L_VERBE_PRINCIPAL_INDICATIF
3933 | de | L_PREP_SUIVIE_DE_SUBS
3936 | primes | L_NC_GEN
3943 | particulières | L_ADJ_QUALIFICATIF_EPITHETE_POSTN
3956 | . | L_PONCTU_FORTE
3958 | 3 | L_PRON_NUM_CARD
3959 | . | L_PONCTU_FORTE
3961 | Médicaments | L_NC_GEN
3972 | . | L_PONCTU_FORTE
3974 | Le | L_DET_ARTICLE_DEF
3977 | Conseil | L_NC_GEN
3985 | d' | L_PREP_GENERAL
3987 | Ostende | L_NP_GEN
3995 | a | L_VERBE_AUXILIAIRE_INDICATIF
3997 | pris | L_VERBE_PRINCIPAL_PARTICIPE_PASSE
4002 | des | L_DET_ARTICLE_INDEF
4006 | mesures | L_NC_GEN
4014 | qui | L_PRON_REL_S
4018 | visent | L_VERBE_PRINCIPAL_INDICATIF
4025 | à | L_PREP_GENERAL
4027 | une | L_DET_ARTICLE_INDEF
4031 | utilisation | L_NC_GEN
4043 | rationnelle | L_ADJ_QUALIFICATIF_EPITHETE_POSTN
4055 | des | L_DET_ARTICLE_INDEF
4059 | médicaments | L_NC_GEN
4071 | dont | L_PRON_REL_CN
4076 | la | L_DET_ARTICLE_DEF
4079 | promotion | L_NC_GEN
4089 | des | L_DET_ARTICLE_CONTRACTE
4093 | médicaments | L_NC_GEN
4105 | moins | L_ADV_COMPAR
4111 | chers | L_ADJ_QUALIFICATIF_EPITHETE_POSTN
4117 | - | L_PONCTU_FAIBLE
4119 | pas | L_NC_GEN
4123 | forcément | L_ADV_GENERAL
4133 | les | L_DET_ARTICLE_DEF
4137 | seuls | L_ADJ_QUALIFICATIF_EPITHETE_PRENN
4143 | génériques | L_NC_GEN
4154 | - | L_PONCTU_FAIBLE
4156 | par | L_PREP_GENERAL
4160 | une | L_DET_ARTICLE_INDEF
4164 | augmentation | L_NC_GEN
4177 | du | L_DET_ARTICLE_CONTRACTE
4180 | remboursement | L_NC_GEN
4194 | de | L_PREP_GENERAL
4197 | ceux-ci | L_PRON_DEMONSTRATIF
4205 | à | L_PREP_SUIVIE_DE_SUBS
4207 | savoir | L_NC_GEN
4214 | un | L_DET_ARTICLE_INDEF
4217 | ticket | L_NC_GEN
4224 | modération | L_NC_GEN
4235 | qui | L_PRON_REL_S
4239 | sera | L_VERBE_PRINCIPAL_INDICATIF
4244 | de | L_PREP_GENERAL
4247 | 10 | L_DET_NUMERAL_CARD
4250 | pc | L_NC_U_MESURE
4253 | moins | L_ADV_COMPAR
4259 | élevé | L_ADJ_QUALIFICATIF_EPITHETE_POSTN
4265 | ( | L_PONCTU_PARENTHESE
4266 | cf | L_NC_U_MESURE
4269 | LLB | L_NP_GEN
4273 | du | L_DET_ARTICLE_CONTRACTE
4276 | 18/03 | L_NC_NUM_CARD
4281 | / | L_PONCTU_FAIBLE
4282 | 04 | L_NC_NUM_CARD
4284 | ) | L_PONCTU_PARENTHESE
4285 | . | L_PONCTU_FORTE
4287 | 4 | L_PRON_NUM_CARD
4288 | . | L_PONCTU_FORTE
4290 | Bien-être | L_NC_GEN
4300 | au | L_DET_ARTICLE_CONTRACTE
4303 | travail | L_NC_GEN
4310 | . | L_PONCTU_FORTE
4312 | Le | L_DET_ARTICLE_DEF
4315 | Conseil | L_NC_GEN
4323 | des | L_DET_ARTICLE_CONTRACTE
4327 | ministres | L_NC_GEN
4337 | a | L_VERBE_AUXILIAIRE_INDICATIF
4339 | adopté | L_VERBE_PRINCIPAL_PARTICIPE_PASSE
4346 | le | L_DET_ARTICLE_DEF
4349 | plan | L_NC_GEN
4354 | « | L_PONCTU_MISE_EN_EVIDENCE
4355 | Pharaon | L_NC_GEN
4362 | » | L_PONCTU_MISE_EN_EVIDENCE
4364 | de | L_PREP_SUIVIE_DE_SUBS
4367 | lutte | L_NC_GEN
4373 | contre | L_PREP_GENERAL
4380 | les | L_DET_ARTICLE_DEF
4384 | accidents | L_NC_GEN
4394 | de | L_PREP_SUIVIE_DE_SUBS
4397 | travail | L_NC_GEN
4405 | ainsi qu' | L_CONJ_COORD
4414 | une | L_DET_ARTICLE_INDEF
4418 | simplification | L_NC_GEN
4433 | importante | L_ADJ_QUALIFICATIF_EPITHETE_POSTN
4444 | en | L_PREP_SUIVIE_DE_SUBS
4447 | matière | L_NC_GEN
4455 | d' | L_DET_ARTICLE_INDEF
4457 | obligation | L_NC_GEN
4468 | légale | L_ADJ_QUALIFICATIF_EPITHETE_POSTN
4475 | relative | L_ADJ_QUALIFICATIF_EPITHETE_POSTN
4484 | aux | L_DET_ARTICLE_CONTRACTE
4488 | coordinateurs | L_NC_GEN
4502 | de | L_PREP_SUIVIE_DE_SUBS
4505 | chantiers | L_NC_GEN
4514 | . | L_PONCTU_FORTE
4516 | Pour | L_PREP_GENERAL
4521 | les | L_DET_ARTICLE_DEF
4525 | petits | L_ADJ_QUALIFICATIF_EPITHETE_PRENN
4532 | chantiers | L_NC_GEN
4542 | d' | L_PREP_GENERAL
4544 | une | L_DET_ARTICLE_INDEF
4548 | surface | L_NC_GEN
4556 | totale | L_ADJ_QUALIFICATIF_EPITHETE_POSTN
4563 | inférieure | L_ADJ_QUALIFICATIF_EPITHETE_POSTN
4574 | de | L_PREP_GENERAL
4577 | 500 | L_DET_NUMERAL_CARD
4581 | m2 | L_NC_U_MESURE
4583 | , | L_PONCTU_FAIBLE
4585 | il | L_PRON_PERS_CONJ_S_PREV
4588 | ne | L_ADV_PREMIER_ELEM_NEG
4591 | faudra | L_VERBE_PRINCIPAL_INDICATIF
4598 | plus | L_ADV_DEUXIEME_ELEM_NEG
4603 | de | L_PREP_SUIVIE_DE_SUBS
4606 | coordinateur | L_NC_GEN
4619 | si | L_CONJ_SUBORD
4622 | l' | L_DET_ARTICLE_DEF
4624 | architecte | L_NC_GEN
4635 | chargé | L_ADJ_QUALIFICATIF_EPITHETE_POSTN
4642 | des | L_DET_ARTICLE_INDEF
4646 | travaux | L_NC_GEN
4654 | a | L_VERBE_AUXILIAIRE_INDICATIF
4656 | suivi | L_VERBE_PRINCIPAL_PARTICIPE_PASSE
4662 | une | L_DET_ARTICLE_INDEF
4666 | formation | L_NC_GEN
4676 | spécifique | L_ADJ_QUALIFICATIF_EPITHETE_POSTN
4686 | . | L_PONCTU_FORTE
4688 | Dans | L_PREP_GENERAL
4693 | les | L_DET_ARTICLE_DEF
4697 | cas | L_NC_GEN
4701 | de | L_PREP_SUIVIE_DE_SUBS
4704 | rénovation | L_NC_GEN
4714 | , | L_PONCTU_FAIBLE
4716 | où | L_PRON_REL_CA
4719 | un | L_DET_ARTICLE_INDEF
4722 | architecte | L_NC_GEN
4733 | n' | L_ADV_PREMIER_ELEM_NEG
4735 | est | L_VERBE_COPULE_INDICATIF
4739 | pas | L_ADV_DEUXIEME_ELEM_NEG
4743 | obligatoire | L_ADJ_QUALIFICATIF_ATT_DU_S
4754 | , | L_PONCTU_FAIBLE
4756 | le | L_DET_ARTICLE_DEF
4759 | plafond | L_NC_GEN
4767 | de | L_PREP_GENERAL
4770 | 25.000 | L_DET_NUMERAL_CARD
4777 | € | L_NC_U_MESURE
4779 | est | L_VERBE_COPULE_INDICATIF
4783 | supprimé | L_ADJ_QUALIFICATIF_ATT_DU_S
4791 | . | L_PONCTU_FORTE
4793 | L' | L_DET_ARTICLE_DEF
4795 | entrepreneur | L_NC_GEN
4808 | ne | L_ADV_PREMIER_ELEM_NEG
4811 | devra | L_VERBE_PRINCIPAL_INDICATIF
4817 | pas | L_ADV_VAL_NEG
4821 | utiliser | L_VERBE_PRINCIPAL_INFINITIF
4830 | de | L_PREP_GENERAL
4833 | coordinateur | L_ADJ_QUALIFICATIF_EPITHETE_DETACHEE
4846 | quels | L_DET_INTERROGATIF | L_DET_EXCLAMATIF | L_DET_RELATIF
4852 | que | L_CONJ_SUBORD
4856 | soient | L_VERBE_PRINCIPAL_SUBJONCTIF
4863 | les | L_DET_ARTICLE_DEF
4867 | travaux | L_NC_GEN
4874 | . | L_PONCTU_FORTE
4876 | Pour | L_PREP_GENERAL
4881 | les | L_DET_ARTICLE_DEF
4885 | travaux | L_NC_GEN
4893 | de | L_PREP_SUIVIE_DE_SUBS
4896 | grandes | L_ADJ_QUALIFICATIF_EPITHETE_PRENN
4904 | envergures | L_NC_GEN
4914 | , | L_PONCTU_FAIBLE
4916 | le | L_DET_ARTICLE_DEF
4919 | coordinateur | L_NC_GEN
4932 | reste | L_VERBE_COPULE_SUBJONCTIF
4938 | obligatoire | L_ADJ_QUALIFICATIF_ATT_DU_S
4950 | mais | L_CONJ_COORD
4955 | la | L_DET_ARTICLE_DEF
4958 | procédure | L_NC_GEN
4968 | simplifiée | L_ADJ_QUALIFICATIF_EPITHETE_POSTN
4978 | . | L_PONCTU_FORTE
4980 | 5 | L_PRON_NUM_CARD
4981 | . | L_PONCTU_FORTE
4983 | Sécurité | L_NC_GEN
4992 | routière | L_ADJ_QUALIFICATIF_EPITHETE_POSTN
5000 | . | L_PONCTU_FORTE
5002 | Le | L_DET_ARTICLE_DEF
5005 | Conseil | L_NC_GEN
5013 | a | L_VERBE_AUXILIAIRE_INDICATIF
5015 | procédé | L_VERBE_PRINCIPAL_PARTICIPE_PASSE
5023 | à | L_PREP_GENERAL
5025 | une | L_DET_ARTICLE_INDEF
5029 | évaluation | L_NC_GEN
5040 | de | L_PREP_GENERAL
5043 | la | L_DET_ARTICLE_DEF
5046 | nouvelle | L_ADJ_QUALIFICATIF_EPITHETE_PRENN
5055 | loi | L_NC_GEN
5059 | sur | L_PREP_GENERAL
5063 | la | L_DET_ARTICLE_DEF
5066 | circulation | L_NC_GEN
5078 | routière | L_ADJ_QUALIFICATIF_EPITHETE_POSTN
5086 | . | L_PONCTU_FORTE
5088 | A | L_NC_U_MESURE
5090 | partir | L_VERBE_PRINCIPAL_INFINITIF
5097 | du | L_DET_ARTICLE_CONTRACTE
5100 | 1er | L_ADJ_NUM_ORD_EPITHETE_PRENN
5104 | mars | L_NC_MOIS
5109 | 2004 | L_NC_NUM_CARD
5113 | , | L_PONCTU_FAIBLE
5115 | quelques | L_DET_INDEFINI
5124 | infractions | L_NC_GEN
5136 | graves | L_ADJ_QUALIFICATIF_EPITHETE_POSTN
5143 | du | L_DET_ARTICLE_CONTRACTE
5146 | 1er | L_ADJ_NUM_ORD_EPITHETE_PRENN
5150 | degré | L_NC_GEN
5156 | redeviendront | L_VERBE_COPULE_INDICATIF
5170 | des | L_DET_ARTICLE_INDEF
5174 | infractions | L_NC_GEN
5186 | ordinaires | L_ADJ_QUALIFICATIF_EPITHETE_POSTN
5196 | . | L_PONCTU_FORTE
5198 | Ainsi | L_ADV_GENERAL
5203 | , | L_PONCTU_FAIBLE
5205 | rouler | L_VERBE_PRINCIPAL_INFINITIF
5212 | en | L_PREP_SUIVIE_DE_SUBS
5215 | vélo | L_NC_GEN
5220 | sans | L_PREP_SUIVIE_DE_SUBS
5225 | éclairage | L_NC_GEN
5235 | arrière | L_ADJ_QUALIFICATIF_EPITHETE_POSTN
5243 | ou | L_CONJ_COORD
5246 | avant | L_NC_GEN
5251 | , | L_PONCTU_FAIBLE
5253 | ne | L_ADV_PREMIER_ELEM_NEG
5256 | pas | L_ADV_DEUXIEME_ELEM_NEG
5260 | avoir | L_VERBE_PRINCIPAL_INFINITIF
5266 | à | L_PREP_SUIVIE_DE_SUBS
5268 | bord | L_NC_GEN
5273 | de | L_PREP_GENERAL
5276 | son | L_DET_POSSESSIF
5280 | véhicule | L_NC_GEN
5289 | certains | L_DET_INDEFINI
5298 | documents | L_NC_GEN
5308 | et | L_CONJ_COORD
5311 | certaines | L_DET_INDEFINI
5321 | infractions | L_NC_GEN
5333 | en | L_PREP_SUIVIE_DE_SUBS
5336 | matière | L_NC_GEN
5344 | de | L_PREP_SUIVIE_DE_SUBS
5347 | stationnement | L_NC_GEN
5361 | ne | L_ADV_PREMIER_ELEM_NEG
5364 | seront | L_VERBE_AUXILIAIRE_INDICATIF
5371 | plus | L_ADV_DEUXIEME_ELEM_NEG
5376 | considérées | L_VERBE_PRINCIPAL_PARTICIPE_PASSE
5388 | comme | L_ADV_GENERAL
5394 | des | L_DET_ARTICLE_INDEF
5398 | infractions | L_NC_GEN
5410 | graves | L_ADJ_QUALIFICATIF_EPITHETE_POSTN
5417 | du | L_DET_ARTICLE_CONTRACTE
5420 | 1er | L_ADJ_NUM_ORD_EPITHETE_PRENN
5424 | degré | L_NC_GEN
5430 | et | L_CONJ_COORD
5433 | redeviendront | L_VERBE_PRINCIPAL_INDICATIF
5447 | des | L_DET_ARTICLE_INDEF
5451 | infractions | L_NC_GEN
5463 | ordinaires | L_ADJ_QUALIFICATIF_EPITHETE_POSTN
5473 | . | L_PONCTU_FORTE
5475 | Le | L_DET_ARTICLE_DEF
5478 | Conseil | L_NC_GEN
5486 | a | L_VERBE_PRINCIPAL_INDICATIF
5488 | aussi | L_ADV_POSTV
5494 | décidé | L_ADJ_QUALIFICATIF_ATT_DU_S
5501 | d' | L_PREP_AVEC_GV_INFINITIF
5503 | introduire | L_VERBE_PRINCIPAL_INFINITIF
5514 | des | L_DET_ARTICLE_INDEF
5518 | peines | L_NC_GEN
5525 | alternatives | L_ADJ_QUALIFICATIF_EPITHETE_POSTN
5538 | ( | L_PONCTU_PARENTHESE
5539 | travail | L_NC_GEN
5547 | d' | L_DET_ARTICLE_CONTRACTE
5549 | intérêt | L_NC_GEN
5557 | général | L_ADJ_QUALIFICATIF_EPITHETE_POSTN
5565 | au | L_DET_ARTICLE_CONTRACTE
5568 | bénéfice | L_NC_GEN
5577 | des | L_DET_ARTICLE_CONTRACTE
5581 | communes | L_NC_GEN
5590 | ou | L_CONJ_COORD
5593 | retrait | L_NC_GEN
5601 | du | L_DET_ARTICLE_CONTRACTE
5604 | permis | L_NC_GEN
5611 | de | L_PREP_AVEC_GV_INFINITIF
5614 | conduire | L_VERBE_PRINCIPAL_INFINITIF
5622 | ) | L_PONCTU_PARENTHESE
5624 | pour | L_PREP_AVEC_GV_INFINITIF
5629 | remplacer | L_VERBE_PRINCIPAL_INFINITIF
5639 | la | L_DET_ARTICLE_DEF
5642 | perception | L_NC_GEN
5653 | immédiate | L_ADJ_QUALIFICATIF_EPITHETE_POSTN
5663 | des | L_DET_ARTICLE_INDEF
5667 | amendes | L_NC_GEN
5675 | pour | L_PREP_SUIVIE_DE_SUBS
5680 | infractions | L_NC_GEN
5692 | du | L_DET_ARTICLE_CONTRACTE
5695 | 1er | L_ADJ_NUM_ORD_EPITHETE_PRENN
5699 | et | L_CONJ_COORD
5702 | 2è | L_ADJ_NUM_ORD_EPITHETE_PRENN
5705 | degré | L_NC_GEN
5711 | pour | L_PREP_GENERAL
5716 | les | L_DET_ARTICLE_DEF
5720 | personnes | L_NC_GEN
5730 | à | L_PREP_SUIVIE_DE_SUBS
5732 | faibles | L_ADJ_QUALIFICATIF_EPITHETE_PRENN
5740 | revenus | L_NC_GEN
5747 | . | L_PONCTU_FORTE
5749 | Les | L_DET_ARTICLE_DEF
5753 | zones | L_NC_GEN
5759 | « | L_PONCTU_MISE_EN_EVIDENCE
5760 | 30 | L_ADJ_NUM_CARD_EPITHETE_POSTN
5762 | » | L_PONCTU_MISE_EN_EVIDENCE
5764 | seront | L_VERBE_COPULE_INDICATIF
5771 | généralisées | L_ADJ_QUALIFICATIF_ATT_DU_S
5783 | , | L_PONCTU_FAIBLE
5785 | notamment | L_ADV_GENERAL
5795 | aux | L_DET_ARTICLE_CONTRACTE
5799 | abords | L_NC_GEN
5806 | des | L_DET_ARTICLE_CONTRACTE
5810 | écoles | L_NC_GEN
5816 | . | L_PONCTU_FORTE
5818 | En vue d' | L_PREP_GENERAL
5827 | améliorer | L_VERBE_PRINCIPAL_INFINITIF
5837 | la | L_DET_ARTICLE_DEF
5840 | sécurité | L_NC_GEN
5849 | autour des | L_PREP_GENERAL
5860 | camps | L_NC_GEN
5866 | de | L_PREP_GENERAL
5869 | jeunes | L_NC_GEN
5875 | , | L_PONCTU_FAIBLE
5877 | et | L_CONJ_COORD
5880 | en | L_PREP_SUIVIE_DE_SUBS
5883 | règle | L_NC_GEN
5889 | générale | L_ADJ_QUALIFICATIF_EPITHETE_POSTN
5898 | autour des | L_PREP_GENERAL
5909 | lieux | L_NC_GEN
5915 | où | L_PRON_REL_CA
5918 | il | L_PRON_PERS_CONJ_S_PREV
5921 | y | L_PRON_PERS_CONJ_COI_PREV
5923 | a | L_VERBE_PRINCIPAL_INDICATIF
5925 | des | L_DET_ARTICLE_INDEF
5929 | concentrations | L_NC_GEN
5944 | momentanées | L_ADJ_QUALIFICATIF_EPITHETE_POSTN
5956 | de | L_PREP_SUIVIE_DE_SUBS
5959 | personnes | L_NC_GEN
5968 | , | L_PONCTU_FAIBLE
5970 | le | L_DET_ARTICLE_DEF
5973 | gouvernement | L_NC_GEN
5986 | veut | L_VERBE_PRINCIPAL_INDICATIF
5991 | permettre | L_VERBE_PRINCIPAL_INFINITIF
6001 | aux | L_DET_ARTICLE_CONTRACTE
6005 | autorités | L_NC_GEN
6014 | , | L_PONCTU_FAIBLE
6016 | moyennant | L_PREP_GENERAL
6026 | un | L_DET_ARTICLE_INDEF
6029 | nouveau | L_ADJ_QUALIFICATIF_EPITHETE_PRENN
6037 | panneau | L_NC_GEN
6045 | de | L_PREP_SUIVIE_DE_SUBS
6048 | signalisation | L_NC_GEN
6062 | de | L_PREP_AVEC_GV_INFINITIF
6065 | décider | L_VERBE_PRINCIPAL_INFINITIF
6073 | temporairement | L_ADV_GENERAL
6088 | d' | L_PREP_GENERAL
6090 | une | L_DET_ARTICLE_INDEF
6094 | zone | L_NC_GEN
6099 | 30 | L_NC_NUM_CARD
6102 | ( | L_PONCTU_PARENTHESE
6103 | en | L_PREP_SUIVIE_DE_SUBS
6106 | agglomération | L_NC_GEN
6119 | ) | L_PONCTU_PARENTHESE
6120 | , | L_PONCTU_FAIBLE
6122 | 50 | L_NC_NUM_CARD
6125 | ou | L_CONJ_COORD
6128 | 70 | L_NC_NUM_CARD
6131 | ( | L_PONCTU_PARENTHESE
6132 | hors | L_PREP_SUIVIE_DE_SUBS
6137 | agglomération | L_NC_GEN
6150 | ) | L_PONCTU_PARENTHESE
6151 | . | L_PONCTU_FORTE
6153 | Le | L_DET_ARTICLE_DEF
6156 | gouvernement | L_NC_GEN
6169 | a | L_VERBE_PRINCIPAL_INDICATIF
6171 | aussi | L_ADV_GENERAL
6177 | chargé | L_ADJ_QUALIFICATIF_EPITHETE_DETACHEE
6184 | le | L_DET_ARTICLE_DEF
6187 | ministre | L_NC_GEN
6196 | Anciaux | L_NP_GEN
6204 | de | L_PREP_AVEC_GV_INFINITIF
6207 | développer | L_VERBE_PRINCIPAL_INFINITIF
6218 | un | L_DET_ARTICLE_INDEF
6221 | nouveau | L_ADJ_QUALIFICATIF_EPITHETE_PRENN
6229 | panneau | L_NC_GEN
6237 | signalisation | L_NC_GEN
6251 | interdisant | L_VERBE_PRINCIPAL_PARTICIPE_PRESENT
6263 | temporairement | L_ADV_GENERAL
6278 | ou | L_CONJ_COORD
6281 | à | L_PREP_GENERAL
6283 | des | L_DET_ARTICLE_INDEF
6287 | endroits | L_NC_GEN
6296 | déterminés | L_ADJ_QUALIFICATIF_EPITHETE_POSTN
6307 | l' | L_DET_ARTICLE_DEF
6309 | utilisation | L_NC_GEN
6321 | du | L_DET_ARTICLE_CONTRACTE
6324 | « | L_PONCTU_MISE_EN_EVIDENCE
6325 | cruise | L_NC_INCONNU
6332 | control | L_NC_INCONNU
6339 | » | L_PONCTU_MISE_EN_EVIDENCE
6341 | ( | L_PONCTU_PARENTHESE
6342 | système | L_NC_GEN
6350 | permettant | L_VERBE_PRINCIPAL_PARTICIPE_PRESENT
6361 | de | L_PREP_AVEC_GV_INFINITIF
6364 | rouler | L_VERBE_PRINCIPAL_INFINITIF
6371 | à | L_PREP_GENERAL
6373 | une | L_DET_ARTICLE_INDEF
6377 | vitesse | L_NC_GEN
6385 | donnée | L_ADJ_QUALIFICATIF_EPITHETE_POSTN
6392 | sans | L_PREP_AVEC_GV_INFINITIF
6397 | devoir | L_VERBE_PRINCIPAL_INFINITIF
6404 | toucher | L_VERBE_PRINCIPAL_INFINITIF
6412 | à | L_PREP_GENERAL
6414 | l' | L_DET_ARTICLE_DEF
6416 | accélérateur | L_NC_GEN
6429 | ou | L_CONJ_COORD
6432 | au | L_DET_ARTICLE_CONTRACTE
6435 | frein | L_NC_GEN
6440 | ) | L_PONCTU_PARENTHESE
6441 | . | L_PONCTU_FORTE
6443 | Une | L_DET_ARTICLE_INDEF
6447 | enquête | L_NC_GEN
6455 | d | L_NC_GEN
6456 | ' | L_PONCTU_MISE_EN_EVIDENCE
6457 | « | L_PONCTU_MISE_EN_EVIDENCE
6458 | accidentologie | L_NC_GEN
6472 | » | L_PONCTU_MISE_EN_EVIDENCE
6474 | sera | L_VERBE_COPULE_INDICATIF
6479 | également | L_ADV_MODIF_ADV_OU_ADJ
6489 | menée | L_ADJ_QUALIFICATIF_ATT_DU_S
6495 | sur | L_PREP_GENERAL
6499 | l' | L_DET_ARTICLE_DEF
6501 | utilisation | L_NC_GEN
6513 | de | L_PREP_GENERAL
6516 | cet | L_DET_DEMONSTRATIF
6520 | instrument | L_NC_GEN
6530 | . | L_PONCTU_FORTE
6532 | Enfin | L_ADV_GENERAL
6537 | , | L_PONCTU_FAIBLE
6539 | pour | L_PREP_GENERAL
6544 | les | L_DET_ARTICLE_DEF
6548 | motards | L_NC_GEN
6555 | , | L_PONCTU_FAIBLE
6557 | le | L_DET_ARTICLE_DEF
6560 | Conseil | L_NC_GEN
6568 | a | L_VERBE_AUXILIAIRE_INDICATIF
6570 | décidé | L_VERBE_PRINCIPAL_PARTICIPE_PASSE
6577 | qu' | L_CONJ_SUBORD
6580 | ils | L_PRON_PERS_CONJ_S_PREV
6584 | pourront | L_VERBE_PRINCIPAL_INDICATIF
6593 | utiliser | L_VERBE_PRINCIPAL_INFINITIF
6602 | toute | L_DET_INDEFINI
6608 | la | L_DET_ARTICLE_DEF
6611 | bande | L_NC_GEN
6617 | de | L_PREP_SUIVIE_DE_SUBS
6620 | circulation | L_NC_GEN
6632 | et | L_CONJ_COORD
6635 | donc | L_ADV_GENERAL
6640 | aussi | L_ADV_GENERAL
6646 | rouler | L_VERBE_PRINCIPAL_INFINITIF
6653 | à | L_PREP_SUIVIE_DE_SUBS
6655 | gauche | L_NC_GEN
6662 | de | L_PREP_GENERAL
6665 | la | L_DET_ARTICLE_DEF
6668 | bande | L_NC_GEN
6674 | afin | L_NC_INCONNU
6679 | d' | L_PREP_AVEC_GV_INFINITIF
6681 | assurer | L_VERBE_PRINCIPAL_INFINITIF
6689 | leur | L_DET_POSSESSIF
6694 | sécurité | L_NC_GEN
6702 | . | L_PONCTU_FORTE
6704 | 6 | L_PRON_NUM_CARD
6705 | . | L_PONCTU_FORTE
6707 | Pensions | L_NC_GEN
6715 | , | L_PONCTU_FAIBLE
6717 | familles | L_NC_GEN
6725 | , | L_PONCTU_FAIBLE
6727 | allocations | L_NC_GEN
6738 | . | L_PONCTU_FORTE
6740 | © | L_PONCTU_FAIBLE
6742 | La | L_DET_ARTICLE_DEF
6745 | Libre | L_ADJ_QUALIFICATIF_EPITHETE_PRENN
6751 | Belgique | L_NP_GEN
6760 | 2004 | L_ADJ_NUM_CARD_EPITHETE_POSTN
