@Hours=(
1h00,2h00,3h00,4h00,5h00,6h00,7h00,8h00,9h00,10h00,
1h15,2h15,3h15,4h15,5h15,6h15,7h15,8h15,9h15,10h15,
1h30,2h30,3h30,4h30,5h30,6h30,7h30,8h30,9h30,10h30,
1h45,2h45,3h45,4h45,5h45,6h45,7h45,8h45,9h45,10h45,
01h00,02h00,03h00,04h00,05h00,06h00,07h00,08h00,09h00,
01h15,02h15,03h15,04h15,05h15,06h15,07h15,08h15,09h15,
01h30,02h30,03h30,04h30,05h30,06h30,07h30,08h30,09h30,
01h45,02h45,03h45,04h45,05h45,06h45,07h45,08h45,09h45,
11h00,12h00,13h00,14h00,15h00,16h00,17h00,18h00,19h00,
11h15,12h15,13h15,14h15,15h15,16h15,17h15,18h15,19h15,
11h30,12h30,13h30,14h30,15h30,16h30,17h30,18h30,19h30,
11h45,12h45,13h45,14h45,15h45,16h45,17h45,18h45,19h45,
20h00,21h00,22h00,23h00,24h00,
20h15,21h15,22h15,23h15,24h15,
20h30,21h30,22h30,23h30,24h30,
20h45,21h45,22h45,23h45,24h45,
1h,2h,3h,4h,5h,6h,7h,8h,9h,10h,
11h,12h,13h,14h,15h,16h,17h,18h,19h,
20h,21h,22h,23h,24h
)
