@timezone=(
ACT,
AFT,
AKST,
ALMT,
AMT,
ANAT,
AQTT,
ART,
AST,
AZOT,
AZT,
BDT,
BNT,
BOT,
BRT,
BTT,
CAT,
CCT,
CET,
CHAST,
CHOT,
ChST,
CIT,
CKT,
CLT,
COT,
CST,
CVT,
CXT,
DAVT,
DDUT,
EAST,
EAT,
ECT,
EET,
EGT,
EIT,
EST,
FJT,
FKT,
FNT,
GALT,
GAMT,
GET,
GFT,
GILT,
GMT,
GST,
GYT,
HAST,
HKT,
HOVT,
HST,
ICT,
IOT,
IRKT,
IRT,
IST,
JST,
KGT,
KOST,
KRAT,
KST,
LHST,
LINT,
LKT,
MAGT,
MART,
MAWT,
MHT,
MMT,
MSK,
MST,
MUT,
MVT,
MYT,
NCT,
NFT,
NOVT,
NPT,
NRT,
NST,
NUT,
NZST,
OMST,
PET,
PETT,
PGT,
PHOT,
PHT,
PKT,
PMST,
PONT,
PST,
PWT,
PYT,
RET,
SAKT,
SAMT,
SAST,
SBT,
SCT,
SGT,
SRT,
SST,
STD,
SYOT,
TAHT,
TFT,
TJT,
TKT,
TMT,
TOT,
TPT,
TRUT,
TVT,
ULAT,
UYT,
UZT,
VET,
VLAT,
VOST,
VUT,
WAKT,
WAT,
WET,
WFT,
WGT,
WIT,
WST,
YAKT,
YAPT,
YEKT
)
