@AnnonceurLieu=(
abbaye,
agglomération,
allée,
archipel,
avenue,
basilique,
boulevard,
bourg,
bourgade,
butte,
canal,
Canal,
cap,
cathédrale,
chapelle,
chemin,
citadelle,
cité,
cour,
cours,
centre,
désert,
église,
fontaine
forum,
galerie,
gare,
garnison,
golfe,
hameau,
île,
impasse,
jardin,
lac,
marché,
mer,
Mer,
monastère,
mont,
mosquée,
océan,
palais,
parc,
passage,
place,
Place,
planète,
pont,
porte,
préfecture,
puy,
quai,
région,
rue,
sentier,
square,
stade,
synagogue,
temple,
tour,
villa,
ville,
village,
clinique,
hôpital,
maternité,
métropole,
mégapole,
polyclinique,
athénée,
collège,
école,
lycée,
université,
tunnel,
théâtre,
sanctuaire
)
