1117632141 INFO TimeInfo : TIME LinguisticDataInit: 339790 ms
1117632142 DEBUG LP::Automaton : read recognizer from file : /home/gael/Projets/Lima/dist-pp_add_and_external_lists_remove/resources/LinguisticProcessings/fre/idiomaticExpressions-fre.rules
1117632143 INFO TimeInfo : TIME LPCoreClientInit: 1102842 ms
1117632143 INFO TimeInfo : TIME ReadInputFile: 611 ms
1117632143 INFO TimeInfo : TIME PrepareAnalysis: 265 ms
1117632143 INFO TimeInfo : TIME Tokenizer: 15858 ms
1117632143 INFO TimeInfo : TIME SimpleWord: 15375 ms
1117632143 INFO TimeInfo : TIME OrthographicAlternatives: 1724 ms
1117632143 INFO TimeInfo : TIME Tokenizer: 116 ms
1117632143 INFO TimeInfo : TIME Tokenizer: 73 ms
1117632143 INFO TimeInfo : TIME HyphenWordAlternatives: 181 ms
1117632143 INFO TimeInfo : TIME IdiomaticAlternatives: 6501 ms
1117632143 INFO TimeInfo : TIME DefaultProperties: 1718 ms
1117632143 INFO TimeInfo : TIME DisambiguationLogger: 34083 ms
1117632143 INFO TimeInfo : TIME SentenceBoundsFinder: 1063 ms
1117632143 INFO TimeInfo : TIME BowDumper: 16839 ms
1117632143 INFO TimeInfo : TIME ReadInputFile: 909 ms
1117632143 INFO TimeInfo : TIME PrepareAnalysis: 59 ms
1117632143 INFO TimeInfo : TIME Tokenizer: 38632 ms
1117632143 INFO TimeInfo : TIME SimpleWord: 53824 ms
1117632143 INFO TimeInfo : TIME OrthographicAlternatives: 6696 ms
1117632143 INFO TimeInfo : TIME Tokenizer: 97 ms
1117632143 INFO TimeInfo : TIME HyphenWordAlternatives: 359 ms
1117632143 INFO TimeInfo : TIME IdiomaticAlternatives: 20482 ms
1117632143 INFO TimeInfo : TIME DefaultProperties: 3533 ms
1117632143 INFO TimeInfo : TIME DisambiguationLogger: 52689 ms
1117632143 INFO TimeInfo : TIME SentenceBoundsFinder: 2749 ms
1117632143 INFO TimeInfo : TIME BowDumper: 11577 ms
1117632143 INFO TimeInfo : TIME ReadInputFile: 1301 ms
1117632143 INFO TimeInfo : TIME PrepareAnalysis: 87 ms
1117632143 INFO TimeInfo : TIME Tokenizer: 24649 ms
1117632143 INFO TimeInfo : TIME SimpleWord: 38228 ms
1117632143 INFO TimeInfo : TIME OrthographicAlternatives: 4873 ms
1117632143 INFO TimeInfo : TIME Tokenizer: 97 ms
1117632143 INFO TimeInfo : TIME Tokenizer: 50 ms
1117632143 INFO TimeInfo : TIME HyphenWordAlternatives: 231 ms
1117632143 INFO TimeInfo : TIME IdiomaticAlternatives: 12396 ms
1117632143 INFO TimeInfo : TIME DefaultProperties: 6353 ms
1117632143 INFO TimeInfo : TIME DisambiguationLogger: 37753 ms
1117632143 INFO TimeInfo : TIME SentenceBoundsFinder: 2241 ms
1117632143 INFO TimeInfo : TIME BowDumper: 11869 ms
1117632143 INFO TimeInfo : TIME Total: 1938845 ms
