@AnnonceurOrgUnsafe=(
Académie,
Agence,
Armée,
Assemblée,
Assemblee,
Association,
Auberge,
Banque,
Bourse,
Centre,
Cirque,
Comité,
Comite,
Compagnie,
Commission,
Congrégation,
Congrès,
Conseil,
Coopérative,
Département,
Departement
Direction,
École,
Équipe,
Equipe,
Escadron,
Établissement,
Fédération,
Federation,
Fondation,
Gendarmerie,
Gouvernement,
Groupement,
Hôtel,
Institut,
Journal,
Légion,
Librairie,
Ministère,
Musée,
Observatoire,
Orchestre,
Organisation,
Parlement,
Radio,
Rassemblement,
Secrétariat,
Service,
Société,
Théâtre,
Tribunal,
Syndicat,
Union,
Groupe,
Filiale
)
