@Institution=(
Conseil constitutionnel,
Sénat,
Assemblée nationale,
Assemblée Nationale,
Ministère de la justice,
Ministère de l'économie et des finances,
Ministère des affaires étrangères,
Ministère de l'éducation nationale,
Ministère de l'enseignement supérieur et de la recherche,
Haute Autorité pour la diffusion des œuvres et la protection des droits sur internet,
HADOPI,
Conseil national du numérique,
Commission nationale de l'informatique et des libertés,
CNIL,
Commission permanente de contrôle des sociétés de perception et de répartition des droits,
Conseil d’État,
Cour de cassation,
Cour d'appel de Paris,
Parlement européen,
Conseil européen,
Commission européenne,
Cour de justice de l’Union européenne,
Banque centrale européenne,
Cour des comptes,
Communauté européenne,
Communauté économique européenne
)
