1117632145 INFO TimeInfo : TIME LinguisticDataInit: 48074 ms
1117632145 DEBUG LP::Automaton : read recognizer from file : /home/gael/Projets/Lima/dist-pp_add_and_external_lists_remove/resources/LinguisticProcessings/fre/idiomaticExpressions-fre.rules
1117632145 INFO TimeInfo : TIME LPCoreClientInit: 550019 ms
1117632145 INFO TimeInfo : TIME ReadInputFile: 504 ms
1117632145 INFO TimeInfo : TIME PrepareAnalysis: 221 ms
1117632145 INFO TimeInfo : TIME Tokenizer: 6607 ms
1117632145 INFO TimeInfo : TIME SimpleWord: 10545 ms
1117632145 INFO TimeInfo : TIME OrthographicAlternatives: 1647 ms
1117632145 INFO TimeInfo : TIME Tokenizer: 85 ms
1117632145 INFO TimeInfo : TIME Tokenizer: 43 ms
1117632145 INFO TimeInfo : TIME HyphenWordAlternatives: 109 ms
1117632145 INFO TimeInfo : TIME IdiomaticAlternatives: 4041 ms
1117632145 INFO TimeInfo : TIME DefaultProperties: 1039 ms
1117632145 INFO TimeInfo : TIME MinCostPosTagger: 15230 ms
1117632145 INFO TimeInfo : TIME DisambiguationLogger: 8502 ms
1117632145 INFO TimeInfo : TIME SentenceBoundsFinder: 1787 ms
1117632145 INFO TimeInfo : TIME BowDumper: 8381 ms
1117632145 INFO TimeInfo : TIME ReadInputFile: 3947 ms
1117632145 INFO TimeInfo : TIME PrepareAnalysis: 83 ms
1117632145 INFO TimeInfo : TIME Tokenizer: 25937 ms
1117632145 INFO TimeInfo : TIME SimpleWord: 34875 ms
1117632145 INFO TimeInfo : TIME OrthographicAlternatives: 4060 ms
1117632145 INFO TimeInfo : TIME Tokenizer: 74 ms
1117632145 INFO TimeInfo : TIME HyphenWordAlternatives: 211 ms
1117632145 INFO TimeInfo : TIME IdiomaticAlternatives: 12090 ms
1117632145 INFO TimeInfo : TIME DefaultProperties: 2505 ms
1117632146 INFO TimeInfo : TIME MinCostPosTagger: 49630 ms
1117632146 INFO TimeInfo : TIME DisambiguationLogger: 26611 ms
1117632146 INFO TimeInfo : TIME SentenceBoundsFinder: 2368 ms
1117632146 INFO TimeInfo : TIME BowDumper: 19081 ms
1117632146 INFO TimeInfo : TIME ReadInputFile: 5048 ms
1117632146 INFO TimeInfo : TIME PrepareAnalysis: 93 ms
1117632146 INFO TimeInfo : TIME Tokenizer: 15386 ms
1117632146 INFO TimeInfo : TIME SimpleWord: 25553 ms
1117632146 INFO TimeInfo : TIME OrthographicAlternatives: 2979 ms
1117632146 INFO TimeInfo : TIME Tokenizer: 79 ms
1117632146 INFO TimeInfo : TIME Tokenizer: 36 ms
1117632146 INFO TimeInfo : TIME HyphenWordAlternatives: 168 ms
1117632146 INFO TimeInfo : TIME IdiomaticAlternatives: 8986 ms
1117632146 INFO TimeInfo : TIME DefaultProperties: 4294 ms
1117632146 INFO TimeInfo : TIME MinCostPosTagger: 44019 ms
1117632146 INFO TimeInfo : TIME DisambiguationLogger: 22676 ms
1117632146 INFO TimeInfo : TIME SentenceBoundsFinder: 1854 ms
1117632146 INFO TimeInfo : TIME BowDumper: 20296 ms
1117632146 INFO TimeInfo : TIME Total: 1027854 ms
