1117632143 INFO TimeInfo : TIME LinguisticDataInit: 60197 ms
1117632144 DEBUG LP::Automaton : read recognizer from file : /home/gael/Projets/Lima/dist-pp_add_and_external_lists_remove/resources/LinguisticProcessings/fre/idiomaticExpressions-fre.rules
1117632144 INFO TimeInfo : TIME LPCoreClientInit: 683472 ms
1117632144 INFO TimeInfo : TIME ReadInputFile: 419 ms
1117632144 INFO TimeInfo : TIME PrepareAnalysis: 238 ms
1117632144 INFO TimeInfo : TIME Tokenizer: 6242 ms
1117632144 INFO TimeInfo : TIME SimpleWord: 9747 ms
1117632144 INFO TimeInfo : TIME OrthographicAlternatives: 1239 ms
1117632144 INFO TimeInfo : TIME Tokenizer: 116 ms
1117632144 INFO TimeInfo : TIME Tokenizer: 45 ms
1117632144 INFO TimeInfo : TIME HyphenWordAlternatives: 116 ms
1117632144 INFO TimeInfo : TIME IdiomaticAlternatives: 3966 ms
1117632144 INFO TimeInfo : TIME DefaultProperties: 1280 ms
1117632144 INFO TimeInfo : TIME MinCostPosTagger: 15142 ms
1117632144 INFO TimeInfo : TIME DisambiguationLogger: 8125 ms
1117632144 INFO TimeInfo : TIME SentenceBoundsFinder: 719 ms
1117632144 INFO TimeInfo : TIME BowDumper: 7157 ms
1117632144 INFO TimeInfo : TIME ReadInputFile: 931 ms
1117632144 INFO TimeInfo : TIME PrepareAnalysis: 55 ms
1117632144 INFO TimeInfo : TIME Tokenizer: 17898 ms
1117632144 INFO TimeInfo : TIME SimpleWord: 32782 ms
1117632144 INFO TimeInfo : TIME OrthographicAlternatives: 3925 ms
1117632144 INFO TimeInfo : TIME Tokenizer: 76 ms
1117632144 INFO TimeInfo : TIME HyphenWordAlternatives: 215 ms
1117632144 INFO TimeInfo : TIME IdiomaticAlternatives: 12129 ms
1117632144 INFO TimeInfo : TIME DefaultProperties: 2371 ms
1117632144 INFO TimeInfo : TIME MinCostPosTagger: 54565 ms
1117632144 INFO TimeInfo : TIME DisambiguationLogger: 27067 ms
1117632144 INFO TimeInfo : TIME SentenceBoundsFinder: 2258 ms
1117632144 INFO TimeInfo : TIME BowDumper: 18984 ms
1117632144 INFO TimeInfo : TIME ReadInputFile: 5334 ms
1117632144 INFO TimeInfo : TIME PrepareAnalysis: 82 ms
1117632144 INFO TimeInfo : TIME Tokenizer: 20940 ms
1117632144 INFO TimeInfo : TIME SimpleWord: 25552 ms
1117632144 INFO TimeInfo : TIME OrthographicAlternatives: 4205 ms
1117632144 INFO TimeInfo : TIME Tokenizer: 81 ms
1117632144 INFO TimeInfo : TIME Tokenizer: 37 ms
1117632144 INFO TimeInfo : TIME HyphenWordAlternatives: 177 ms
1117632144 INFO TimeInfo : TIME IdiomaticAlternatives: 8875 ms
1117632144 INFO TimeInfo : TIME DefaultProperties: 4852 ms
1117632144 INFO TimeInfo : TIME MinCostPosTagger: 44903 ms
1117632144 INFO TimeInfo : TIME DisambiguationLogger: 22577 ms
1117632144 INFO TimeInfo : TIME SentenceBoundsFinder: 1618 ms
1117632145 INFO TimeInfo : TIME BowDumper: 17004 ms
1117632145 INFO TimeInfo : TIME Total: 1178965 ms
