@FunctionTitle=(
abbé,
adjudant,
adjudant-chef,
amiral,
archevêque,
archidiacre,
archiduc,
archiduchesse,
aspirant,
ayatollah,
baron,
baronne,
bey,
brigadier,
capitaine,
caporal,
cardinal,
chancelier,
chevalier,
colonel,
commandant,
commissaire,
comte,
comtesse,
dame,
député,
diacre,
docteur,
douairière,
doyen,
doyenne,
duc,
duchesse,
émir,
empereur,
évêque,
frère,
général,
hadj,
imam,
impératrice,
inspecteur,
inspectrice,
khan,
lady,
lieutenant,
lieutenant-colonel,
lord,
madame,
mademoiselle,
maître,
majesté,
major,
maréchal,
marquis,
marquise,
mère,
ministre,
monseigneur,
monsieur,
pacha,
pape,
père,
pope,
préfet,
président,
présidente,
prince,
princesse,
professeur,
rabbi,
rabbin,
recteur,
reine,
roi,
saint,
sainte,
san,
santa,
sao,
sénateur,
sergent,
shah,
sid,
sidi,
sieur,
sir,
sire,
s½ur,
soeur,
sultan,
tsar,
tsarine,
vicaire,
vicomte,
vicomtesse
)
